<?xml version="1.0" encoding="utf-8"?><testsuites name="pytest tests"><testsuite name="pytest" errors="0" failures="1" skipped="0" tests="30" time="26.419" timestamp="2026-02-12T14:05:00.233183+01:00" hostname="SteffenXpert"><testcase classname="tests.unit.test_tokens.TestSessionID" name="test_sessionid_labeled" time="1.339" /><testcase classname="tests.unit.test_tokens.TestSessionID" name="test_session_token_labeled" time="0.869" /><testcase classname="tests.unit.test_tokens.TestSessionID" name="test_session_id_labeled" time="0.789" /><testcase classname="tests.unit.test_tokens.TestSessionID" name="test_sid_labeled" time="0.792" /><testcase classname="tests.unit.test_tokens.TestAccessToken" name="test_access_token_labeled" time="0.812" /><testcase classname="tests.unit.test_tokens.TestAccessToken" name="test_bearer_token" time="0.796" /><testcase classname="tests.unit.test_tokens.TestAccessToken" name="test_token_labeled" time="1.052" /><testcase classname="tests.unit.test_tokens.TestRefreshToken" name="test_refresh_token_labeled" time="0.796" /><testcase classname="tests.unit.test_tokens.TestRefreshToken" name="test_refreshtoken_alt_format" time="0.797" /><testcase classname="tests.unit.test_tokens.TestAccessCode" name="test_access_code_format" time="0.788" /><testcase classname="tests.unit.test_tokens.TestAccessCode" name="test_auth_code_format" time="0.776" /><testcase classname="tests.unit.test_tokens.TestAccessCode" name="test_code_format" time="1.028" /><testcase classname="tests.unit.test_tokens.TestAccessCode" name="test_pin_code_format" time="0.771" /><testcase classname="tests.unit.test_tokens.TestOTPCode" name="test_otp_code_format" time="0.775" /><testcase classname="tests.unit.test_tokens.TestOTPCode" name="test_one_time_password_format" time="0.780"><failure message="AssertionError: assert '&lt;OTP_CODE&gt;' in 'one_time_&lt;PASSWORD&gt;'">self = &lt;unit.test_tokens.TestOTPCode object at 0x0000024B8840B390&gt;
filter_instance = &lt;pii_filter.pii_filter.PIIFilter object at 0x0000024B8C066550&gt;

    def test_one_time_password_format(self, filter_instance):
        """Test one-time password format."""
        text = "one_time_password=987654"
        result = filter_instance.anonymize_text(text)
&gt;       assert "&lt;OTP_CODE&gt;" in result
E       AssertionError: assert '&lt;OTP_CODE&gt;' in 'one_time_&lt;PASSWORD&gt;'

tests\unit\test_tokens.py:123: AssertionError</failure></testcase><testcase classname="tests.unit.test_tokens.TestOTPCode" name="test_2fa_code_format" time="0.798" /><testcase classname="tests.unit.test_tokens.TestOTPCode" name="test_two_factor_code_format" time="1.031" /><testcase classname="tests.unit.test_tokens.TestOTPCode" name="test_verification_code_format" time="0.792" /><testcase classname="tests.unit.test_tokens.TestOTPCode" name="test_mfa_code_format" time="0.796" /><testcase classname="tests.unit.test_tokens.TestMultipleTokens" name="test_multiple_different_tokens" time="0.798" /><testcase classname="tests.unit.test_tokens.TestMultipleTokens" name="test_session_and_access_tokens" time="0.798" /><testcase classname="tests.unit.test_tokens.TestTokenContextAndFormat" name="test_token_with_spaces" time="1.027" /><testcase classname="tests.unit.test_tokens.TestTokenContextAndFormat" name="test_token_case_insensitive" time="0.784" /><testcase classname="tests.unit.test_tokens.TestTokenContextAndFormat" name="test_token_in_json" time="0.795" /><testcase classname="tests.unit.test_tokens.TestTokenContextAndFormat" name="test_token_in_url_query" time="0.794" /><testcase classname="tests.unit.test_tokens.TestTokenContextAndFormat" name="test_otp_with_hyphens" time="0.790" /><testcase classname="tests.unit.test_tokens.TestTokenFalsePositives" name="test_generic_code_not_flagged_without_label" time="1.011" /><testcase classname="tests.unit.test_tokens.TestTokenFalsePositives" name="test_pin_in_normal_context" time="0.771" /><testcase classname="tests.unit.test_tokens.TestTokenFalsePositives" name="test_session_in_document" time="0.789" /><testcase classname="tests.unit.test_tokens.TestTokenFalsePositives" name="test_bearer_in_normal_text" time="0.773" /></testsuite></testsuites>