<?xml version="1.0" encoding="utf-8"?><testsuites name="pytest tests"><testsuite name="pytest" errors="0" failures="0" skipped="0" tests="39" time="5.438" timestamp="2026-02-16T23:29:15.539582+01:00" hostname="LAPTOP-4UQ2EECE"><testcase classname="tests.unit.test_person_logic" name="test_intro_multilingual_produces_person[My name is John Doe]" time="2.692" /><testcase classname="tests.unit.test_person_logic" name="test_intro_multilingual_produces_person[Mein Name ist Hans M\xfcller]" time="0.016" /><testcase classname="tests.unit.test_person_logic" name="test_intro_multilingual_produces_person[Je m\u2019appelle Pierre Dupont]" time="0.015" /><testcase classname="tests.unit.test_person_logic" name="test_intro_multilingual_produces_person[Me llamo Juan P\xe9rez]" time="0.012" /><testcase classname="tests.unit.test_person_logic" name="test_intro_multilingual_produces_person[Mi chiamo Mario Rossi]" time="0.013" /><testcase classname="tests.unit.test_person_logic" name="test_intro_multilingual_produces_person[Meu nome \xe9 Ana Silva]" time="0.013" /><testcase classname="tests.unit.test_person_logic" name="test_intro_multilingual_produces_person[Ik heet Jan Jansen]" time="0.021" /><testcase classname="tests.unit.test_person_logic" name="test_intro_multilingual_produces_person[Jag heter Sara Lind]" time="0.024" /><testcase classname="tests.unit.test_person_logic" name="test_intro_multilingual_produces_person[Jeg hedder Lars Jensen]" time="0.020" /><testcase classname="tests.unit.test_person_logic" name="test_intro_multilingual_produces_person[Minun nimeni on Matti Meik\xe4l\xe4inen]" time="0.013" /><testcase classname="tests.unit.test_person_logic" name="test_intro_multilingual_produces_person[Nazywam si\u0119 Jan Kowalski]" time="0.011" /><testcase classname="tests.unit.test_person_logic" name="test_intro_multilingual_produces_person[Jmenuji se Karel Nov\xe1k]" time="0.017" /><testcase classname="tests.unit.test_person_logic" name="test_intro_multilingual_produces_person[Vol\xe1m sa Peter Horv\xe1th]" time="0.016" /><testcase classname="tests.unit.test_person_logic" name="test_intro_multilingual_produces_person[A nevem L\xe1szl\xf3 Kov\xe1cs]" time="0.008" /><testcase classname="tests.unit.test_person_logic" name="test_intro_multilingual_produces_person[M\u0103 numesc Andrei Popescu]" time="0.014" /><testcase classname="tests.unit.test_person_logic" name="test_intro_multilingual_produces_person[\u039c\u03b5 \u03bb\u03ad\u03bd\u03b5 \u0393\u03b9\u03ce\u03c1\u03b3\u03bf \u03a0\u03b1\u03c0\u03b1\u03b4\u03cc\u03c0\u03bf\u03c5\u03bb\u03bf]" time="0.011" /><testcase classname="tests.unit.test_person_logic" name="test_intro_multilingual_produces_person[Benim ad\u0131m Ahmet Y\u0131lmaz]" time="0.012" /><testcase classname="tests.unit.test_person_logic" name="test_intro_multilingual_produces_person[\u0627\u0633\u0645\u064a \u0623\u062d\u0645\u062f \u0645\u062d\u0645\u062f]" time="0.009" /><testcase classname="tests.unit.test_person_logic" name="test_intro_multilingual_produces_person[\u041c\u0435\u043d\u044f \u0437\u043e\u0432\u0443\u0442 \u0418\u0432\u0430\u043d \u041f\u0435\u0442\u0440\u043e\u0432]" time="0.015" /><testcase classname="tests.unit.test_person_logic" name="test_intro_trimming_keeps_prefix_and_replaces_name_only[My name is John Doe-My name is ]" time="0.016" /><testcase classname="tests.unit.test_person_logic" name="test_intro_trimming_keeps_prefix_and_replaces_name_only[Je m\u2019appelle Marie Curie-Je m\u2019appelle ]" time="0.012" /><testcase classname="tests.unit.test_person_logic" name="test_intro_trimming_keeps_prefix_and_replaces_name_only[Benim ad\u0131m Cem Y\u0131lmaz-Benim ad\u0131m ]" time="0.009" /><testcase classname="tests.unit.test_person_logic" name="test_intro_trimming_keeps_prefix_and_replaces_name_only[\u0627\u0633\u0645\u064a \u0645\u062d\u0645\u062f \u0623\u062d\u0645\u062f-\u0627\u0633\u0645\u064a ]" time="0.009" /><testcase classname="tests.unit.test_person_logic" name="test_person_not_triggered_by_street_words[via Roma]" time="0.030" /><testcase classname="tests.unit.test_person_logic" name="test_person_not_triggered_by_street_words[rue de Rivoli]" time="0.018" /><testcase classname="tests.unit.test_person_logic" name="test_person_not_triggered_by_street_words[calle Mayor]" time="0.017" /><testcase classname="tests.unit.test_person_logic" name="test_person_not_triggered_by_street_words[stra\xdfe der Nationen]" time="0.012" /><testcase classname="tests.unit.test_person_logic" name="test_person_not_triggered_by_pronouns[I and you and we]" time="0.012" /><testcase classname="tests.unit.test_person_logic" name="test_person_not_triggered_by_pronouns[yo y t\xfa y nosotros]" time="0.010" /><testcase classname="tests.unit.test_person_logic" name="test_person_not_triggered_by_pronouns[je et tu et nous]" time="0.015" /><testcase classname="tests.unit.test_person_logic" name="test_person_not_triggered_by_pronouns[ich und du und wir]" time="0.011" /><testcase classname="tests.unit.test_person_logic" name="test_address_dropped_when_overlapping_with_person[Je m'appelle Rue Victor]" time="0.015" /><testcase classname="tests.unit.test_person_logic" name="test_address_dropped_when_overlapping_with_person[Mi chiamo Via Roma]" time="0.015" /><testcase classname="tests.unit.test_person_logic" name="test_person_with_email_nearby_is_still_person" time="0.123" /><testcase classname="tests.unit.test_person_logic" name="test_intro_lowercase_single_token_allowed[my name is john]" time="0.013" /><testcase classname="tests.unit.test_person_logic" name="test_intro_lowercase_single_token_allowed[je m\u2019appelle jean]" time="0.013" /><testcase classname="tests.unit.test_person_logic" name="test_no_false_person_without_intro_and_no_name_like_span[Policy name field is required]" time="0.015" /><testcase classname="tests.unit.test_person_logic" name="test_no_false_person_without_intro_and_no_name_like_span[The address label is missing]" time="0.013" /><testcase classname="tests.unit.test_person_logic" name="test_no_false_person_without_intro_and_no_name_like_span[Numero di telefono]" time="0.010" /></testsuite></testsuites>