<?xml version="1.0" encoding="utf-8"?><testsuites name="pytest tests"><testsuite name="pytest" errors="0" failures="1" skipped="0" tests="597" time="1051.334" timestamp="2026-02-16T18:18:21.435527+01:00" hostname="LAPTOP-4UQ2EECE"><testcase classname="tests.unit.test_entity_coverage" name="test_entity_coverage[PERSON-My name is John Doe-&lt;PERSON&gt;]" time="2.479" /><testcase classname="tests.unit.test_entity_coverage" name="test_entity_coverage[PERSON-Ich hei\xdfe Hans M\xfcller-&lt;PERSON&gt;]" time="2.148" /><testcase classname="tests.unit.test_entity_coverage" name="test_entity_coverage[PERSON-Je m'appelle Marie Dupont-&lt;PERSON&gt;]" time="1.739" /><testcase classname="tests.unit.test_entity_coverage" name="test_entity_coverage[PERSON-Me llamo Carlos Garc\xeda-&lt;PERSON&gt;]" time="1.662" /><testcase classname="tests.unit.test_entity_coverage" name="test_entity_coverage[PERSON-\u0627\u0633\u0645\u064a \u0623\u062d\u0645\u062f \u0645\u062d\u0645\u062f-&lt;PERSON&gt;]" time="1.806" /><testcase classname="tests.unit.test_entity_coverage" name="test_entity_coverage[PERSON-Benim ad\u0131m Ahmet Y\u0131lmaz-&lt;PERSON&gt;]" time="1.613" /><testcase classname="tests.unit.test_entity_coverage" name="test_entity_coverage[EMAIL_ADDRESS-My email is john@example.com-&lt;EMAIL_ADDRESS&gt;]" time="2.093" /><testcase classname="tests.unit.test_entity_coverage" name="test_entity_coverage[EMAIL_ADDRESS-Email: hans@test.de-&lt;EMAIL_ADDRESS&gt;]" time="1.843" /><testcase classname="tests.unit.test_entity_coverage" name="test_entity_coverage[EMAIL_ADDRESS-Correo: marie@gmail.com-&lt;EMAIL_ADDRESS&gt;]" time="1.655" /><testcase classname="tests.unit.test_entity_coverage" name="test_entity_coverage[EMAIL_ADDRESS-\u0628\u0631\u064a\u062f\u064a ahmed@example.com-&lt;EMAIL_ADDRESS&gt;]" time="1.979" /><testcase classname="tests.unit.test_entity_coverage" name="test_entity_coverage[PHONE_NUMBER-+1 (555) 123-4567-&lt;PHONE_NUMBER&gt;]" time="1.656" /><testcase classname="tests.unit.test_entity_coverage" name="test_entity_coverage[PHONE_NUMBER-+49 151 23456789-&lt;PHONE_NUMBER&gt;]" time="1.692" /><testcase classname="tests.unit.test_entity_coverage" name="test_entity_coverage[PHONE_NUMBER-+966 50 123 4567-&lt;PHONE_NUMBER&gt;]" time="1.682" /><testcase classname="tests.unit.test_entity_coverage" name="test_entity_coverage[ADDRESS-123 Main Street, New York-&lt;ADDRESS&gt;]" time="1.700" /><testcase classname="tests.unit.test_entity_coverage" name="test_entity_coverage[ADDRESS-Hauptstra\xdfe 5, Berlin-&lt;ADDRESS&gt;]" time="2.161" /><testcase classname="tests.unit.test_entity_coverage" name="test_entity_coverage[ADDRESS-12 rue de Rivoli, Paris-&lt;ADDRESS&gt;]" time="1.541" /><testcase classname="tests.unit.test_entity_coverage" name="test_entity_coverage[ADDRESS-\u0634\u0627\u0631\u0639 \u0627\u0644\u0645\u0644\u0643 \u0641\u064a\u0635\u0644 20\u060c \u0627\u0644\u0631\u064a\u0627\u0636-&lt;ADDRESS&gt;]" time="1.512" /><testcase classname="tests.unit.test_entity_coverage" name="test_entity_coverage[ADDRESS-1600 Pennsylvania Avenue NW, Washington, DC 20500-&lt;ADDRESS&gt;]" time="1.553" /><testcase classname="tests.unit.test_entity_coverage" name="test_entity_coverage[ADDRESS-Via Roma 10, 00100 Roma, Italy-&lt;ADDRESS&gt;]" time="1.686" /><testcase classname="tests.unit.test_entity_coverage" name="test_entity_coverage[ADDRESS-123 Main St, Apt 4B, New York, NY 10001-&lt;ADDRESS&gt;]" time="2.131" /><testcase classname="tests.unit.test_entity_coverage" name="test_entity_coverage[ADDRESS-Carrer de la Pau 1, 08002 Barcelona, Spain-&lt;ADDRESS&gt;]" time="1.688" /><testcase classname="tests.unit.test_entity_coverage" name="test_entity_coverage[ADDRESS-\u0443\u043b. \u0422\u0432\u0435\u0440\u0441\u043a\u0430\u044f 15, \u041c\u043e\u0441\u043a\u0432\u0430 125009, \u0420\u043e\u0441\u0441\u0438\u044f-&lt;ADDRESS&gt;]" time="1.604" /><testcase classname="tests.unit.test_entity_coverage" name="test_entity_coverage[ADDRESS-Musterstra\xdfe 10, Whg. 5, 01067 Dresden-&lt;ADDRESS&gt;]" time="1.515" /><testcase classname="tests.unit.test_entity_coverage" name="test_entity_coverage[ADDRESS-Atat\xfcrk Caddesi No:15, Ankara, Turkey-&lt;ADDRESS&gt;]" time="1.614" /><testcase classname="tests.unit.test_entity_coverage" name="test_entity_coverage[ADDRESS-Am Waldrand 12, 50667 K\xf6ln-&lt;ADDRESS&gt;]" time="2.014" /><testcase classname="tests.unit.test_entity_coverage" name="test_entity_coverage[ADDRESS-Unter den Linden 77, 10117 Berlin-&lt;ADDRESS&gt;]" time="1.609" /><testcase classname="tests.unit.test_entity_coverage" name="test_entity_coverage[ADDRESS-G\xe4nsemarkt 2, 20354 Hamburg-&lt;ADDRESS&gt;]" time="1.651" /><testcase classname="tests.unit.test_entity_coverage" name="test_entity_coverage[LOCATION-10115 Berlin-&lt;LOCATION&gt;]" time="1.696" /><testcase classname="tests.unit.test_entity_coverage" name="test_entity_coverage[LOCATION-75008 Paris-&lt;LOCATION&gt;]" time="1.863" /><testcase classname="tests.unit.test_entity_coverage" name="test_entity_coverage[LOCATION-28013 Madrid-&lt;LOCATION&gt;]" time="1.955" /><testcase classname="tests.unit.test_entity_coverage" name="test_entity_coverage[DATE-Born on 12/31/1990-&lt;DATE&gt;]" time="1.619" /><testcase classname="tests.unit.test_entity_coverage" name="test_entity_coverage[DATE-Geburtstag 31.12.1990-&lt;DATE&gt;]" time="1.567" /><testcase classname="tests.unit.test_entity_coverage" name="test_entity_coverage[DATE-N\xe9 le 31-05-1995-&lt;DATE&gt;]" time="1.608" /><testcase classname="tests.unit.test_entity_coverage" name="test_entity_coverage[PASSPORT-US Passport: A12345678-&lt;PASSPORT&gt;]" time="1.514" /><testcase classname="tests.unit.test_entity_coverage" name="test_entity_coverage[PASSPORT-EU Passport: X1Y2Z3A4B-&lt;PASSPORT&gt;]" time="1.923" /><testcase classname="tests.unit.test_entity_coverage" name="test_entity_coverage[ID_NUMBER-ID: 12345678Z-&lt;ID_NUMBER&gt;]" time="1.535" /><testcase classname="tests.unit.test_entity_coverage" name="test_entity_coverage[ID_NUMBER-Personalausweis: T22000129-&lt;PASSPORT&gt;]" time="1.531" /><testcase classname="tests.unit.test_entity_coverage" name="test_entity_coverage[TAX_ID-VAT: DE123456789-&lt;TAX_ID&gt;]" time="1.645" /><testcase classname="tests.unit.test_entity_coverage" name="test_entity_coverage[TAX_ID-Steuer-ID: 12 345 678 901-&lt;TAX_ID&gt;]" time="1.604" /><testcase classname="tests.unit.test_entity_coverage" name="test_entity_coverage[IP_ADDRESS-Server IP: 192.168.1.10-&lt;IP_ADDRESS&gt;]" time="1.978" /><testcase classname="tests.unit.test_entity_coverage" name="test_entity_coverage[IP_ADDRESS-IPv6: 2001:db8::1-&lt;IP_ADDRESS&gt;]" time="1.456" /><testcase classname="tests.unit.test_entity_coverage" name="test_entity_coverage[CREDIT_CARD-Card: 4111 1111 1111 1111-&lt;CREDIT_CARD&gt;]" time="1.514" /><testcase classname="tests.unit.test_entity_coverage" name="test_entity_coverage[CREDIT_CARD-Amex 371449635398431-&lt;CREDIT_CARD&gt;]" time="1.510" /><testcase classname="tests.unit.test_entity_coverage" name="test_entity_coverage[BANK_ACCOUNT-IBAN: DE44 5001 0517 5407 3249 31-&lt;BANK_ACCOUNT&gt;]" time="1.682" /><testcase classname="tests.unit.test_entity_coverage" name="test_entity_coverage[HEALTH_INFO-Diagnosed with diabetes-&lt;HEALTH_INFO&gt;]" time="2.035" /><testcase classname="tests.unit.test_entity_coverage" name="test_entity_coverage[HEALTH_INFO-Blood type: O+-&lt;HEALTH_INFO&gt;]" time="1.497" /><testcase classname="tests.unit.test_entity_coverage" name="test_entity_coverage[MAC_ADDRESS-MAC: 00:1A:2B:3C:4D:5E-&lt;MAC_ADDRESS&gt;]" time="1.531" /><testcase classname="tests.unit.test_entity_coverage" name="test_entity_coverage[IMEI-Device IMEI: 490154203237518-&lt;IMEI&gt;]" time="1.518" /><testcase classname="tests.unit.test_entity_coverage" name="test_entity_coverage[GEO_COORDINATES-Coords: 52.5200, 13.4050-&lt;GEO_COORDINATES&gt;]" time="1.554" /><testcase classname="tests.unit.test_entity_coverage" name="test_entity_coverage[LICENSE_PLATE-License Plate: B-AB 1234-&lt;LICENSE_PLATE&gt;]" time="2.041" /><testcase classname="tests.unit.test_entity_coverage" name="test_entity_coverage[PERSON-Hello, my name is Jane Smith-&lt;PERSON&gt;]" time="1.624" /><testcase classname="tests.unit.test_entity_coverage" name="test_entity_coverage[ADDRESS-I need to update my address to 456 Elm Street, Springfield-&lt;ADDRESS&gt;]" time="1.666" /><testcase classname="tests.unit.test_entity_coverage" name="test_entity_coverage[DATE-I was born on March 15, 1985-&lt;DATE&gt;]" time="1.608" /><testcase classname="tests.unit.test_entity_coverage" name="test_entity_coverage[EMAIL_ADDRESS-You can contact me at jane.smith@gmail.com-&lt;EMAIL_ADDRESS&gt;]" time="1.589" /><testcase classname="tests.unit.test_entity_coverage" name="test_entity_coverage[PHONE_NUMBER-Call me at +1 555-123-4567-&lt;PHONE_NUMBER&gt;]" time="2.013" /><testcase classname="tests.unit.test_entity_coverage" name="test_entity_coverage[ID_NUMBER-My social security number is 123-45-6789-&lt;ID_NUMBER&gt;]" time="1.781" /><testcase classname="tests.unit.test_entity_coverage" name="test_entity_coverage[PASSPORT-My passport number is X1234567-&lt;PASSPORT&gt;]" time="2.063" /><testcase classname="tests.unit.test_entity_coverage" name="test_entity_coverage[BANK_ACCOUNT-My IBAN is DE12345678901234567890-&lt;BANK_ACCOUNT&gt;]" time="2.045" /><testcase classname="tests.unit.test_entity_coverage" name="test_entity_coverage[CREDIT_CARD-My credit card is 4111 1111 1111 1111-&lt;CREDIT_CARD&gt;]" time="2.191" /><testcase classname="tests.unit.test_entity_coverage" name="test_entity_coverage[HEALTH_INFO-I have diabetes and need medical assistance-&lt;HEALTH_INFO&gt;]" time="2.096" /><testcase classname="tests.unit.test_entity_coverage" name="test_entity_coverage[SOCIAL_HANDLE-Follow me on Twitter @jane_smith-&lt;SOCIAL_HANDLE&gt;]" time="1.565" /><testcase classname="tests.unit.test_entity_coverage" name="test_entity_coverage[LICENSE_PLATE-My license plate is ABC-123-&lt;LICENSE_PLATE&gt;]" time="1.608" /><testcase classname="tests.unit.test_entity_coverage" name="test_entity_coverage[IP_ADDRESS-My IP address is 192.168.1.1-&lt;IP_ADDRESS&gt;]" time="1.555" /><testcase classname="tests.unit.test_entity_coverage" name="test_entity_coverage[GEO_COORDINATES-My location is 40.7128, -74.0060-&lt;GEO_COORDINATES&gt;]" time="1.673" /><testcase classname="tests.unit.test_entity_coverage" name="test_entity_coverage[MEETING_ID-Join my meeting at 123 456 789-&lt;MEETING_ID&gt;]" time="2.052" /><testcase classname="tests.unit.test_entity_coverage" name="test_entity_coverage[API_KEY-My API key is sk_live_abc123def456-&lt;API_KEY&gt;]" time="1.770" /><testcase classname="tests.unit.test_entity_coverage" name="test_entity_coverage[CRYPTO_ADDRESS-Send to BTC address 1A1zP1eP5QGefi2DMPTfTL5SLmv7DivfNa-&lt;CRYPTO_ADDRESS&gt;]" time="1.705" /><testcase classname="tests.unit.test_entity_coverage" name="test_entity_coverage[TAX_ID-My tax ID is 12-3456789-&lt;TAX_ID&gt;]" time="1.662" /><testcase classname="tests.unit.test_entity_coverage" name="test_entity_coverage[ACCOUNT_NUMBER-My account number is 1234567890-&lt;ACCOUNT_NUMBER&gt;]" time="1.616" /><testcase classname="tests.unit.test_entity_coverage" name="test_entity_coverage[ROUTING_NUMBER-My routing number is 021000021-&lt;ROUTING_NUMBER&gt;]" time="2.105" /><testcase classname="tests.unit.test_entity_coverage" name="test_entity_coverage[MAC_ADDRESS-My MAC address is 00:1A:2B:3C:4D:5E-&lt;MAC_ADDRESS&gt;]" time="1.586" /><testcase classname="tests.unit.test_entity_coverage" name="test_entity_coverage[IMEI-My device IMEI is 490154203237518-&lt;IMEI&gt;]" time="1.592" /><testcase classname="tests.unit.test_entity_coverage" name="test_entity_coverage[ADVERTISING_ID-My IDFA is 123e4567-e89b-12d3-a456-426614174000-&lt;ADVERTISING_ID&gt;]" time="1.629" /><testcase classname="tests.unit.test_entity_coverage" name="test_entity_coverage[PLUS_CODE-Meet me at 9G8F+5W New York-&lt;PLUS_CODE&gt;]" time="1.692" /><testcase classname="tests.unit.test_entity_coverage" name="test_entity_coverage[MESSAGING_ID-My Discord is jane#1234-&lt;MESSAGING_ID&gt;]" time="2.153" /><testcase classname="tests.unit.test_entity_coverage" name="test_entity_coverage[FAX_NUMBER-My fax number is +1 555-123-4568-&lt;FAX_NUMBER&gt;]" time="1.493" /><testcase classname="tests.unit.test_entity_coverage" name="test_entity_coverage[MRN-My medical record number is ABC-123456-&lt;MRN&gt;]" time="1.479" /><testcase classname="tests.unit.test_entity_coverage" name="test_entity_coverage[INSURANCE_ID-My insurance policy is POL-987654321-&lt;INSURANCE_ID&gt;]" time="1.720" /><testcase classname="tests.unit.test_entity_coverage" name="test_entity_coverage[STUDENT_NUMBER-My student ID is STU-12345-&lt;STUDENT_NUMBER&gt;]" time="1.741" /><testcase classname="tests.unit.test_entity_coverage" name="test_entity_coverage[EMPLOYEE_ID-My employee number is EMP-67890-&lt;EMPLOYEE_ID&gt;]" time="2.230" /><testcase classname="tests.unit.test_entity_coverage" name="test_entity_coverage[PRO_LICENSE-My professional license is LIC-54321-&lt;PRO_LICENSE&gt;]" time="1.614" /><testcase classname="tests.unit.test_entity_coverage" name="test_entity_coverage[HEALTH_ID-My NHS number is 943 476 5919-&lt;HEALTH_ID&gt;]" time="1.549" /><testcase classname="tests.unit.test_entity_coverage" name="test_entity_coverage[DRIVER_LICENSE-My driver's license is D1234567-&lt;DRIVER_LICENSE&gt;]" time="1.768" /><testcase classname="tests.unit.test_entity_coverage" name="test_entity_coverage[VOTER_ID-My voter ID is V9876543-&lt;VOTER_ID&gt;]" time="1.812" /><testcase classname="tests.unit.test_entity_coverage" name="test_entity_coverage[RESIDENCE_PERMIT-My residence permit is RP456789-&lt;RESIDENCE_PERMIT&gt;]" time="2.570" /><testcase classname="tests.unit.test_entity_coverage" name="test_entity_coverage[BENEFIT_ID-My benefit card is B11223344-&lt;BENEFIT_ID&gt;]" time="1.706" /><testcase classname="tests.unit.test_entity_coverage" name="test_entity_coverage[MILITARY_ID-My military ID is M55667788-&lt;MILITARY_ID&gt;]" time="1.907" /><testcase classname="tests.unit.test_entity_coverage" name="test_entity_coverage[DEVICE_ID-My device ID is DEV-999888777-&lt;DEVICE_ID&gt;]" time="1.733" /><testcase classname="tests.unit.test_entity_coverage" name="test_entity_coverage[PERSON-Hallo, mein Name ist Max M\xfcller-&lt;PERSON&gt;]" time="1.756" /><testcase classname="tests.unit.test_entity_coverage" name="test_entity_coverage[ADDRESS-Ich muss meine Adresse auf Hauptstra\xdfe 10, Berlin \xe4ndern-&lt;ADDRESS&gt;]" time="2.133" /><testcase classname="tests.unit.test_entity_coverage" name="test_entity_coverage[DATE-Ich bin am 15. M\xe4rz 1985 geboren-&lt;DATE&gt;]" time="1.584" /><testcase classname="tests.unit.test_entity_coverage" name="test_entity_coverage[EMAIL_ADDRESS-Sie k\xf6nnen mich unter max.mueller@example.de erreichen-&lt;EMAIL_ADDRESS&gt;]" time="1.516" /><testcase classname="tests.unit.test_entity_coverage" name="test_entity_coverage[PHONE_NUMBER-Rufen Sie mich unter +49 123 456789 an-&lt;PHONE_NUMBER&gt;]" time="1.617" /><testcase classname="tests.unit.test_entity_coverage" name="test_entity_coverage[ID_NUMBER-Meine Sozialversicherungsnummer ist 123-45-6789-&lt;ID_NUMBER&gt;]" time="1.690" /><testcase classname="tests.unit.test_entity_coverage" name="test_entity_coverage[PASSPORT-Meine Passnummer ist X1234567-&lt;PASSPORT&gt;]" time="2.178" /><testcase classname="tests.unit.test_entity_coverage" name="test_entity_coverage[BANK_ACCOUNT-Meine IBAN ist DE12345678901234567890-&lt;BANK_ACCOUNT&gt;]" time="1.672" /><testcase classname="tests.unit.test_entity_coverage" name="test_entity_coverage[CREDIT_CARD-Meine Kreditkarte ist 4111 1111 1111 1111-&lt;CREDIT_CARD&gt;]" time="1.556" /><testcase classname="tests.unit.test_entity_coverage" name="test_entity_coverage[HEALTH_INFO-Ich habe Diabetes und brauche medizinische Hilfe-&lt;HEALTH_INFO&gt;]" time="1.508" /><testcase classname="tests.unit.test_entity_coverage" name="test_entity_coverage[SOCIAL_HANDLE-Folgen Sie mir auf Twitter @max_mueller-&lt;SOCIAL_HANDLE&gt;]" time="1.566" /><testcase classname="tests.unit.test_entity_coverage" name="test_entity_coverage[LICENSE_PLATE-Mein Kennzeichen ist B-AB 1234-&lt;LICENSE_PLATE&gt;]" time="1.930" /><testcase classname="tests.unit.test_entity_coverage" name="test_entity_coverage[IP_ADDRESS-Meine IP-Adresse ist 192.168.1.1-&lt;IP_ADDRESS&gt;]" time="1.533" /><testcase classname="tests.unit.test_entity_coverage" name="test_entity_coverage[GEO_COORDINATES-Mein Standort ist 52.5200, 13.4050-&lt;GEO_COORDINATES&gt;]" time="1.530" /><testcase classname="tests.unit.test_entity_coverage" name="test_entity_coverage[MEETING_ID-Treten Sie meinem Meeting bei unter 123 456 789-&lt;MEETING_ID&gt;]" time="1.558" /><testcase classname="tests.unit.test_entity_coverage" name="test_entity_coverage[API_KEY-Mein API-Schl\xfcssel ist sk_live_abc123def456-&lt;API_KEY&gt;]" time="1.531" /><testcase classname="tests.unit.test_entity_coverage" name="test_entity_coverage[CRYPTO_ADDRESS-Senden Sie an BTC-Adresse 1A1zP1eP5QGefi2DMPTfTL5SLmv7DivfNa-&lt;CRYPTO_ADDRESS&gt;]" time="1.914" /><testcase classname="tests.unit.test_entity_coverage" name="test_entity_coverage[TAX_ID-Meine Steuer-ID ist 12-3456789-&lt;TAX_ID&gt;]" time="1.440" /><testcase classname="tests.unit.test_entity_coverage" name="test_entity_coverage[ACCOUNT_NUMBER-Meine Kontonummer ist 1234567890-&lt;ACCOUNT_NUMBER&gt;]" time="1.512" /><testcase classname="tests.unit.test_entity_coverage" name="test_entity_coverage[ROUTING_NUMBER-Meine Bankleitzahl ist 021000021-&lt;ROUTING_NUMBER&gt;]" time="1.645" /><testcase classname="tests.unit.test_entity_coverage" name="test_entity_coverage[MAC_ADDRESS-Meine MAC-Adresse ist 00:1A:2B:3C:4D:5E-&lt;MAC_ADDRESS&gt;]" time="1.558" /><testcase classname="tests.unit.test_entity_coverage" name="test_entity_coverage[IMEI-Die IMEI meines Ger\xe4ts ist 490154203237518-&lt;IMEI&gt;]" time="1.942" /><testcase classname="tests.unit.test_entity_coverage" name="test_entity_coverage[ADVERTISING_ID-Meine IDFA ist 123e4567-e89b-12d3-a456-426614174000-&lt;ADVERTISING_ID&gt;]" time="1.452" /><testcase classname="tests.unit.test_entity_coverage" name="test_entity_coverage[PLUS_CODE-Treffen wir uns bei 9G8F+5W Berlin-&lt;PLUS_CODE&gt;]" time="1.532" /><testcase classname="tests.unit.test_entity_coverage" name="test_entity_coverage[MESSAGING_ID-Mein Discord ist max#1234-&lt;MESSAGING_ID&gt;]" time="1.625" /><testcase classname="tests.unit.test_entity_coverage" name="test_entity_coverage[FAX_NUMBER-Meine Faxnummer ist +49 30 1234567-&lt;FAX_NUMBER&gt;]" time="1.596" /><testcase classname="tests.unit.test_entity_coverage" name="test_entity_coverage[MRN-Meine Krankenaktennummer ist ABC-123456-&lt;MRN&gt;]" time="2.127" /><testcase classname="tests.unit.test_entity_coverage" name="test_entity_coverage[INSURANCE_ID-Meine Versicherungspolice ist POL-987654321-&lt;INSURANCE_ID&gt;]" time="1.636" /><testcase classname="tests.unit.test_entity_coverage" name="test_entity_coverage[STUDENT_NUMBER-Meine Studentenausweisnummer ist STU-12345-&lt;STUDENT_NUMBER&gt;]" time="1.570" /><testcase classname="tests.unit.test_entity_coverage" name="test_entity_coverage[EMPLOYEE_ID-Meine Mitarbeiternummer ist EMP-67890-&lt;EMPLOYEE_ID&gt;]" time="1.615" /><testcase classname="tests.unit.test_entity_coverage" name="test_entity_coverage[PRO_LICENSE-Meine Berufslizenz ist LIC-54321-&lt;PRO_LICENSE&gt;]" time="1.658" /><testcase classname="tests.unit.test_entity_coverage" name="test_entity_coverage[HEALTH_ID-Meine NHS-Nummer ist 943 476 5919-&lt;HEALTH_ID&gt;]" time="2.400" /><testcase classname="tests.unit.test_entity_coverage" name="test_entity_coverage[DRIVER_LICENSE-Mein F\xfchrerschein ist D1234567-&lt;DRIVER_LICENSE&gt;]" time="1.617" /><testcase classname="tests.unit.test_entity_coverage" name="test_entity_coverage[VOTER_ID-Meine W\xe4hlerausweisnummer ist V9876543-&lt;VOTER_ID&gt;]" time="1.715" /><testcase classname="tests.unit.test_entity_coverage" name="test_entity_coverage[RESIDENCE_PERMIT-Meine Aufenthaltsgenehmigung ist RP456789-&lt;RESIDENCE_PERMIT&gt;]" time="1.594" /><testcase classname="tests.unit.test_entity_coverage" name="test_entity_coverage[BENEFIT_ID-Meine Sozialhilfekarte ist B11223344-&lt;BENEFIT_ID&gt;]" time="1.632" /><testcase classname="tests.unit.test_entity_coverage" name="test_entity_coverage[MILITARY_ID-Meine Milit\xe4rausweis ist M55667788-&lt;MILITARY_ID&gt;]" time="2.178" /><testcase classname="tests.unit.test_entity_coverage" name="test_entity_coverage[DEVICE_ID-Meine Ger\xe4te-ID ist DEV-999888777-&lt;DEVICE_ID&gt;]" time="1.590" /><testcase classname="tests.unit.test_entity_coverage" name="test_person_false_positives[Ich wohne in M\xfcritzsee.]" time="1.546" /><testcase classname="tests.unit.test_entity_coverage" name="test_person_false_positives[Meine Adresse: Schwabental]" time="1.534" /><testcase classname="tests.unit.test_entity_coverage" name="test_person_false_positives[Ich hei\xdfe Anna Gasse.]" time="1.693" /><testcase classname="tests.unit.test_entity_coverage" name="test_person_false_positives[Koordinaten: 52.5200, 13.4050]" time="2.043" /><testcase classname="tests.unit.test_entity_coverage" name="test_person_false_positives[Personalausweisnummer: T22000129]" time="1.971" /><testcase classname="tests.unit.test_entity_coverage" name="test_person_false_positives[Ruf mich unter 12-03-2023 an.]" time="1.560" /><testcase classname="tests.unit.test_entity_coverage" name="test_person_false_positives[\u0648\u0644\u062f\u062a \u0641\u064a 31/12/1990.]" time="1.644" /><testcase classname="tests.unit.test_entity_coverage" name="test_person_false_positives[Diagnosed with diabetes.]" time="1.668" /><testcase classname="tests.unit.test_entity_coverage" name="test_person_false_positives[Blood type: O+]" time="2.442" /><testcase classname="tests.unit.test_entity_coverage" name="test_person_false_positives[Fax: +49 30 1234567]" time="1.575" /><testcase classname="tests.unit.test_entity_coverage" name="test_person_false_positives[Meeting ID: 987 654 321]" time="1.615" /><testcase classname="tests.unit.test_entity_coverage" name="test_person_false_positives[MAC 00:1A:2B:3C:4D:5E]" time="1.624" /><testcase classname="tests.unit.test_entity_coverage" name="test_person_false_positives[IMEI 490154203237518]" time="1.943" /><testcase classname="tests.unit.test_entity_coverage" name="test_person_false_positives[IDFA: 123e4567-e89b-12d3-a456-426614174000]" time="2.307" /><testcase classname="tests.unit.test_entity_coverage" name="test_person_false_positives[Kennzeichen: B-AB 1234]" time="1.697" /><testcase classname="tests.unit.test_entity_coverage" name="test_person_false_positives[Plus Code: 9C3W9QCJ+2V]" time="1.578" /><testcase classname="tests.unit.test_entity_coverage" name="test_person_false_positives[w3w: ///index.home.raft]" time="1.592" /><testcase classname="tests.unit.test_entity_coverage" name="test_person_false_positives[Twitter @john_doe123]" time="1.759" /><testcase classname="tests.unit.test_entity_coverage" name="test_person_false_positives[Discord user#1234]" time="2.287" /><testcase classname="tests.unit.test_entity_coverage" name="test_person_false_positives[Visa 4111 1111 1111 1111]" time="1.551" /><testcase classname="tests.unit.test_entity_coverage" name="test_person_false_positives[IBAN: DE44 5001 0517 5407 3249 31]" time="1.585" /><testcase classname="tests.unit.test_entity_coverage" name="test_person_false_positives[BTC: 1BoatSLRHtKNngkdXEeobR76b53LETtpyT]" time="1.589" /><testcase classname="tests.unit.test_entity_coverage" name="test_person_false_positives[ETH: 0x52908400098527886e0f7030069857d2e4169ee7]" time="1.653" /><testcase classname="tests.unit.test_entity_coverage" name="test_person_false_positives[NHS number 943 476 5919]" time="2.062" /><testcase classname="tests.unit.test_entity_coverage" name="test_person_false_positives[MRN: ABC-123456]" time="1.518" /><testcase classname="tests.unit.test_entity_coverage" name="test_person_false_positives[Insurance policy: POL-987654321]" time="1.504" /><testcase classname="tests.unit.test_entity_coverage" name="test_person_false_positives[API key: sk_live_abcDEF1234567890]" time="1.647" /><testcase classname="tests.unit.test_entity_coverage" name="test_person_false_positives[Stripe pub: pk_test_1xYzABC1234567890]" time="1.862" /><testcase classname="tests.unit.test_entity_coverage" name="test_person_false_positives[Kontonummer: 1234-567890-12]" time="2.129" /><testcase classname="tests.unit.test_entity_coverage" name="test_person_false_positives[Steuer-ID: 12 345 678 901]" time="1.751" /><testcase classname="tests.unit.test_entity_coverage" name="test_person_false_positives[USt-IdNr.: DE 123456789]" time="1.631" /><testcase classname="tests.unit.test_entity_coverage" name="test_person_false_positives[SSN: 536-80-4398]" time="1.510" /><testcase classname="tests.unit.test_entity_coverage" name="test_person_false_positives[ITIN: 912-91-3457]" time="2.043" /><testcase classname="tests.unit.test_entity_coverage" name="test_person_false_positives[EIN: 51-2144346]" time="2.231" /><testcase classname="tests.unit.test_entity_coverage" name="test_person_false_positives[VAT: ES X1234567T]" time="2.116" /><testcase classname="tests.unit.test_entity_coverage" name="test_person_false_positives[Routing (ABA): 021000021]" time="1.966" /><testcase classname="tests.unit.test_entity_coverage" name="test_person_false_positives[BIC: COBADEFFXXX]" time="1.741" /><testcase classname="tests.unit.test_entity_coverage" name="test_person_false_positives[Apple]" time="1.863" /><testcase classname="tests.unit.test_entity_coverage" name="test_person_false_positives[Google]" time="2.348" /><testcase classname="tests.unit.test_entity_coverage" name="test_person_false_positives[Microsoft]" time="1.889" /><testcase classname="tests.unit.test_entity_coverage" name="test_person_false_positives[Facebook]" time="1.579" /><testcase classname="tests.unit.test_entity_coverage" name="test_person_false_positives[Amazon]" time="1.607" /><testcase classname="tests.unit.test_entity_coverage" name="test_person_false_positives[Berlin]" time="2.040" /><testcase classname="tests.unit.test_entity_coverage" name="test_person_false_positives[London]" time="2.207" /><testcase classname="tests.unit.test_entity_coverage" name="test_person_false_positives[Paris]" time="1.598" /><testcase classname="tests.unit.test_entity_coverage" name="test_person_false_positives[M\xfcnchen]" time="1.718" /><testcase classname="tests.unit.test_entity_coverage" name="test_person_false_positives[Hamburg]" time="1.615" /><testcase classname="tests.unit.test_entity_coverage" name="test_person_false_positives[Computer]" time="1.751" /><testcase classname="tests.unit.test_entity_coverage" name="test_person_false_positives[Science]" time="2.047" /><testcase classname="tests.unit.test_entity_coverage" name="test_person_false_positives[Machine]" time="1.619" /><testcase classname="tests.unit.test_entity_coverage" name="test_person_false_positives[Learning]" time="1.696" /><testcase classname="tests.unit.test_entity_coverage" name="test_person_false_positives[Das Haus]" time="1.747" /><testcase classname="tests.unit.test_entity_coverage" name="test_person_false_positives[Der Baum]" time="1.645" /><testcase classname="tests.unit.test_entity_coverage" name="test_person_false_positives[Die Stadt]" time="2.122" /><testcase classname="tests.unit.test_entity_coverage" name="test_person_false_positives[Doctor]" time="1.675" /><testcase classname="tests.unit.test_entity_coverage" name="test_person_false_positives[President]" time="1.896" /><testcase classname="tests.unit.test_entity_coverage" name="test_person_false_positives[Professor0]" time="1.689" /><testcase classname="tests.unit.test_entity_coverage" name="test_person_false_positives[Manager0]" time="1.572" /><testcase classname="tests.unit.test_entity_coverage" name="test_person_false_positives[Engineer]" time="2.004" /><testcase classname="tests.unit.test_entity_coverage" name="test_person_false_positives[January]" time="1.511" /><testcase classname="tests.unit.test_entity_coverage" name="test_person_false_positives[February]" time="1.615" /><testcase classname="tests.unit.test_entity_coverage" name="test_person_false_positives[March]" time="1.874" /><testcase classname="tests.unit.test_entity_coverage" name="test_person_false_positives[April0]" time="1.948" /><testcase classname="tests.unit.test_entity_coverage" name="test_person_false_positives[Street]" time="2.304" /><testcase classname="tests.unit.test_entity_coverage" name="test_person_false_positives[Avenue0]" time="1.773" /><testcase classname="tests.unit.test_entity_coverage" name="test_person_false_positives[Road]" time="2.019" /><testcase classname="tests.unit.test_entity_coverage" name="test_person_false_positives[Boulevard0]" time="1.796" /><testcase classname="tests.unit.test_entity_coverage" name="test_person_false_positives[Park0]" time="1.751" /><testcase classname="tests.unit.test_entity_coverage" name="test_person_false_positives[Lake]" time="2.058" /><testcase classname="tests.unit.test_entity_coverage" name="test_person_false_positives[River]" time="1.468" /><testcase classname="tests.unit.test_entity_coverage" name="test_person_false_positives[Mountain]" time="1.478" /><testcase classname="tests.unit.test_entity_coverage" name="test_person_false_positives[Company]" time="1.563" /><testcase classname="tests.unit.test_entity_coverage" name="test_person_false_positives[Corporation]" time="1.708" /><testcase classname="tests.unit.test_entity_coverage" name="test_person_false_positives[University]" time="2.036" /><testcase classname="tests.unit.test_entity_coverage" name="test_person_false_positives[School]" time="1.466" /><testcase classname="tests.unit.test_entity_coverage" name="test_person_false_positives[Hospital]" time="1.492" /><testcase classname="tests.unit.test_entity_coverage" name="test_person_false_positives[Bank0]" time="1.472" /><testcase classname="tests.unit.test_entity_coverage" name="test_person_false_positives[Library]" time="1.517" /><testcase classname="tests.unit.test_entity_coverage" name="test_person_false_positives[Airport]" time="2.041" /><testcase classname="tests.unit.test_entity_coverage" name="test_person_false_positives[Station]" time="1.651" /><testcase classname="tests.unit.test_entity_coverage" name="test_person_false_positives[Center]" time="1.578" /><testcase classname="tests.unit.test_entity_coverage" name="test_person_false_positives[Building]" time="1.555" /><testcase classname="tests.unit.test_entity_coverage" name="test_person_false_positives[Office]" time="1.691" /><testcase classname="tests.unit.test_entity_coverage" name="test_person_false_positives[Department]" time="2.289" /><testcase classname="tests.unit.test_entity_coverage" name="test_person_false_positives[Service]" time="1.614" /><testcase classname="tests.unit.test_entity_coverage" name="test_person_false_positives[System0]" time="1.741" /><testcase classname="tests.unit.test_entity_coverage" name="test_person_false_positives[Program]" time="1.588" /><testcase classname="tests.unit.test_entity_coverage" name="test_person_false_positives[Project]" time="1.958" /><testcase classname="tests.unit.test_entity_coverage" name="test_person_false_positives[Report]" time="1.957" /><testcase classname="tests.unit.test_entity_coverage" name="test_person_false_positives[Document]" time="1.571" /><testcase classname="tests.unit.test_entity_coverage" name="test_person_false_positives[File]" time="1.636" /><testcase classname="tests.unit.test_entity_coverage" name="test_person_false_positives[Data]" time="1.660" /><testcase classname="tests.unit.test_entity_coverage" name="test_person_false_positives[Information0]" time="1.686" /><testcase classname="tests.unit.test_entity_coverage" name="test_person_false_positives[Request]" time="2.068" /><testcase classname="tests.unit.test_entity_coverage" name="test_person_false_positives[Application]" time="1.566" /><testcase classname="tests.unit.test_entity_coverage" name="test_person_false_positives[Form]" time="1.682" /><testcase classname="tests.unit.test_entity_coverage" name="test_person_false_positives[Process]" time="1.679" /><testcase classname="tests.unit.test_entity_coverage" name="test_person_false_positives[Status0]" time="1.737" /><testcase classname="tests.unit.test_entity_coverage" name="test_person_false_positives[Update]" time="2.189" /><testcase classname="tests.unit.test_entity_coverage" name="test_person_false_positives[Change]" time="1.681" /><testcase classname="tests.unit.test_entity_coverage" name="test_person_false_positives[Help]" time="2.153" /><testcase classname="tests.unit.test_entity_coverage" name="test_person_false_positives[Support]" time="1.611" /><testcase classname="tests.unit.test_entity_coverage" name="test_person_false_positives[Contact]" time="1.888" /><testcase classname="tests.unit.test_entity_coverage" name="test_person_false_positives[Question]" time="2.245" /><testcase classname="tests.unit.test_entity_coverage" name="test_person_false_positives[Answer]" time="1.567" /><testcase classname="tests.unit.test_entity_coverage" name="test_person_false_positives[Issue]" time="1.667" /><testcase classname="tests.unit.test_entity_coverage" name="test_person_false_positives[Problem0]" time="1.583" /><testcase classname="tests.unit.test_entity_coverage" name="test_person_false_positives[Solution]" time="1.712" /><testcase classname="tests.unit.test_entity_coverage" name="test_person_false_positives[Thank you]" time="2.148" /><testcase classname="tests.unit.test_entity_coverage" name="test_person_false_positives[Please]" time="1.579" /><testcase classname="tests.unit.test_entity_coverage" name="test_person_false_positives[Hello]" time="1.579" /><testcase classname="tests.unit.test_entity_coverage" name="test_person_false_positives[Goodbye]" time="1.536" /><testcase classname="tests.unit.test_entity_coverage" name="test_person_false_positives[Yes]" time="1.620" /><testcase classname="tests.unit.test_entity_coverage" name="test_person_false_positives[No]" time="2.244" /><testcase classname="tests.unit.test_entity_coverage" name="test_person_false_positives[Okay0]" time="1.784" /><testcase classname="tests.unit.test_entity_coverage" name="test_person_false_positives[Maybe]" time="1.672" /><testcase classname="tests.unit.test_entity_coverage" name="test_person_false_positives[Sorry]" time="1.660" /><testcase classname="tests.unit.test_entity_coverage" name="test_person_false_positives[Excuse me]" time="1.774" /><testcase classname="tests.unit.test_entity_coverage" name="test_person_false_positives[I need]" time="2.356" /><testcase classname="tests.unit.test_entity_coverage" name="test_person_false_positives[I want]" time="1.675" /><testcase classname="tests.unit.test_entity_coverage" name="test_person_false_positives[Can you]" time="1.675" /><testcase classname="tests.unit.test_entity_coverage" name="test_person_false_positives[How do I]" time="1.691" /><testcase classname="tests.unit.test_entity_coverage" name="test_person_false_positives[What is]" time="1.840" /><testcase classname="tests.unit.test_entity_coverage" name="test_person_false_positives[Where is]" time="2.372" /><testcase classname="tests.unit.test_entity_coverage" name="test_person_false_positives[When is]" time="1.883" /><testcase classname="tests.unit.test_entity_coverage" name="test_person_false_positives[Why is]" time="1.732" /><testcase classname="tests.unit.test_entity_coverage" name="test_person_false_positives[Who is]" time="1.490" /><testcase classname="tests.unit.test_entity_coverage" name="test_person_false_positives[Which]" time="1.700" /><testcase classname="tests.unit.test_entity_coverage" name="test_person_false_positives[That]" time="2.217" /><testcase classname="tests.unit.test_entity_coverage" name="test_person_false_positives[This]" time="1.662" /><testcase classname="tests.unit.test_entity_coverage" name="test_person_false_positives[Here]" time="1.741" /><testcase classname="tests.unit.test_entity_coverage" name="test_person_false_positives[There]" time="1.660" /><testcase classname="tests.unit.test_entity_coverage" name="test_person_false_positives[Now]" time="1.847" /><testcase classname="tests.unit.test_entity_coverage" name="test_person_false_positives[Then0]" time="2.082" /><testcase classname="tests.unit.test_entity_coverage" name="test_person_false_positives[Today]" time="1.783" /><testcase classname="tests.unit.test_entity_coverage" name="test_person_false_positives[Tomorrow]" time="1.893" /><testcase classname="tests.unit.test_entity_coverage" name="test_person_false_positives[Yesterday]" time="1.905" /><testcase classname="tests.unit.test_entity_coverage" name="test_person_false_positives[Monday]" time="1.894" /><testcase classname="tests.unit.test_entity_coverage" name="test_person_false_positives[Tuesday]" time="2.308" /><testcase classname="tests.unit.test_entity_coverage" name="test_person_false_positives[Wednesday]" time="1.960" /><testcase classname="tests.unit.test_entity_coverage" name="test_person_false_positives[Thursday]" time="1.752" /><testcase classname="tests.unit.test_entity_coverage" name="test_person_false_positives[Friday]" time="1.648" /><testcase classname="tests.unit.test_entity_coverage" name="test_person_false_positives[Saturday]" time="1.579" /><testcase classname="tests.unit.test_entity_coverage" name="test_person_false_positives[Sunday]" time="2.041" /><testcase classname="tests.unit.test_entity_coverage" name="test_person_false_positives[Morning]" time="1.523" /><testcase classname="tests.unit.test_entity_coverage" name="test_person_false_positives[Afternoon]" time="1.742" /><testcase classname="tests.unit.test_entity_coverage" name="test_person_false_positives[Evening]" time="1.944" /><testcase classname="tests.unit.test_entity_coverage" name="test_person_false_positives[Night]" time="1.827" /><testcase classname="tests.unit.test_entity_coverage" name="test_person_false_positives[Early]" time="2.130" /><testcase classname="tests.unit.test_entity_coverage" name="test_person_false_positives[Late]" time="1.629" /><testcase classname="tests.unit.test_entity_coverage" name="test_person_false_positives[Fast]" time="1.568" /><testcase classname="tests.unit.test_entity_coverage" name="test_person_false_positives[Slow]" time="1.594" /><testcase classname="tests.unit.test_entity_coverage" name="test_person_false_positives[Good]" time="1.781" /><testcase classname="tests.unit.test_entity_coverage" name="test_person_false_positives[Bad]" time="2.063" /><testcase classname="tests.unit.test_entity_coverage" name="test_person_false_positives[Big]" time="1.507" /><testcase classname="tests.unit.test_entity_coverage" name="test_person_false_positives[Small]" time="1.464" /><testcase classname="tests.unit.test_entity_coverage" name="test_person_false_positives[New]" time="1.562" /><testcase classname="tests.unit.test_entity_coverage" name="test_person_false_positives[Old]" time="1.607" /><testcase classname="tests.unit.test_entity_coverage" name="test_person_false_positives[Hot]" time="2.203" /><testcase classname="tests.unit.test_entity_coverage" name="test_person_false_positives[Cold]" time="1.547" /><testcase classname="tests.unit.test_entity_coverage" name="test_person_false_positives[High]" time="1.625" /><testcase classname="tests.unit.test_entity_coverage" name="test_person_false_positives[Low]" time="1.511" /><testcase classname="tests.unit.test_entity_coverage" name="test_person_false_positives[Right]" time="1.904" /><testcase classname="tests.unit.test_entity_coverage" name="test_person_false_positives[Left]" time="2.275" /><testcase classname="tests.unit.test_entity_coverage" name="test_person_false_positives[Up]" time="1.658" /><testcase classname="tests.unit.test_entity_coverage" name="test_person_false_positives[Down]" time="1.525" /><testcase classname="tests.unit.test_entity_coverage" name="test_person_false_positives[In0]" time="1.522" /><testcase classname="tests.unit.test_entity_coverage" name="test_person_false_positives[Out]" time="1.768" /><testcase classname="tests.unit.test_entity_coverage" name="test_person_false_positives[On]" time="2.296" /><testcase classname="tests.unit.test_entity_coverage" name="test_person_false_positives[Off]" time="1.734" /><testcase classname="tests.unit.test_entity_coverage" name="test_person_false_positives[At]" time="2.075" /><testcase classname="tests.unit.test_entity_coverage" name="test_person_false_positives[By]" time="1.505" /><testcase classname="tests.unit.test_entity_coverage" name="test_person_false_positives[For]" time="1.703" /><testcase classname="tests.unit.test_entity_coverage" name="test_person_false_positives[With0]" time="2.146" /><testcase classname="tests.unit.test_entity_coverage" name="test_person_false_positives[From]" time="1.648" /><testcase classname="tests.unit.test_entity_coverage" name="test_person_false_positives[To]" time="1.681" /><testcase classname="tests.unit.test_entity_coverage" name="test_person_false_positives[Of]" time="1.600" /><testcase classname="tests.unit.test_entity_coverage" name="test_person_false_positives[As]" time="1.692" /><testcase classname="tests.unit.test_entity_coverage" name="test_person_false_positives[And]" time="2.325" /><testcase classname="tests.unit.test_entity_coverage" name="test_person_false_positives[Or]" time="1.832" /><testcase classname="tests.unit.test_entity_coverage" name="test_person_false_positives[But]" time="1.630" /><testcase classname="tests.unit.test_entity_coverage" name="test_person_false_positives[If]" time="1.560" /><testcase classname="tests.unit.test_entity_coverage" name="test_person_false_positives[Then1]" time="1.538" /><testcase classname="tests.unit.test_entity_coverage" name="test_person_false_positives[Because]" time="1.950" /><testcase classname="tests.unit.test_entity_coverage" name="test_person_false_positives[So]" time="1.534" /><testcase classname="tests.unit.test_entity_coverage" name="test_person_false_positives[Although]" time="1.575" /><testcase classname="tests.unit.test_entity_coverage" name="test_person_false_positives[While]" time="1.683" /><testcase classname="tests.unit.test_entity_coverage" name="test_person_false_positives[Since0]" time="1.768" /><testcase classname="tests.unit.test_entity_coverage" name="test_person_false_positives[Until0]" time="2.151" /><testcase classname="tests.unit.test_entity_coverage" name="test_person_false_positives[Before]" time="1.565" /><testcase classname="tests.unit.test_entity_coverage" name="test_person_false_positives[After]" time="1.677" /><testcase classname="tests.unit.test_entity_coverage" name="test_person_false_positives[During]" time="1.637" /><testcase classname="tests.unit.test_entity_coverage" name="test_person_false_positives[Through0]" time="1.618" /><testcase classname="tests.unit.test_entity_coverage" name="test_person_false_positives[Over]" time="2.208" /><testcase classname="tests.unit.test_entity_coverage" name="test_person_false_positives[Under]" time="1.689" /><testcase classname="tests.unit.test_entity_coverage" name="test_person_false_positives[Above]" time="1.540" /><testcase classname="tests.unit.test_entity_coverage" name="test_person_false_positives[Below]" time="1.822" /><testcase classname="tests.unit.test_entity_coverage" name="test_person_false_positives[Between]" time="1.808" /><testcase classname="tests.unit.test_entity_coverage" name="test_person_false_positives[Among]" time="2.341" /><testcase classname="tests.unit.test_entity_coverage" name="test_person_false_positives[Within0]" time="1.522" /><testcase classname="tests.unit.test_entity_coverage" name="test_person_false_positives[Without0]" time="1.523" /><testcase classname="tests.unit.test_entity_coverage" name="test_person_false_positives[Against]" time="1.671" /><testcase classname="tests.unit.test_entity_coverage" name="test_person_false_positives[Towards]" time="1.557" /><testcase classname="tests.unit.test_entity_coverage" name="test_person_false_positives[Into]" time="2.132" /><testcase classname="tests.unit.test_entity_coverage" name="test_person_false_positives[Onto]" time="1.665" /><testcase classname="tests.unit.test_entity_coverage" name="test_person_false_positives[Upon0]" time="1.560" /><testcase classname="tests.unit.test_entity_coverage" name="test_person_false_positives[About]" time="1.632" /><testcase classname="tests.unit.test_entity_coverage" name="test_person_false_positives[Across]" time="1.651" /><testcase classname="tests.unit.test_entity_coverage" name="test_person_false_positives[Along]" time="2.679" /><testcase classname="tests.unit.test_entity_coverage" name="test_person_false_positives[Around]" time="1.829" /><testcase classname="tests.unit.test_entity_coverage" name="test_person_false_positives[Behind]" time="1.690" /><testcase classname="tests.unit.test_entity_coverage" name="test_person_false_positives[Beside]" time="1.747" /><testcase classname="tests.unit.test_entity_coverage" name="test_person_false_positives[Besides]" time="1.999" /><testcase classname="tests.unit.test_entity_coverage" name="test_person_false_positives[Near]" time="2.656" /><testcase classname="tests.unit.test_entity_coverage" name="test_person_false_positives[Next]" time="1.834" /><testcase classname="tests.unit.test_entity_coverage" name="test_person_false_positives[Past]" time="1.791" /><testcase classname="tests.unit.test_entity_coverage" name="test_person_false_positives[Round]" time="1.749" /><testcase classname="tests.unit.test_entity_coverage" name="test_person_false_positives[Since1]" time="1.768" /><testcase classname="tests.unit.test_entity_coverage" name="test_person_false_positives[Through1]" time="2.095" /><testcase classname="tests.unit.test_entity_coverage" name="test_person_false_positives[Throughout]" time="1.587" /><testcase classname="tests.unit.test_entity_coverage" name="test_person_false_positives[Till]" time="1.848" /><testcase classname="tests.unit.test_entity_coverage" name="test_person_false_positives[Toward]" time="1.736" /><testcase classname="tests.unit.test_entity_coverage" name="test_person_false_positives[Underneath]" time="1.506" /><testcase classname="tests.unit.test_entity_coverage" name="test_person_false_positives[Until1]" time="2.189" /><testcase classname="tests.unit.test_entity_coverage" name="test_person_false_positives[Unto]" time="1.925" /><testcase classname="tests.unit.test_entity_coverage" name="test_person_false_positives[Upon1]" time="1.913" /><testcase classname="tests.unit.test_entity_coverage" name="test_person_false_positives[With1]" time="1.557" /><testcase classname="tests.unit.test_entity_coverage" name="test_person_false_positives[Within1]" time="1.510" /><testcase classname="tests.unit.test_entity_coverage" name="test_person_false_positives[Without1]" time="2.092" /><testcase classname="tests.unit.test_entity_coverage" name="test_person_false_positives[Doktor]" time="1.615" /><testcase classname="tests.unit.test_entity_coverage" name="test_person_false_positives[Pr\xe4sident]" time="1.748" /><testcase classname="tests.unit.test_entity_coverage" name="test_person_false_positives[Professor1]" time="1.703" /><testcase classname="tests.unit.test_entity_coverage" name="test_person_false_positives[Manager1]" time="1.640" /><testcase classname="tests.unit.test_entity_coverage" name="test_person_false_positives[Ingenieur]" time="2.120" /><testcase classname="tests.unit.test_entity_coverage" name="test_person_false_positives[Januar]" time="1.609" /><testcase classname="tests.unit.test_entity_coverage" name="test_person_false_positives[Februar]" time="1.566" /><testcase classname="tests.unit.test_entity_coverage" name="test_person_false_positives[M\xe4rz]" time="1.587" /><testcase classname="tests.unit.test_entity_coverage" name="test_person_false_positives[April1]" time="1.757" /><testcase classname="tests.unit.test_entity_coverage" name="test_person_false_positives[Mai]" time="2.144" /><testcase classname="tests.unit.test_entity_coverage" name="test_person_false_positives[Juni]" time="1.628" /><testcase classname="tests.unit.test_entity_coverage" name="test_person_false_positives[Juli]" time="1.512" /><testcase classname="tests.unit.test_entity_coverage" name="test_person_false_positives[August]" time="1.531" /><testcase classname="tests.unit.test_entity_coverage" name="test_person_false_positives[September]" time="1.623" /><testcase classname="tests.unit.test_entity_coverage" name="test_person_false_positives[Oktober]" time="2.316" /><testcase classname="tests.unit.test_entity_coverage" name="test_person_false_positives[November]" time="1.665" /><testcase classname="tests.unit.test_entity_coverage" name="test_person_false_positives[Dezember]" time="1.571" /><testcase classname="tests.unit.test_entity_coverage" name="test_person_false_positives[Montag]" time="1.597" /><testcase classname="tests.unit.test_entity_coverage" name="test_person_false_positives[Dienstag]" time="1.684" /><testcase classname="tests.unit.test_entity_coverage" name="test_person_false_positives[Mittwoch]" time="2.267" /><testcase classname="tests.unit.test_entity_coverage" name="test_person_false_positives[Donnerstag]" time="1.690" /><testcase classname="tests.unit.test_entity_coverage" name="test_person_false_positives[Freitag]" time="1.556" /><testcase classname="tests.unit.test_entity_coverage" name="test_person_false_positives[Samstag]" time="1.593" /><testcase classname="tests.unit.test_entity_coverage" name="test_person_false_positives[Sonntag]" time="1.547" /><testcase classname="tests.unit.test_entity_coverage" name="test_person_false_positives[Stra\xdfe]" time="2.115" /><testcase classname="tests.unit.test_entity_coverage" name="test_person_false_positives[Avenue1]" time="1.681" /><testcase classname="tests.unit.test_entity_coverage" name="test_person_false_positives[Weg]" time="1.669" /><testcase classname="tests.unit.test_entity_coverage" name="test_person_false_positives[Boulevard1]" time="1.498" /><testcase classname="tests.unit.test_entity_coverage" name="test_person_false_positives[Park1]" time="1.497" /><testcase classname="tests.unit.test_entity_coverage" name="test_person_false_positives[See]" time="1.985" /><testcase classname="tests.unit.test_entity_coverage" name="test_person_false_positives[Fluss]" time="1.610" /><testcase classname="tests.unit.test_entity_coverage" name="test_person_false_positives[Berg]" time="1.668" /><testcase classname="tests.unit.test_entity_coverage" name="test_person_false_positives[Firma]" time="1.589" /><testcase classname="tests.unit.test_entity_coverage" name="test_person_false_positives[Korporation]" time="1.489" /><testcase classname="tests.unit.test_entity_coverage" name="test_person_false_positives[Universit\xe4t]" time="1.989" /><testcase classname="tests.unit.test_entity_coverage" name="test_person_false_positives[Schule]" time="1.529" /><testcase classname="tests.unit.test_entity_coverage" name="test_person_false_positives[Krankenhaus]" time="1.603" /><testcase classname="tests.unit.test_entity_coverage" name="test_person_false_positives[Bank1]" time="1.575" /><testcase classname="tests.unit.test_entity_coverage" name="test_person_false_positives[Bibliothek]" time="1.549" /><testcase classname="tests.unit.test_entity_coverage" name="test_person_false_positives[Flughafen]" time="1.970" /><testcase classname="tests.unit.test_entity_coverage" name="test_person_false_positives[Bahnhof]" time="1.823" /><testcase classname="tests.unit.test_entity_coverage" name="test_person_false_positives[Zentrum]" time="1.582" /><testcase classname="tests.unit.test_entity_coverage" name="test_person_false_positives[Geb\xe4ude]" time="1.702" /><testcase classname="tests.unit.test_entity_coverage" name="test_person_false_positives[B\xfcro]" time="1.650" /><testcase classname="tests.unit.test_entity_coverage" name="test_person_false_positives[Abteilung]" time="2.218" /><testcase classname="tests.unit.test_entity_coverage" name="test_person_false_positives[Dienst]" time="1.588" /><testcase classname="tests.unit.test_entity_coverage" name="test_person_false_positives[System1]" time="1.507" /><testcase classname="tests.unit.test_entity_coverage" name="test_person_false_positives[Programm]" time="1.545" /><testcase classname="tests.unit.test_entity_coverage" name="test_person_false_positives[Projekt]" time="1.683" /><testcase classname="tests.unit.test_entity_coverage" name="test_person_false_positives[Bericht]" time="2.272" /><testcase classname="tests.unit.test_entity_coverage" name="test_person_false_positives[Dokument]" time="1.716" /><testcase classname="tests.unit.test_entity_coverage" name="test_person_false_positives[Datei]" time="1.618" /><testcase classname="tests.unit.test_entity_coverage" name="test_person_false_positives[Daten]" time="1.687" /><testcase classname="tests.unit.test_entity_coverage" name="test_person_false_positives[Information1]" time="1.664" /><testcase classname="tests.unit.test_entity_coverage" name="test_person_false_positives[Anfrage]" time="2.368" /><testcase classname="tests.unit.test_entity_coverage" name="test_person_false_positives[Anwendung]" time="1.747" /><testcase classname="tests.unit.test_entity_coverage" name="test_person_false_positives[Formular]" time="1.622" /><testcase classname="tests.unit.test_entity_coverage" name="test_person_false_positives[Prozess]" time="1.484" /><testcase classname="tests.unit.test_entity_coverage" name="test_person_false_positives[Status1]" time="1.582" /><testcase classname="tests.unit.test_entity_coverage" name="test_person_false_positives[Aktualisierung]" time="2.275" /><testcase classname="tests.unit.test_entity_coverage" name="test_person_false_positives[\xc4nderung]" time="2.002" /><testcase classname="tests.unit.test_entity_coverage" name="test_person_false_positives[Hilfe]" time="1.898" /><testcase classname="tests.unit.test_entity_coverage" name="test_person_false_positives[Unterst\xfctzung]" time="1.499" /><testcase classname="tests.unit.test_entity_coverage" name="test_person_false_positives[Kontakt]" time="1.747" /><testcase classname="tests.unit.test_entity_coverage" name="test_person_false_positives[Frage]" time="2.021" /><testcase classname="tests.unit.test_entity_coverage" name="test_person_false_positives[Antwort]" time="1.630" /><testcase classname="tests.unit.test_entity_coverage" name="test_person_false_positives[Problem1]" time="1.769" /><testcase classname="tests.unit.test_entity_coverage" name="test_person_false_positives[L\xf6sung]" time="1.715" /><testcase classname="tests.unit.test_entity_coverage" name="test_person_false_positives[Danke]" time="1.663" /><testcase classname="tests.unit.test_entity_coverage" name="test_person_false_positives[Bitte]" time="2.191" /><testcase classname="tests.unit.test_entity_coverage" name="test_person_false_positives[Hallo]" time="1.734" /><testcase classname="tests.unit.test_entity_coverage" name="test_person_false_positives[Auf Wiedersehen]" time="1.667" /><testcase classname="tests.unit.test_entity_coverage" name="test_person_false_positives[Ja]" time="1.602" /><testcase classname="tests.unit.test_entity_coverage" name="test_person_false_positives[Nein]" time="1.536" /><testcase classname="tests.unit.test_entity_coverage" name="test_person_false_positives[Okay1]" time="2.109" /><testcase classname="tests.unit.test_entity_coverage" name="test_person_false_positives[Vielleicht]" time="1.822" /><testcase classname="tests.unit.test_entity_coverage" name="test_person_false_positives[Entschuldigung]" time="1.944" /><testcase classname="tests.unit.test_entity_coverage" name="test_person_false_positives[Entschuldigen Sie]" time="1.770" /><testcase classname="tests.unit.test_entity_coverage" name="test_person_false_positives[Ich brauche]" time="2.047" /><testcase classname="tests.unit.test_entity_coverage" name="test_person_false_positives[Ich m\xf6chte]" time="2.199" /><testcase classname="tests.unit.test_entity_coverage" name="test_person_false_positives[K\xf6nnen Sie]" time="1.594" /><testcase classname="tests.unit.test_entity_coverage" name="test_person_false_positives[Wie mache ich]" time="1.687" /><testcase classname="tests.unit.test_entity_coverage" name="test_person_false_positives[Was ist]" time="1.637" /><testcase classname="tests.unit.test_entity_coverage" name="test_person_false_positives[Wo ist]" time="1.798" /><testcase classname="tests.unit.test_entity_coverage" name="test_person_false_positives[Wann ist]" time="2.261" /><testcase classname="tests.unit.test_entity_coverage" name="test_person_false_positives[Warum ist]" time="1.610" /><testcase classname="tests.unit.test_entity_coverage" name="test_person_false_positives[Wer ist]" time="1.460" /><testcase classname="tests.unit.test_entity_coverage" name="test_person_false_positives[Welcher]" time="1.518" /><testcase classname="tests.unit.test_entity_coverage" name="test_person_false_positives[Das]" time="1.712" /><testcase classname="tests.unit.test_entity_coverage" name="test_person_false_positives[Dies]" time="2.354" /><testcase classname="tests.unit.test_entity_coverage" name="test_person_false_positives[Hier]" time="1.583" /><testcase classname="tests.unit.test_entity_coverage" name="test_person_false_positives[Dort]" time="1.520" /><testcase classname="tests.unit.test_entity_coverage" name="test_person_false_positives[Jetzt]" time="1.503" /><testcase classname="tests.unit.test_entity_coverage" name="test_person_false_positives[Dann0]" time="1.585" /><testcase classname="tests.unit.test_entity_coverage" name="test_person_false_positives[Heute]" time="2.420" /><testcase classname="tests.unit.test_entity_coverage" name="test_person_false_positives[Morgen0]" time="1.731" /><testcase classname="tests.unit.test_entity_coverage" name="test_person_false_positives[Gestern]" time="1.626" /><testcase classname="tests.unit.test_entity_coverage" name="test_person_false_positives[Morgen1]" time="1.682" /><testcase classname="tests.unit.test_entity_coverage" name="test_person_false_positives[Nachmittag]" time="1.537" /><testcase classname="tests.unit.test_entity_coverage" name="test_person_false_positives[Abend]" time="2.180" /><testcase classname="tests.unit.test_entity_coverage" name="test_person_false_positives[Nacht]" time="1.646" /><testcase classname="tests.unit.test_entity_coverage" name="test_person_false_positives[Fr\xfch]" time="1.546" /><testcase classname="tests.unit.test_entity_coverage" name="test_person_false_positives[Sp\xe4t]" time="1.502" /><testcase classname="tests.unit.test_entity_coverage" name="test_person_false_positives[Schnell]" time="1.590" /><testcase classname="tests.unit.test_entity_coverage" name="test_person_false_positives[Langsam]" time="2.670" /><testcase classname="tests.unit.test_entity_coverage" name="test_person_false_positives[Gut]" time="2.105" /><testcase classname="tests.unit.test_entity_coverage" name="test_person_false_positives[Schlecht]" time="2.415" /><testcase classname="tests.unit.test_entity_coverage" name="test_person_false_positives[Gro\xdf]" time="1.797" /><testcase classname="tests.unit.test_entity_coverage" name="test_person_false_positives[Klein]" time="1.909" /><testcase classname="tests.unit.test_entity_coverage" name="test_person_false_positives[Neu]" time="2.222" /><testcase classname="tests.unit.test_entity_coverage" name="test_person_false_positives[Alt]" time="1.625" /><testcase classname="tests.unit.test_entity_coverage" name="test_person_false_positives[Hei\xdf]" time="1.715" /><testcase classname="tests.unit.test_entity_coverage" name="test_person_false_positives[Kalt]" time="1.586" /><testcase classname="tests.unit.test_entity_coverage" name="test_person_false_positives[Hoch0]" time="1.586" /><testcase classname="tests.unit.test_entity_coverage" name="test_person_false_positives[Niedrig]" time="1.938" /><testcase classname="tests.unit.test_entity_coverage" name="test_person_false_positives[Rechts]" time="1.600" /><testcase classname="tests.unit.test_entity_coverage" name="test_person_false_positives[Links]" time="1.910" /><testcase classname="tests.unit.test_entity_coverage" name="test_person_false_positives[Hoch1]" time="1.572" /><testcase classname="tests.unit.test_entity_coverage" name="test_person_false_positives[Runter]" time="1.600" /><testcase classname="tests.unit.test_entity_coverage" name="test_person_false_positives[In1]" time="1.977" /><testcase classname="tests.unit.test_entity_coverage" name="test_person_false_positives[Aus0]" time="1.510" /><testcase classname="tests.unit.test_entity_coverage" name="test_person_false_positives[Auf0]" time="1.616" /><testcase classname="tests.unit.test_entity_coverage" name="test_person_false_positives[Aus1]" time="1.572" /><testcase classname="tests.unit.test_entity_coverage" name="test_person_false_positives[Bei]" time="1.588" /><testcase classname="tests.unit.test_entity_coverage" name="test_person_false_positives[Von0]" time="2.102" /><testcase classname="tests.unit.test_entity_coverage" name="test_person_false_positives[F\xfcr]" time="1.512" /><testcase classname="tests.unit.test_entity_coverage" name="test_person_false_positives[Mit0]" time="1.548" /><testcase classname="tests.unit.test_entity_coverage" name="test_person_false_positives[Aus2]" time="1.516" /><testcase classname="tests.unit.test_entity_coverage" name="test_person_false_positives[Zu0]" time="1.682" /><testcase classname="tests.unit.test_entity_coverage" name="test_person_false_positives[Von1]" time="2.160" /><testcase classname="tests.unit.test_entity_coverage" name="test_person_false_positives[Als]" time="1.660" /><testcase classname="tests.unit.test_entity_coverage" name="test_person_false_positives[Und]" time="1.548" /><testcase classname="tests.unit.test_entity_coverage" name="test_person_false_positives[Oder]" time="1.619" /><testcase classname="tests.unit.test_entity_coverage" name="test_person_false_positives[Aber]" time="1.762" /><testcase classname="tests.unit.test_entity_coverage" name="test_person_false_positives[Wenn]" time="2.116" /><testcase classname="tests.unit.test_entity_coverage" name="test_person_false_positives[Dann1]" time="1.605" /><testcase classname="tests.unit.test_entity_coverage" name="test_person_false_positives[Weil]" time="1.507" /><testcase classname="tests.unit.test_entity_coverage" name="test_person_false_positives[Also]" time="1.492" /><testcase classname="tests.unit.test_entity_coverage" name="test_person_false_positives[Obwohl]" time="1.540" /><testcase classname="tests.unit.test_entity_coverage" name="test_person_false_positives[W\xe4hrend0]" time="2.057" /><testcase classname="tests.unit.test_entity_coverage" name="test_person_false_positives[Seit0]" time="1.584" /><testcase classname="tests.unit.test_entity_coverage" name="test_person_false_positives[Bis0]" time="1.608" /><testcase classname="tests.unit.test_entity_coverage" name="test_person_false_positives[Vor]" time="1.533" /><testcase classname="tests.unit.test_entity_coverage" name="test_person_false_positives[Nach]" time="1.644" /><testcase classname="tests.unit.test_entity_coverage" name="test_person_false_positives[W\xe4hrend1]" time="2.002" /><testcase classname="tests.unit.test_entity_coverage" name="test_person_false_positives[Durch0]" time="1.622" /><testcase classname="tests.unit.test_entity_coverage" name="test_person_false_positives[\xdcber0]" time="1.652" /><testcase classname="tests.unit.test_entity_coverage" name="test_person_false_positives[Unter0]" time="1.567" /><testcase classname="tests.unit.test_entity_coverage" name="test_person_false_positives[\xdcber1]" time="1.566" /><testcase classname="tests.unit.test_entity_coverage" name="test_person_false_positives[Unter1]" time="1.999" /><testcase classname="tests.unit.test_entity_coverage" name="test_person_false_positives[Zwischen]" time="1.548" /><testcase classname="tests.unit.test_entity_coverage" name="test_person_false_positives[Unter2]" time="1.520" /><testcase classname="tests.unit.test_entity_coverage" name="test_person_false_positives[Innerhalb0]" time="1.883" /><testcase classname="tests.unit.test_entity_coverage" name="test_person_false_positives[Ohne0]" time="1.692" /><testcase classname="tests.unit.test_entity_coverage" name="test_person_false_positives[Gegen]" time="2.242" /><testcase classname="tests.unit.test_entity_coverage" name="test_person_false_positives[Zu1]" time="1.520" /><testcase classname="tests.unit.test_entity_coverage" name="test_person_false_positives[In2]" time="1.596" /><testcase classname="tests.unit.test_entity_coverage" name="test_person_false_positives[Auf1]" time="1.643" /><testcase classname="tests.unit.test_entity_coverage" name="test_person_false_positives[Auf2]" time="1.727" /><testcase classname="tests.unit.test_entity_coverage" name="test_person_false_positives[\xdcber2]" time="2.230" /><testcase classname="tests.unit.test_entity_coverage" name="test_person_false_positives[\xdcber3]" time="1.699" /><testcase classname="tests.unit.test_entity_coverage" name="test_person_false_positives[Entlang]" time="1.622" /><testcase classname="tests.unit.test_entity_coverage" name="test_person_false_positives[Um]" time="1.579" /><testcase classname="tests.unit.test_entity_coverage" name="test_person_false_positives[Hinter]" time="1.719" /><testcase classname="tests.unit.test_entity_coverage" name="test_person_false_positives[Neben]" time="2.080" /><testcase classname="tests.unit.test_entity_coverage" name="test_person_false_positives[Au\xdfer]" time="1.582" /><testcase classname="tests.unit.test_entity_coverage" name="test_person_false_positives[Nah]" time="1.549" /><testcase classname="tests.unit.test_entity_coverage" name="test_person_false_positives[N\xe4chste]" time="1.476" /><testcase classname="tests.unit.test_entity_coverage" name="test_person_false_positives[Vorbei]" time="1.492" /><testcase classname="tests.unit.test_entity_coverage" name="test_person_false_positives[Rund]" time="2.055" /><testcase classname="tests.unit.test_entity_coverage" name="test_person_false_positives[Seit1]" time="1.537" /><testcase classname="tests.unit.test_entity_coverage" name="test_person_false_positives[Durch1]" time="1.555" /><testcase classname="tests.unit.test_entity_coverage" name="test_person_false_positives[\xdcberall]" time="1.491" /><testcase classname="tests.unit.test_entity_coverage" name="test_person_false_positives[Bis1]" time="1.453" /><testcase classname="tests.unit.test_entity_coverage" name="test_person_false_positives[Zu2]" time="1.960" /><testcase classname="tests.unit.test_entity_coverage" name="test_person_false_positives[Unter3]" time="1.601" /><testcase classname="tests.unit.test_entity_coverage" name="test_person_false_positives[Bis2]" time="1.581" /><testcase classname="tests.unit.test_entity_coverage" name="test_person_false_positives[Zu3]" time="1.518" /><testcase classname="tests.unit.test_entity_coverage" name="test_person_false_positives[Auf3]" time="1.471" /><testcase classname="tests.unit.test_entity_coverage" name="test_person_false_positives[Mit1]" time="1.999" /><testcase classname="tests.unit.test_entity_coverage" name="test_person_false_positives[Innerhalb1]" time="1.469" /><testcase classname="tests.unit.test_entity_coverage" name="test_person_false_positives[Ohne1]" time="1.512" /><testcase classname="tests.unit.test_entity_coverage" name="test_person_false_positives[Hallo, wie geht es dir?]" time="1.600" /><testcase classname="tests.unit.test_entity_coverage" name="test_person_false_positives[Ich brauche Hilfe.]" time="1.565" /><testcase classname="tests.unit.test_entity_coverage" name="test_person_false_positives[Was kann ich f\xfcr Sie tun?]" time="1.986" /><testcase classname="tests.unit.test_entity_coverage" name="test_person_false_positives[Danke f\xfcr die Information.]" time="1.494" /><testcase classname="tests.unit.test_entity_coverage" name="test_person_false_positives[Das ist toll.]" time="1.477" /><testcase classname="tests.unit.test_entity_coverage" name="test_person_false_positives[Entschuldigung, ich verstehe nicht.]" time="1.502" /><testcase classname="tests.unit.test_entity_coverage" name="test_person_false_positives[K\xf6nnen Sie mir helfen?]" time="1.609" /><testcase classname="tests.unit.test_entity_coverage" name="test_person_false_positives[Ja, das klingt gut.]" time="2.083" /><testcase classname="tests.unit.test_entity_coverage" name="test_person_false_positives[Nein, das passt nicht.]" time="1.538" /><testcase classname="tests.unit.test_entity_coverage" name="test_person_false_positives[Vielen Dank.]" time="1.512" /><testcase classname="tests.unit.test_entity_coverage" name="test_person_false_positives[Auf Wiedersehen.]" time="1.441" /><testcase classname="tests.unit.test_entity_coverage" name="test_person_false_positives[Wie kann ich Ihnen helfen?]" time="1.483" /><testcase classname="tests.unit.test_entity_coverage" name="test_person_false_positives[Ich habe eine Frage.]" time="2.052" /><testcase classname="tests.unit.test_entity_coverage" name="test_person_false_positives[Das ist sehr nett.]" time="1.596" /><testcase classname="tests.unit.test_entity_coverage" name="test_person_false_positives[Guten Tag.]" time="1.535" /><testcase classname="tests.unit.test_entity_coverage" name="test_person_false_positives[Guten Abend.]" time="1.468" /><testcase classname="tests.unit.test_entity_coverage" name="test_person_false_positives[Gute Nacht.]" time="1.513" /><testcase classname="tests.unit.test_entity_coverage" name="test_person_false_positives[Wie bitte?]" time="2.032" /><testcase classname="tests.unit.test_entity_coverage" name="test_person_false_positives[Entschuldigen Sie die St\xf6rung.]" time="1.552" /><testcase classname="tests.unit.test_entity_coverage" name="test_person_false_positives[Ich bin besch\xe4ftigt.]" time="1.640"><failure message="AssertionError: False positive PERSON detection in: Ich bin beschäftigt.&#10;assert '&lt;PERSON&gt;' not in 'Ich bin &lt;PERSON&gt;.'&#10;  &#10;  '&lt;PERSON&gt;' is contained here:&#10;    Ich bin &lt;PERSON&gt;.">f = &lt;PII_filter.pii_filter.PIIFilter object at 0x0000026B75A0CC50&gt;
text = 'Ich bin beschäftigt.'

    @pytest.mark.parametrize("text", person_false_positive_samples)
    def test_person_false_positives(f, text):
        out = f.anonymize_text(text)
&gt;       assert "&lt;PERSON&gt;" not in out, f"False positive PERSON detection in: {text}"
E       AssertionError: False positive PERSON detection in: Ich bin beschäftigt.
E       assert '&lt;PERSON&gt;' not in 'Ich bin &lt;PERSON&gt;.'
E         
E         '&lt;PERSON&gt;' is contained here:
E           Ich bin &lt;PERSON&gt;.

tests\unit\test_entity_coverage.py:632: AssertionError</failure></testcase><testcase classname="tests.unit.test_entity_coverage" name="test_person_false_positives[Das macht nichts.]" time="1.550" /><testcase classname="tests.unit.test_entity_coverage" name="test_person_false_positives[Kein Problem.]" time="1.884" /><testcase classname="tests.unit.test_entity_coverage" name="test_person_false_positives[Alles klar.]" time="1.488" /><testcase classname="tests.unit.test_entity_coverage" name="test_person_false_positives[Verstanden.]" time="1.522" /><testcase classname="tests.unit.test_entity_coverage" name="test_person_false_positives[Ich melde mich sp\xe4ter.]" time="1.615" /><testcase classname="tests.unit.test_entity_coverage" name="test_person_false_positives[Bis bald.]" time="1.587" /><testcase classname="tests.unit.test_entity_coverage" name="test_person_false_positives[Tsch\xfcss.]" time="2.265" /><testcase classname="tests.unit.test_entity_coverage" name="test_person_false_positives[Auf Wiederh\xf6ren.]" time="1.644" /><testcase classname="tests.unit.test_entity_coverage" name="test_address_false_positives[Main Street]" time="1.488" /><testcase classname="tests.unit.test_entity_coverage" name="test_address_false_positives[New York]" time="1.481" /><testcase classname="tests.unit.test_entity_coverage" name="test_address_false_positives[Berlin]" time="1.541" /><testcase classname="tests.unit.test_entity_coverage" name="test_address_false_positives[Paris]" time="2.205" /><testcase classname="tests.unit.test_entity_coverage" name="test_address_false_positives[The Empire State Building]" time="2.178" /><testcase classname="tests.unit.test_entity_coverage" name="test_address_false_positives[Via Roma]" time="1.634" /><testcase classname="tests.unit.test_entity_coverage" name="test_address_false_positives[Hauptstra\xdfe]" time="1.510" /><testcase classname="tests.unit.test_entity_coverage" name="test_address_false_positives[Rue de Rivoli]" time="1.757" /><testcase classname="tests.unit.test_entity_coverage" name="test_address_false_positives[I live on Main Street.]" time="2.364" /><testcase classname="tests.unit.test_entity_coverage" name="test_address_false_positives[My office is in New York.]" time="1.760" /><testcase classname="tests.unit.test_entity_coverage" name="test_address_false_positives[The meeting is at Hauptstra\xdfe.]" time="1.664" /><testcase classname="tests.unit.test_entity_coverage" name="test_address_false_positives[Visit us in Paris.]" time="1.596" /><testcase classname="tests.unit.test_entity_coverage" name="test_address_false_positives[Street address: Main Street]" time="1.502" /><testcase classname="tests.unit.test_entity_coverage" name="test_address_false_positives[City: New York]" time="2.315" /><testcase classname="tests.unit.test_entity_coverage" name="test_address_false_positives[Location: Berlin]" time="1.624" /><testcase classname="tests.unit.test_entity_coverage" name="test_address_false_positives[Address: Paris]" time="1.589" /><testcase classname="tests.unit.test_entity_coverage" name="test_address_false_positives[Building: Empire State]" time="1.583" /><testcase classname="tests.unit.test_entity_coverage" name="test_address_false_positives[Road: Via Roma]" time="1.563" /><testcase classname="tests.unit.test_entity_coverage" name="test_address_false_positives[Avenue: Hauptstra\xdfe]" time="2.421" /><testcase classname="tests.unit.test_entity_coverage" name="test_address_false_positives[Boulevard: Rue de Rivoli]" time="1.940" /><testcase classname="tests.unit.test_entity_coverage" name="test_address_false_positives[M\xfcritzsee]" time="1.743" /><testcase classname="tests.unit.test_entity_coverage" name="test_address_false_positives[Schwabental]" time="1.645" /><testcase classname="tests.unit.test_entity_coverage" name="test_address_false_positives[Anna Gasse]" time="1.718" /><testcase classname="tests.unit.test_entity_coverage" name="test_address_false_positives[Koordinaten: 52.5200, 13.4050]" time="2.307" /><testcase classname="tests.unit.test_entity_coverage" name="test_address_false_positives[Plus Code: 9C3W9QCJ+2V]" time="1.582" /><testcase classname="tests.unit.test_entity_coverage" name="test_address_false_positives[w3w: ///index.home.raft]" time="1.717" /><testcase classname="tests.unit.test_entity_coverage" name="test_address_false_positives[Kennzeichen: B-AB 1234]" time="1.673" /><testcase classname="tests.unit.test_entity_coverage" name="test_location_false_positives[Top 14]" time="1.484" /><testcase classname="tests.unit.test_entity_coverage" name="test_location_false_positives[Stiege 2]" time="2.252" /><testcase classname="tests.unit.test_entity_coverage" name="test_location_false_positives[Whg. 5]" time="1.544" /><testcase classname="tests.unit.test_entity_coverage" name="test_location_false_positives[2. Etage]" time="1.576" /><testcase classname="tests.unit.test_entity_coverage" name="test_location_false_positives[2. OG]" time="1.568" /></testsuite></testsuites>