<?xml version="1.0" encoding="utf-8"?><testsuites name="pytest tests"><testsuite name="pytest" errors="0" failures="0" skipped="0" tests="8" time="8.626" timestamp="2026-02-12T14:03:39.367488+01:00" hostname="SteffenXpert"><testcase classname="tests.unit.test_false_positives" name="test_false_positives[I live at 221B Baker Street, London.-&lt;ADDRESS&gt;]" time="1.234" /><testcase classname="tests.unit.test_false_positives" name="test_false_positives[Meine E-Mail ist max.mustermann@beispiel.de und ich wohne in der Musterstra\xdfe 5, 10115 Berlin.-&lt;EMAIL&gt;]" time="0.985" /><testcase classname="tests.unit.test_false_positives" name="test_false_positives[Ich will Gewerbe anmelden.-Gewerbe]" time="0.850" /><testcase classname="tests.unit.test_false_positives" name="test_false_positives[IMEI 490154203237518-&lt;IMEI&gt;]" time="0.846" /><testcase classname="tests.unit.test_false_positives" name="test_false_positives[My device IMEI is 490154203237518-&lt;IMEI&gt;]" time="1.084" /><testcase classname="tests.unit.test_false_positives" name="test_false_positives[Diagnosed with diabetes.-&lt;HEALTH_INFO&gt;]" time="0.860" /><testcase classname="tests.unit.test_false_positives" name="test_false_positives[Visa 4111 1111 1111 1111-&lt;CREDIT_CARD&gt;]" time="0.829" /><testcase classname="tests.unit.test_false_positives" name="test_false_positives[My name is John Smith-&lt;PERSON&gt;]" time="0.855" /></testsuite></testsuites>