<?xml version="1.0" encoding="utf-8"?><testsuites name="pytest tests"><testsuite name="pytest" errors="0" failures="0" skipped="0" tests="28" time="34.686" timestamp="2026-02-14T20:18:56.335061+01:00" hostname="SteffenXpert"><testcase classname="tests.unit.test_api_keys.TestAPIKeyDetection" name="test_aws_access_key_id" time="1.570" /><testcase classname="tests.unit.test_api_keys.TestAPIKeyDetection" name="test_aws_secret_access_key" time="1.112" /><testcase classname="tests.unit.test_api_keys.TestAPIKeyDetection" name="test_github_personal_access_token" time="1.328" /><testcase classname="tests.unit.test_api_keys.TestAPIKeyDetection" name="test_github_oauth_token" time="1.113" /><testcase classname="tests.unit.test_api_keys.TestAPIKeyDetection" name="test_github_user_to_server_token" time="1.109" /><testcase classname="tests.unit.test_api_keys.TestAPIKeyDetection" name="test_stripe_live_secret_key" time="1.100" /><testcase classname="tests.unit.test_api_keys.TestAPIKeyDetection" name="test_stripe_test_secret_key" time="1.144" /><testcase classname="tests.unit.test_api_keys.TestAPIKeyDetection" name="test_stripe_live_public_key" time="1.549" /><testcase classname="tests.unit.test_api_keys.TestAPIKeyDetection" name="test_stripe_test_public_key" time="1.103" /><testcase classname="tests.unit.test_api_keys.TestAPIKeyDetection" name="test_slack_bot_token" time="1.096" /><testcase classname="tests.unit.test_api_keys.TestAPIKeyDetection" name="test_slack_user_token" time="1.121" /><testcase classname="tests.unit.test_api_keys.TestAPIKeyDetection" name="test_google_api_key" time="1.142" /><testcase classname="tests.unit.test_api_keys.TestAPIKeyDetection" name="test_sendgrid_api_key" time="1.490" /><testcase classname="tests.unit.test_api_keys.TestAPIKeyDetection" name="test_mailchimp_api_key" time="1.091" /><testcase classname="tests.unit.test_api_keys.TestAPIKeyDetection" name="test_twilio_auth_token" time="1.093" /><testcase classname="tests.unit.test_api_keys.TestAPIKeyDetection" name="test_azure_api_key" time="1.127" /><testcase classname="tests.unit.test_api_keys.TestAPIKeyDetection" name="test_openai_api_key" time="1.118" /><testcase classname="tests.unit.test_api_keys.TestAPIKeyDetection" name="test_firebase_api_key" time="1.412" /><testcase classname="tests.unit.test_api_keys.TestAPIKeyDetection" name="test_jwt_bearer_token" time="1.090" /><testcase classname="tests.unit.test_api_keys.TestAPIKeyDetection" name="test_cloudflare_api_token" time="1.125" /><testcase classname="tests.unit.test_api_keys.TestAPIKeyDetection" name="test_digitalocean_token" time="1.105" /><testcase classname="tests.unit.test_api_keys.TestAPIKeyDetection" name="test_webhook_secret" time="1.088" /><testcase classname="tests.unit.test_api_keys.TestAPIKeyDetection" name="test_no_false_positive_short_strings" time="1.422" /><testcase classname="tests.unit.test_api_keys.TestAPIKeyDetection" name="test_no_false_positive_common_words" time="1.079" /><testcase classname="tests.unit.test_api_keys.TestAPIKeyDetection" name="test_multiple_api_keys" time="1.091" /><testcase classname="tests.unit.test_api_keys.TestAPIKeyDetection" name="test_api_key_in_url" time="1.078" /><testcase classname="tests.unit.test_api_keys.TestAPIKeyDetection" name="test_api_key_with_equals_sign" time="1.088" /><testcase classname="tests.unit.test_api_keys.TestAPIKeyDetection" name="test_api_key_with_colon" time="1.415" /></testsuite></testsuites>