<?xml version="1.0" encoding="utf-8"?><testsuites name="pytest tests"><testsuite name="pytest" errors="0" failures="0" skipped="0" tests="43" time="37.787" timestamp="2026-02-12T22:56:02.333041+01:00" hostname="SteffenXpert"><testcase classname="tests.unit.test_reference_identifiers.TestFileNumberDetection" name="test_file_number_english" time="1.084" /><testcase classname="tests.unit.test_reference_identifiers.TestFileNumberDetection" name="test_file_number_with_prefix" time="0.784" /><testcase classname="tests.unit.test_reference_identifiers.TestFileNumberDetection" name="test_file_number_german" time="0.910" /><testcase classname="tests.unit.test_reference_identifiers.TestFileNumberDetection" name="test_file_number_with_label" time="0.801" /><testcase classname="tests.unit.test_reference_identifiers.TestFileNumberDetection" name="test_file_number_italian" time="0.816" /><testcase classname="tests.unit.test_reference_identifiers.TestFileNumberDetection" name="test_file_number_alphanumeric" time="0.863" /><testcase classname="tests.unit.test_reference_identifiers.TestFileNumberDetection" name="test_file_number_with_hyphens" time="0.870" /><testcase classname="tests.unit.test_reference_identifiers.TestFileNumberDetection" name="test_unrelated_numbers_partially_untouched" time="1.079" /><testcase classname="tests.unit.test_reference_identifiers.TestTransactionNumberDetection" name="test_transaction_number_english" time="0.811" /><testcase classname="tests.unit.test_reference_identifiers.TestTransactionNumberDetection" name="test_transaction_number_abbreviated" time="0.812" /><testcase classname="tests.unit.test_reference_identifiers.TestTransactionNumberDetection" name="test_transaction_number_german" time="0.839" /><testcase classname="tests.unit.test_reference_identifiers.TestTransactionNumberDetection" name="test_transaction_number_french" time="0.886" /><testcase classname="tests.unit.test_reference_identifiers.TestTransactionNumberDetection" name="test_transaction_number_italian" time="1.091" /><testcase classname="tests.unit.test_reference_identifiers.TestTransactionNumberDetection" name="test_transaction_number_spanish" time="0.806" /><testcase classname="tests.unit.test_reference_identifiers.TestTransactionNumberDetection" name="test_transaction_number_numeric_only" time="0.794" /><testcase classname="tests.unit.test_reference_identifiers.TestTransactionNumberDetection" name="test_transaction_with_separators" time="0.789" /><testcase classname="tests.unit.test_reference_identifiers.TestCustomerNumberDetection" name="test_customer_number_english" time="0.820" /><testcase classname="tests.unit.test_reference_identifiers.TestCustomerNumberDetection" name="test_customer_id_abbreviated" time="1.028" /><testcase classname="tests.unit.test_reference_identifiers.TestCustomerNumberDetection" name="test_client_number_english" time="0.782" /><testcase classname="tests.unit.test_reference_identifiers.TestCustomerNumberDetection" name="test_customer_number_german" time="0.786" /><testcase classname="tests.unit.test_reference_identifiers.TestCustomerNumberDetection" name="test_customer_number_french" time="0.784" /><testcase classname="tests.unit.test_reference_identifiers.TestCustomerNumberDetection" name="test_customer_number_italian" time="0.826" /><testcase classname="tests.unit.test_reference_identifiers.TestCustomerNumberDetection" name="test_customer_number_spanish" time="1.035" /><testcase classname="tests.unit.test_reference_identifiers.TestCustomerNumberDetection" name="test_customer_number_alphanumeric" time="0.798" /><testcase classname="tests.unit.test_reference_identifiers.TestTicketIDDetection" name="test_ticket_number_english" time="0.790" /><testcase classname="tests.unit.test_reference_identifiers.TestTicketIDDetection" name="test_case_id_english" time="0.789" /><testcase classname="tests.unit.test_reference_identifiers.TestTicketIDDetection" name="test_issue_number_english" time="0.802" /><testcase classname="tests.unit.test_reference_identifiers.TestTicketIDDetection" name="test_task_id_english" time="1.049" /><testcase classname="tests.unit.test_reference_identifiers.TestTicketIDDetection" name="test_ticket_id_german" time="0.778" /><testcase classname="tests.unit.test_reference_identifiers.TestTicketIDDetection" name="test_ticket_id_french" time="0.789" /><testcase classname="tests.unit.test_reference_identifiers.TestTicketIDDetection" name="test_ticket_id_italian" time="0.816" /><testcase classname="tests.unit.test_reference_identifiers.TestTicketIDDetection" name="test_ticket_id_spanish" time="0.804" /><testcase classname="tests.unit.test_reference_identifiers.TestTicketIDDetection" name="test_ticket_reference_number" time="1.011" /><testcase classname="tests.unit.test_reference_identifiers.TestTicketIDDetection" name="test_ticket_alphanumeric" time="0.782" /><testcase classname="tests.unit.test_reference_identifiers.TestMultilingualIntegration" name="test_multilingual_document" time="0.797" /><testcase classname="tests.unit.test_reference_identifiers.TestFalsePositiveAvoidance" name="test_regular_numbers_untouched" time="0.785" /><testcase classname="tests.unit.test_reference_identifiers.TestFalsePositiveAvoidance" name="test_phone_numbers_not_confused" time="0.826" /><testcase classname="tests.unit.test_reference_identifiers.TestFalsePositiveAvoidance" name="test_dates_not_confused" time="1.024" /><testcase classname="tests.unit.test_reference_identifiers.TestFalsePositiveAvoidance" name="test_zip_codes_not_confused" time="0.785" /><testcase classname="tests.unit.test_reference_identifiers.TestAnonymizationPlaceholders" name="test_file_number_placeholder" time="0.799" /><testcase classname="tests.unit.test_reference_identifiers.TestAnonymizationPlaceholders" name="test_transaction_number_placeholder" time="0.799" /><testcase classname="tests.unit.test_reference_identifiers.TestAnonymizationPlaceholders" name="test_customer_number_placeholder" time="0.821" /><testcase classname="tests.unit.test_reference_identifiers.TestAnonymizationPlaceholders" name="test_ticket_id_placeholder" time="1.034" /></testsuite></testsuites>