<?xml version="1.0" encoding="utf-8"?><testsuites name="pytest tests"><testsuite name="pytest" errors="0" failures="0" skipped="0" tests="30" time="4.947" timestamp="2026-02-17T11:36:16.923309+01:00" hostname="LAPTOP-4UQ2EECE"><testcase classname="tests.unit.test_ids_tax" name="test_passport_positive[US passport: A12345678]" time="2.542" /><testcase classname="tests.unit.test_ids_tax" name="test_passport_positive[EU passport: X1Y2Z3A4B]" time="0.019" /><testcase classname="tests.unit.test_ids_tax" name="test_passport_negative_pipeline[PASS port]" time="0.012" /><testcase classname="tests.unit.test_ids_tax" name="test_passport_negative_pipeline[passport holder]" time="0.017" /><testcase classname="tests.unit.test_ids_tax" name="test_id_number_positive[UK NINO: AB 12 34 56 C]" time="0.013" /><testcase classname="tests.unit.test_ids_tax" name="test_id_number_positive[ES DNI: 12345678Z]" time="0.009" /><testcase classname="tests.unit.test_ids_tax" name="test_id_number_positive[ES NIE: X1234567L]" time="0.019" /><testcase classname="tests.unit.test_ids_tax" name="test_id_number_positive[IT CF: RSSMRA85M01H501Z]" time="0.012" /><testcase classname="tests.unit.test_ids_tax" name="test_id_number_positive[NL BSN: 123456782]" time="0.011" /><testcase classname="tests.unit.test_ids_tax" name="test_id_number_positive[PL PESEL: 02070803628]" time="0.013" /><testcase classname="tests.unit.test_ids_tax" name="test_id_number_positive[SE personnummer: 850709-9805]" time="0.025" /><testcase classname="tests.unit.test_ids_tax" name="test_id_number_positive[NO f\xf8dselsnummer: 01010101006]" time="0.011" /><testcase classname="tests.unit.test_ids_tax" name="test_id_number_positive[FI HETU: 131052-308T]" time="0.015" /><testcase classname="tests.unit.test_ids_tax" name="test_id_number_negative_pipeline[employee id: ABCDE]" time="0.018" /><testcase classname="tests.unit.test_ids_tax" name="test_id_number_negative_pipeline[dni]" time="0.011" /><testcase classname="tests.unit.test_ids_tax" name="test_id_number_negative_pipeline[personal number: policy]" time="0.019" /><testcase classname="tests.unit.test_ids_tax" name="test_vat_tax_positive[DE VAT: DE123456789]" time="0.015" /><testcase classname="tests.unit.test_ids_tax" name="test_vat_tax_positive[FR VAT: FR12345678901]" time="0.012" /><testcase classname="tests.unit.test_ids_tax" name="test_vat_tax_positive[IT VAT: IT12345678901]" time="0.025" /><testcase classname="tests.unit.test_ids_tax" name="test_vat_tax_positive[ES VAT: ESX1234567L]" time="0.023" /><testcase classname="tests.unit.test_ids_tax" name="test_vat_tax_positive[NL VAT: NL123456789B01]" time="0.011" /><testcase classname="tests.unit.test_ids_tax" name="test_vat_tax_positive[PL NIP (tax): PL1234567890]" time="0.010" /><testcase classname="tests.unit.test_ids_tax" name="test_vat_tax_positive[RO VAT: RO12345678]" time="0.009" /><testcase classname="tests.unit.test_ids_tax" name="test_vat_tax_positive[SE VAT: SE123456789001]" time="0.016" /><testcase classname="tests.unit.test_ids_tax" name="test_vat_tax_positive[GB VAT: GB123456789]" time="0.009" /><testcase classname="tests.unit.test_ids_tax" name="test_vat_tax_positive[CH VAT: CHE123456789MWST]" time="0.013" /><testcase classname="tests.unit.test_ids_tax" name="test_vat_tax_negative_pipeline[VAT]" time="0.035" /><testcase classname="tests.unit.test_ids_tax" name="test_vat_tax_negative_pipeline[TIN abcdef]" time="0.023" /><testcase classname="tests.unit.test_ids_tax" name="test_vat_tax_negative_pipeline[SIREN 1234]" time="0.010" /><testcase classname="tests.unit.test_ids_tax" name="test_vat_tax_negative_pipeline[random 123456]" time="0.011" /></testsuite></testsuites>