<?xml version="1.0" encoding="utf-8"?><testsuites name="pytest tests"><testsuite name="pytest" errors="0" failures="1" skipped="0" tests="30" time="37.114" timestamp="2026-02-14T20:36:13.057714+01:00" hostname="SteffenXpert"><testcase classname="tests.unit.test_tokens.TestSessionID" name="test_sessionid_labeled" time="1.396" /><testcase classname="tests.unit.test_tokens.TestSessionID" name="test_session_token_labeled" time="1.074" /><testcase classname="tests.unit.test_tokens.TestSessionID" name="test_session_id_labeled" time="1.224" /><testcase classname="tests.unit.test_tokens.TestSessionID" name="test_sid_labeled" time="1.024" /><testcase classname="tests.unit.test_tokens.TestAccessToken" name="test_access_token_labeled" time="1.018" /><testcase classname="tests.unit.test_tokens.TestAccessToken" name="test_bearer_token" time="1.044" /><testcase classname="tests.unit.test_tokens.TestAccessToken" name="test_token_labeled" time="1.080" /><testcase classname="tests.unit.test_tokens.TestRefreshToken" name="test_refresh_token_labeled" time="1.381" /><testcase classname="tests.unit.test_tokens.TestRefreshToken" name="test_refreshtoken_alt_format" time="1.045" /><testcase classname="tests.unit.test_tokens.TestAccessCode" name="test_access_code_format" time="1.064" /><testcase classname="tests.unit.test_tokens.TestAccessCode" name="test_auth_code_format" time="1.059" /><testcase classname="tests.unit.test_tokens.TestAccessCode" name="test_code_format" time="1.076" /><testcase classname="tests.unit.test_tokens.TestAccessCode" name="test_pin_code_format" time="1.413" /><testcase classname="tests.unit.test_tokens.TestOTPCode" name="test_otp_code_format" time="1.036" /><testcase classname="tests.unit.test_tokens.TestOTPCode" name="test_one_time_password_format" time="1.063"><failure message="AssertionError: assert '&lt;OTP_CODE&gt;' in 'one_time_&lt;PASSWORD&gt;'">self = &lt;unit.test_tokens.TestOTPCode object at 0x0000024C1A655910&gt;
filter_instance = &lt;pii_filter.pii_filter.PIIFilter object at 0x0000024C1A8C0610&gt;

    def test_one_time_password_format(self, filter_instance):
        """Test one-time password format."""
        text = "one_time_password=987654"
        result = filter_instance.anonymize_text(text)
&gt;       assert "&lt;OTP_CODE&gt;" in result
E       AssertionError: assert '&lt;OTP_CODE&gt;' in 'one_time_&lt;PASSWORD&gt;'

tests\unit\test_tokens.py:123: AssertionError</failure></testcase><testcase classname="tests.unit.test_tokens.TestOTPCode" name="test_2fa_code_format" time="1.029" /><testcase classname="tests.unit.test_tokens.TestOTPCode" name="test_two_factor_code_format" time="1.057" /><testcase classname="tests.unit.test_tokens.TestOTPCode" name="test_verification_code_format" time="1.365" /><testcase classname="tests.unit.test_tokens.TestOTPCode" name="test_mfa_code_format" time="1.027" /><testcase classname="tests.unit.test_tokens.TestMultipleTokens" name="test_multiple_different_tokens" time="1.086" /><testcase classname="tests.unit.test_tokens.TestMultipleTokens" name="test_session_and_access_tokens" time="1.049" /><testcase classname="tests.unit.test_tokens.TestTokenContextAndFormat" name="test_token_with_spaces" time="1.078" /><testcase classname="tests.unit.test_tokens.TestTokenContextAndFormat" name="test_token_case_insensitive" time="1.325" /><testcase classname="tests.unit.test_tokens.TestTokenContextAndFormat" name="test_token_in_json" time="1.020" /><testcase classname="tests.unit.test_tokens.TestTokenContextAndFormat" name="test_token_in_url_query" time="0.997" /><testcase classname="tests.unit.test_tokens.TestTokenContextAndFormat" name="test_otp_with_hyphens" time="1.027" /><testcase classname="tests.unit.test_tokens.TestTokenFalsePositives" name="test_generic_code_not_flagged_without_label" time="1.573" /><testcase classname="tests.unit.test_tokens.TestTokenFalsePositives" name="test_pin_in_normal_context" time="2.025" /><testcase classname="tests.unit.test_tokens.TestTokenFalsePositives" name="test_session_in_document" time="1.658" /><testcase classname="tests.unit.test_tokens.TestTokenFalsePositives" name="test_bearer_in_normal_text" time="1.489" /></testsuite></testsuites>