<?xml version="1.0" encoding="utf-8"?><testsuites name="pytest tests"><testsuite name="pytest" errors="0" failures="0" skipped="0" tests="43" time="37.883" timestamp="2026-02-12T14:04:02.848838+01:00" hostname="SteffenXpert"><testcase classname="tests.unit.test_reference_identifiers.TestFileNumberDetection" name="test_file_number_english" time="1.355" /><testcase classname="tests.unit.test_reference_identifiers.TestFileNumberDetection" name="test_file_number_with_prefix" time="0.857" /><testcase classname="tests.unit.test_reference_identifiers.TestFileNumberDetection" name="test_file_number_german" time="0.784" /><testcase classname="tests.unit.test_reference_identifiers.TestFileNumberDetection" name="test_file_number_with_label" time="0.785" /><testcase classname="tests.unit.test_reference_identifiers.TestFileNumberDetection" name="test_file_number_italian" time="0.782" /><testcase classname="tests.unit.test_reference_identifiers.TestFileNumberDetection" name="test_file_number_alphanumeric" time="0.829" /><testcase classname="tests.unit.test_reference_identifiers.TestFileNumberDetection" name="test_file_number_with_hyphens" time="1.168" /><testcase classname="tests.unit.test_reference_identifiers.TestFileNumberDetection" name="test_unrelated_numbers_partially_untouched" time="0.821" /><testcase classname="tests.unit.test_reference_identifiers.TestTransactionNumberDetection" name="test_transaction_number_english" time="0.809" /><testcase classname="tests.unit.test_reference_identifiers.TestTransactionNumberDetection" name="test_transaction_number_abbreviated" time="0.788" /><testcase classname="tests.unit.test_reference_identifiers.TestTransactionNumberDetection" name="test_transaction_number_german" time="0.800" /><testcase classname="tests.unit.test_reference_identifiers.TestTransactionNumberDetection" name="test_transaction_number_french" time="1.150" /><testcase classname="tests.unit.test_reference_identifiers.TestTransactionNumberDetection" name="test_transaction_number_italian" time="0.773" /><testcase classname="tests.unit.test_reference_identifiers.TestTransactionNumberDetection" name="test_transaction_number_spanish" time="0.786" /><testcase classname="tests.unit.test_reference_identifiers.TestTransactionNumberDetection" name="test_transaction_number_numeric_only" time="0.778" /><testcase classname="tests.unit.test_reference_identifiers.TestTransactionNumberDetection" name="test_transaction_with_separators" time="0.795" /><testcase classname="tests.unit.test_reference_identifiers.TestCustomerNumberDetection" name="test_customer_number_english" time="1.162" /><testcase classname="tests.unit.test_reference_identifiers.TestCustomerNumberDetection" name="test_customer_id_abbreviated" time="0.763" /><testcase classname="tests.unit.test_reference_identifiers.TestCustomerNumberDetection" name="test_client_number_english" time="0.787" /><testcase classname="tests.unit.test_reference_identifiers.TestCustomerNumberDetection" name="test_customer_number_german" time="0.787" /><testcase classname="tests.unit.test_reference_identifiers.TestCustomerNumberDetection" name="test_customer_number_french" time="0.790" /><testcase classname="tests.unit.test_reference_identifiers.TestCustomerNumberDetection" name="test_customer_number_italian" time="1.049" /><testcase classname="tests.unit.test_reference_identifiers.TestCustomerNumberDetection" name="test_customer_number_spanish" time="0.833" /><testcase classname="tests.unit.test_reference_identifiers.TestCustomerNumberDetection" name="test_customer_number_alphanumeric" time="0.804" /><testcase classname="tests.unit.test_reference_identifiers.TestTicketIDDetection" name="test_ticket_number_english" time="0.792" /><testcase classname="tests.unit.test_reference_identifiers.TestTicketIDDetection" name="test_case_id_english" time="0.801" /><testcase classname="tests.unit.test_reference_identifiers.TestTicketIDDetection" name="test_issue_number_english" time="1.005" /><testcase classname="tests.unit.test_reference_identifiers.TestTicketIDDetection" name="test_task_id_english" time="0.801" /><testcase classname="tests.unit.test_reference_identifiers.TestTicketIDDetection" name="test_ticket_id_german" time="0.796" /><testcase classname="tests.unit.test_reference_identifiers.TestTicketIDDetection" name="test_ticket_id_french" time="0.785" /><testcase classname="tests.unit.test_reference_identifiers.TestTicketIDDetection" name="test_ticket_id_italian" time="0.789" /><testcase classname="tests.unit.test_reference_identifiers.TestTicketIDDetection" name="test_ticket_id_spanish" time="1.055" /><testcase classname="tests.unit.test_reference_identifiers.TestTicketIDDetection" name="test_ticket_reference_number" time="0.772" /><testcase classname="tests.unit.test_reference_identifiers.TestTicketIDDetection" name="test_ticket_alphanumeric" time="0.784" /><testcase classname="tests.unit.test_reference_identifiers.TestMultilingualIntegration" name="test_multilingual_document" time="0.797" /><testcase classname="tests.unit.test_reference_identifiers.TestFalsePositiveAvoidance" name="test_regular_numbers_untouched" time="0.817" /><testcase classname="tests.unit.test_reference_identifiers.TestFalsePositiveAvoidance" name="test_phone_numbers_not_confused" time="1.101" /><testcase classname="tests.unit.test_reference_identifiers.TestFalsePositiveAvoidance" name="test_dates_not_confused" time="0.790" /><testcase classname="tests.unit.test_reference_identifiers.TestFalsePositiveAvoidance" name="test_zip_codes_not_confused" time="0.792" /><testcase classname="tests.unit.test_reference_identifiers.TestAnonymizationPlaceholders" name="test_file_number_placeholder" time="0.799" /><testcase classname="tests.unit.test_reference_identifiers.TestAnonymizationPlaceholders" name="test_transaction_number_placeholder" time="0.782" /><testcase classname="tests.unit.test_reference_identifiers.TestAnonymizationPlaceholders" name="test_customer_number_placeholder" time="1.004" /><testcase classname="tests.unit.test_reference_identifiers.TestAnonymizationPlaceholders" name="test_ticket_id_placeholder" time="0.763" /></testsuite></testsuites>