<?xml version="1.0" encoding="utf-8"?><testsuites name="pytest tests"><testsuite name="pytest" errors="0" failures="0" skipped="0" tests="47" time="83.512" timestamp="2026-02-16T23:08:17.281122+01:00" hostname="LAPTOP-4UQ2EECE"><testcase classname="tests.unit.test_chat_person_address_de_en" name="test_en_chat_person_intro[User: Hi, my name is John Doe\nBot: Nice to meet you, John!]" time="2.335" /><testcase classname="tests.unit.test_chat_person_address_de_en" name="test_en_chat_person_intro[User: hey there, I'm Sarah Connor\nAgent: Hi Sarah, how can I help?]" time="1.731" /><testcase classname="tests.unit.test_chat_person_address_de_en" name="test_en_chat_person_intro[User: I am called Mike\nSupport: Hello Mike \U0001f44b]" time="1.620" /><testcase classname="tests.unit.test_chat_person_address_de_en" name="test_de_chat_person_intro[Kunde: Mein Name ist Anna M\xfcller\nBot: Hallo Anna!]" time="1.648" /><testcase classname="tests.unit.test_chat_person_address_de_en" name="test_de_chat_person_intro[User: Ich hei\xdfe Lukas Bauer\nBerater: Wie kann ich helfen?]" time="1.641" /><testcase classname="tests.unit.test_chat_person_address_de_en" name="test_de_chat_person_intro[Kunde: Ich bin Paul Meier\nBot: Hallo Paul! \U0001f60a]" time="1.697" /><testcase classname="tests.unit.test_chat_person_address_de_en" name="test_chat_address_true_positives[User: My address is 221B Baker Street, NW1 6XE London]" time="1.992" /><testcase classname="tests.unit.test_chat_person_address_de_en" name="test_chat_address_true_positives[User: Shipping address: Main Street 42, 12345 Sampletown]" time="1.549" /><testcase classname="tests.unit.test_chat_person_address_de_en" name="test_chat_address_true_positives[Kunde: Meine Adresse ist Hauptstra\xdfe 5, 10115 Berlin]" time="1.581" /><testcase classname="tests.unit.test_chat_person_address_de_en" name="test_chat_address_true_positives[Kunde: Lieferadresse: Goethestra\xdfe 10\n80331 M\xfcnchen]" time="1.727" /><testcase classname="tests.unit.test_chat_person_address_de_en" name="test_chat_address_true_positives[User: Send to Am Stadtpark 3, 20095 Hamburg]" time="1.613" /><testcase classname="tests.unit.test_chat_person_address_de_en" name="test_chat_city_or_postal_city_not_address[User: I am in Berlin today]" time="2.173" /><testcase classname="tests.unit.test_chat_person_address_de_en" name="test_chat_city_or_postal_city_not_address[User: Let\u2019s meet in Munich]" time="1.850" /><testcase classname="tests.unit.test_chat_person_address_de_en" name="test_chat_city_or_postal_city_not_address[Kunde: Ich bin in Hamburg unterwegs]" time="1.776" /><testcase classname="tests.unit.test_chat_person_address_de_en" name="test_chat_city_or_postal_city_not_address[Kunde: 10115 Berlin (nur PLZ+Stadt)]" time="1.873" /><testcase classname="tests.unit.test_chat_person_address_de_en" name="test_chat_single_tokens_not_person_or_address[User: Stra\xdfe]" time="2.066" /><testcase classname="tests.unit.test_chat_person_address_de_en" name="test_chat_single_tokens_not_person_or_address[User: Weg]" time="2.038" /><testcase classname="tests.unit.test_chat_person_address_de_en" name="test_chat_single_tokens_not_person_or_address[User: Gasse]" time="1.566" /><testcase classname="tests.unit.test_chat_person_address_de_en" name="test_chat_single_tokens_not_person_or_address[User: Allee]" time="1.573" /><testcase classname="tests.unit.test_chat_person_address_de_en" name="test_chat_single_tokens_not_person_or_address[User: ADDRESS:]" time="1.638" /><testcase classname="tests.unit.test_chat_person_address_de_en" name="test_chat_single_tokens_not_person_or_address[Kunde: RECHNUNG]" time="1.763" /><testcase classname="tests.unit.test_chat_person_address_de_en" name="test_chat_single_tokens_not_person_or_address[Kunde: KUNDENNUMMER]" time="2.068" /><testcase classname="tests.unit.test_chat_person_address_de_en" name="test_chat_no_address_in_email_or_url[User: adresse: max.mustermann@example.com]" time="1.519" /><testcase classname="tests.unit.test_chat_person_address_de_en" name="test_chat_no_address_in_email_or_url[User: Address: https://maps.example.com/Hauptstrasse]" time="1.503" /><testcase classname="tests.unit.test_chat_person_address_de_en" name="test_chat_no_address_in_email_or_url[Kunde: Meine Adresse ist in meinem Profil: https://portal.example.de/user/paul]" time="1.917" /><testcase classname="tests.unit.test_chat_person_address_de_en" name="test_chat_mixed_timestamps_speakers" time="1.624" /><testcase classname="tests.unit.test_chat_person_address_de_en" name="test_en_chat_request_no_address" time="1.560" /><testcase classname="tests.unit.test_chat_person_address_de_en" name="test_de_chat_ich_bin_location_not_person[Kunde: Ich bin in M\xfcnchen im Urlaub]" time="1.510" /><testcase classname="tests.unit.test_chat_person_address_de_en" name="test_de_chat_ich_bin_location_not_person[User: Ich bin in Berlin, kein Name]" time="1.481" /><testcase classname="tests.unit.test_chat_person_address_de_en" name="test_chat_partial_address_across_lines[User: Stra\xdfe: Hauptstra\xdfe\nNr.: 10\nPLZ/Ort: 10115 Berlin]" time="2.056" /><testcase classname="tests.unit.test_chat_person_address_de_en" name="test_chat_partial_address_across_lines[User: Street: Baker St.\nNumber: 221B\nCity: London]" time="1.635" /><testcase classname="tests.unit.test_chat_person_address_de_en" name="test_en_chat_handles_tickets_not_person_address[User: my handle is @john_doe and ticket is ABC-12345]" time="1.693" /><testcase classname="tests.unit.test_chat_person_address_de_en" name="test_en_chat_handles_tickets_not_person_address[Support: refer to case #987654; user is @sarah-c]" time="1.557" /><testcase classname="tests.unit.test_chat_person_address_de_en" name="test_en_chat_handles_tickets_not_person_address[User: send it to @max (not an address)]" time="1.514" /><testcase classname="tests.unit.test_chat_person_address_de_en" name="test_chat_street_without_number_not_address[User: Can you send it to Baker Street?]" time="1.923" /><testcase classname="tests.unit.test_chat_person_address_de_en" name="test_chat_street_without_number_not_address[Kunde: Kannst du es zur Goethestra\xdfe schicken?]" time="1.544" /><testcase classname="tests.unit.test_chat_person_address_de_en" name="test_chat_address_abbreviations_true_positive[User: Send to Hauptstr. 5, 10115 Berlin]" time="1.615" /><testcase classname="tests.unit.test_chat_person_address_de_en" name="test_chat_address_abbreviations_true_positive[User: Shipping to Main St. 10, 90210 Beverly Hills]" time="1.593" /><testcase classname="tests.unit.test_chat_person_address_de_en" name="test_chat_address_abbreviations_true_positive[User: Deliver to 10 Downing St, SW1A 2AA London]" time="1.538" /><testcase classname="tests.unit.test_chat_person_address_de_en" name="test_non_regression_other_entities_in_chat[Call me at +49 30 1234567-PHONE_NUMBER]" time="2.241" /><testcase classname="tests.unit.test_chat_person_address_de_en" name="test_non_regression_other_entities_in_chat[I was born on March 15, 1985-DATE]" time="1.477" /><testcase classname="tests.unit.test_chat_person_address_de_en" name="test_non_regression_other_entities_in_chat[SSN: 123-45-6789-ID_NUMBER]" time="1.529" /><testcase classname="tests.unit.test_chat_person_address_de_en" name="test_non_regression_other_entities_in_chat[Bearer eyJhbGciOiJIUzI1NiIsInR5cCI6IkpXVCJ9.token-ACCESS_TOKEN]" time="1.591" /><testcase classname="tests.unit.test_chat_person_address_de_en" name="test_non_regression_other_entities_in_chat[sk-proj-1234567890abcdefghijklmnop-API_KEY]" time="1.561" /><testcase classname="tests.unit.test_chat_person_address_de_en" name="test_non_regression_other_entities_in_chat[tok_abc123def456ghi789xyz-PAYMENT_TOKEN]" time="2.050" /><testcase classname="tests.unit.test_chat_person_address_de_en" name="test_non_regression_other_entities_in_chat[MAC AA:BB:CC:DD:EE:FF-MAC_ADDRESS]" time="1.492" /><testcase classname="tests.unit.test_chat_person_address_de_en" name="test_non_regression_other_entities_in_chat[IP: 192.168.1.1-IP_ADDRESS]" time="1.661" /></testsuite></testsuites>