<?xml version="1.0" encoding="utf-8"?><testsuites name="pytest tests"><testsuite name="pytest" errors="0" failures="1" skipped="0" tests="30" time="52.920" timestamp="2026-02-16T18:40:40.066877+01:00" hostname="LAPTOP-4UQ2EECE"><testcase classname="tests.unit.test_tokens.TestSessionID" name="test_sessionid_labeled" time="2.275" /><testcase classname="tests.unit.test_tokens.TestSessionID" name="test_session_token_labeled" time="1.752" /><testcase classname="tests.unit.test_tokens.TestSessionID" name="test_session_id_labeled" time="1.570" /><testcase classname="tests.unit.test_tokens.TestSessionID" name="test_sid_labeled" time="1.506" /><testcase classname="tests.unit.test_tokens.TestAccessToken" name="test_access_token_labeled" time="1.532" /><testcase classname="tests.unit.test_tokens.TestAccessToken" name="test_bearer_token" time="1.505" /><testcase classname="tests.unit.test_tokens.TestAccessToken" name="test_token_labeled" time="2.202" /><testcase classname="tests.unit.test_tokens.TestRefreshToken" name="test_refresh_token_labeled" time="1.624" /><testcase classname="tests.unit.test_tokens.TestRefreshToken" name="test_refreshtoken_alt_format" time="1.618" /><testcase classname="tests.unit.test_tokens.TestAccessCode" name="test_access_code_format" time="1.576" /><testcase classname="tests.unit.test_tokens.TestAccessCode" name="test_auth_code_format" time="1.586" /><testcase classname="tests.unit.test_tokens.TestAccessCode" name="test_code_format" time="2.069" /><testcase classname="tests.unit.test_tokens.TestAccessCode" name="test_pin_code_format" time="1.610" /><testcase classname="tests.unit.test_tokens.TestOTPCode" name="test_otp_code_format" time="1.586" /><testcase classname="tests.unit.test_tokens.TestOTPCode" name="test_one_time_password_format" time="1.611"><failure message="AssertionError: assert '&lt;OTP_CODE&gt;' in 'one_time_&lt;PASSWORD&gt;'">self = &lt;unit.test_tokens.TestOTPCode object at 0x000002D02BD2E050&gt;
filter_instance = &lt;PII_filter.pii_filter.PIIFilter object at 0x000002D0343F8F50&gt;

    def test_one_time_password_format(self, filter_instance):
        """Test one-time password format."""
        text = "one_time_password=987654"
        result = filter_instance.anonymize_text(text)
&gt;       assert "&lt;OTP_CODE&gt;" in result
E       AssertionError: assert '&lt;OTP_CODE&gt;' in 'one_time_&lt;PASSWORD&gt;'

tests\unit\test_tokens.py:123: AssertionError</failure></testcase><testcase classname="tests.unit.test_tokens.TestOTPCode" name="test_2fa_code_format" time="1.617" /><testcase classname="tests.unit.test_tokens.TestOTPCode" name="test_two_factor_code_format" time="1.970" /><testcase classname="tests.unit.test_tokens.TestOTPCode" name="test_verification_code_format" time="1.493" /><testcase classname="tests.unit.test_tokens.TestOTPCode" name="test_mfa_code_format" time="1.649" /><testcase classname="tests.unit.test_tokens.TestMultipleTokens" name="test_multiple_different_tokens" time="1.619" /><testcase classname="tests.unit.test_tokens.TestMultipleTokens" name="test_session_and_access_tokens" time="1.572" /><testcase classname="tests.unit.test_tokens.TestTokenContextAndFormat" name="test_token_with_spaces" time="2.011" /><testcase classname="tests.unit.test_tokens.TestTokenContextAndFormat" name="test_token_case_insensitive" time="1.540" /><testcase classname="tests.unit.test_tokens.TestTokenContextAndFormat" name="test_token_in_json" time="1.552" /><testcase classname="tests.unit.test_tokens.TestTokenContextAndFormat" name="test_token_in_url_query" time="1.569" /><testcase classname="tests.unit.test_tokens.TestTokenContextAndFormat" name="test_otp_with_hyphens" time="1.591" /><testcase classname="tests.unit.test_tokens.TestTokenFalsePositives" name="test_generic_code_not_flagged_without_label" time="2.061" /><testcase classname="tests.unit.test_tokens.TestTokenFalsePositives" name="test_pin_in_normal_context" time="1.581" /><testcase classname="tests.unit.test_tokens.TestTokenFalsePositives" name="test_session_in_document" time="1.625" /><testcase classname="tests.unit.test_tokens.TestTokenFalsePositives" name="test_bearer_in_normal_text" time="1.543" /></testsuite></testsuites>