<?xml version="1.0" encoding="utf-8"?><testsuites name="pytest tests"><testsuite name="pytest" errors="0" failures="0" skipped="0" tests="8" time="11.106" timestamp="2026-02-14T20:32:54.306216+01:00" hostname="SteffenXpert"><testcase classname="tests.unit.test_false_positives" name="test_false_positives[I live at 221B Baker Street, London.-&lt;ADDRESS&gt;]" time="1.564" /><testcase classname="tests.unit.test_false_positives" name="test_false_positives[Meine E-Mail ist max.mustermann@beispiel.de und ich wohne in der Musterstra\xdfe 5, 10115 Berlin.-&lt;EMAIL&gt;]" time="1.268" /><testcase classname="tests.unit.test_false_positives" name="test_false_positives[Ich will Gewerbe anmelden.-Gewerbe]" time="1.165" /><testcase classname="tests.unit.test_false_positives" name="test_false_positives[IMEI 490154203237518-&lt;IMEI&gt;]" time="1.095" /><testcase classname="tests.unit.test_false_positives" name="test_false_positives[My device IMEI is 490154203237518-&lt;IMEI&gt;]" time="1.103" /><testcase classname="tests.unit.test_false_positives" name="test_false_positives[Diagnosed with diabetes.-&lt;HEALTH_INFO&gt;]" time="1.435" /><testcase classname="tests.unit.test_false_positives" name="test_false_positives[Visa 4111 1111 1111 1111-&lt;CREDIT_CARD&gt;]" time="1.207" /><testcase classname="tests.unit.test_false_positives" name="test_false_positives[My name is John Smith-&lt;PERSON&gt;]" time="1.096" /></testsuite></testsuites>