<?xml version="1.0" encoding="utf-8"?><testsuites name="pytest tests"><testsuite name="pytest" errors="0" failures="0" skipped="0" tests="28" time="56.594" timestamp="2026-02-17T11:15:56.929598+01:00" hostname="LAPTOP-4UQ2EECE"><testcase classname="tests.unit.test_api_keys.TestAPIKeyDetection" name="test_aws_access_key_id" time="2.704" /><testcase classname="tests.unit.test_api_keys.TestAPIKeyDetection" name="test_aws_secret_access_key" time="2.896" /><testcase classname="tests.unit.test_api_keys.TestAPIKeyDetection" name="test_github_personal_access_token" time="2.159" /><testcase classname="tests.unit.test_api_keys.TestAPIKeyDetection" name="test_github_oauth_token" time="1.899" /><testcase classname="tests.unit.test_api_keys.TestAPIKeyDetection" name="test_github_user_to_server_token" time="2.156" /><testcase classname="tests.unit.test_api_keys.TestAPIKeyDetection" name="test_stripe_live_secret_key" time="2.044" /><testcase classname="tests.unit.test_api_keys.TestAPIKeyDetection" name="test_stripe_test_secret_key" time="2.464" /><testcase classname="tests.unit.test_api_keys.TestAPIKeyDetection" name="test_stripe_live_public_key" time="1.598" /><testcase classname="tests.unit.test_api_keys.TestAPIKeyDetection" name="test_stripe_test_public_key" time="1.630" /><testcase classname="tests.unit.test_api_keys.TestAPIKeyDetection" name="test_slack_bot_token" time="1.762" /><testcase classname="tests.unit.test_api_keys.TestAPIKeyDetection" name="test_slack_user_token" time="1.821" /><testcase classname="tests.unit.test_api_keys.TestAPIKeyDetection" name="test_google_api_key" time="2.292" /><testcase classname="tests.unit.test_api_keys.TestAPIKeyDetection" name="test_sendgrid_api_key" time="1.627" /><testcase classname="tests.unit.test_api_keys.TestAPIKeyDetection" name="test_mailchimp_api_key" time="1.726" /><testcase classname="tests.unit.test_api_keys.TestAPIKeyDetection" name="test_twilio_auth_token" time="1.547" /><testcase classname="tests.unit.test_api_keys.TestAPIKeyDetection" name="test_azure_api_key" time="1.642" /><testcase classname="tests.unit.test_api_keys.TestAPIKeyDetection" name="test_openai_api_key" time="2.352" /><testcase classname="tests.unit.test_api_keys.TestAPIKeyDetection" name="test_firebase_api_key" time="1.596" /><testcase classname="tests.unit.test_api_keys.TestAPIKeyDetection" name="test_jwt_bearer_token" time="1.581" /><testcase classname="tests.unit.test_api_keys.TestAPIKeyDetection" name="test_cloudflare_api_token" time="1.680" /><testcase classname="tests.unit.test_api_keys.TestAPIKeyDetection" name="test_digitalocean_token" time="1.596" /><testcase classname="tests.unit.test_api_keys.TestAPIKeyDetection" name="test_webhook_secret" time="2.222" /><testcase classname="tests.unit.test_api_keys.TestAPIKeyDetection" name="test_no_false_positive_short_strings" time="1.696" /><testcase classname="tests.unit.test_api_keys.TestAPIKeyDetection" name="test_no_false_positive_common_words" time="1.908" /><testcase classname="tests.unit.test_api_keys.TestAPIKeyDetection" name="test_multiple_api_keys" time="1.920" /><testcase classname="tests.unit.test_api_keys.TestAPIKeyDetection" name="test_api_key_in_url" time="1.608" /><testcase classname="tests.unit.test_api_keys.TestAPIKeyDetection" name="test_api_key_with_equals_sign" time="2.477" /><testcase classname="tests.unit.test_api_keys.TestAPIKeyDetection" name="test_api_key_with_colon" time="1.565" /></testsuite></testsuites>