<?xml version="1.0" encoding="utf-8"?><testsuites name="pytest tests"><testsuite name="pytest" errors="0" failures="0" skipped="0" tests="28" time="61.835" timestamp="2026-02-16T16:27:05.191903+01:00" hostname="LAPTOP-4UQ2EECE"><testcase classname="tests.unit.test_api_keys.TestAPIKeyDetection" name="test_aws_access_key_id" time="3.628" /><testcase classname="tests.unit.test_api_keys.TestAPIKeyDetection" name="test_aws_secret_access_key" time="2.408" /><testcase classname="tests.unit.test_api_keys.TestAPIKeyDetection" name="test_github_personal_access_token" time="1.800" /><testcase classname="tests.unit.test_api_keys.TestAPIKeyDetection" name="test_github_oauth_token" time="1.901" /><testcase classname="tests.unit.test_api_keys.TestAPIKeyDetection" name="test_github_user_to_server_token" time="1.973" /><testcase classname="tests.unit.test_api_keys.TestAPIKeyDetection" name="test_stripe_live_secret_key" time="2.109" /><testcase classname="tests.unit.test_api_keys.TestAPIKeyDetection" name="test_stripe_test_secret_key" time="2.711" /><testcase classname="tests.unit.test_api_keys.TestAPIKeyDetection" name="test_stripe_live_public_key" time="1.820" /><testcase classname="tests.unit.test_api_keys.TestAPIKeyDetection" name="test_stripe_test_public_key" time="1.800" /><testcase classname="tests.unit.test_api_keys.TestAPIKeyDetection" name="test_slack_bot_token" time="2.001" /><testcase classname="tests.unit.test_api_keys.TestAPIKeyDetection" name="test_slack_user_token" time="2.243" /><testcase classname="tests.unit.test_api_keys.TestAPIKeyDetection" name="test_google_api_key" time="2.628" /><testcase classname="tests.unit.test_api_keys.TestAPIKeyDetection" name="test_sendgrid_api_key" time="1.787" /><testcase classname="tests.unit.test_api_keys.TestAPIKeyDetection" name="test_mailchimp_api_key" time="1.872" /><testcase classname="tests.unit.test_api_keys.TestAPIKeyDetection" name="test_twilio_auth_token" time="1.963" /><testcase classname="tests.unit.test_api_keys.TestAPIKeyDetection" name="test_azure_api_key" time="2.019" /><testcase classname="tests.unit.test_api_keys.TestAPIKeyDetection" name="test_openai_api_key" time="2.519" /><testcase classname="tests.unit.test_api_keys.TestAPIKeyDetection" name="test_firebase_api_key" time="1.759" /><testcase classname="tests.unit.test_api_keys.TestAPIKeyDetection" name="test_jwt_bearer_token" time="1.851" /><testcase classname="tests.unit.test_api_keys.TestAPIKeyDetection" name="test_cloudflare_api_token" time="1.945" /><testcase classname="tests.unit.test_api_keys.TestAPIKeyDetection" name="test_digitalocean_token" time="1.965" /><testcase classname="tests.unit.test_api_keys.TestAPIKeyDetection" name="test_webhook_secret" time="2.376" /><testcase classname="tests.unit.test_api_keys.TestAPIKeyDetection" name="test_no_false_positive_short_strings" time="1.811" /><testcase classname="tests.unit.test_api_keys.TestAPIKeyDetection" name="test_no_false_positive_common_words" time="1.833" /><testcase classname="tests.unit.test_api_keys.TestAPIKeyDetection" name="test_multiple_api_keys" time="1.959" /><testcase classname="tests.unit.test_api_keys.TestAPIKeyDetection" name="test_api_key_in_url" time="1.963" /><testcase classname="tests.unit.test_api_keys.TestAPIKeyDetection" name="test_api_key_with_equals_sign" time="2.478" /><testcase classname="tests.unit.test_api_keys.TestAPIKeyDetection" name="test_api_key_with_colon" time="1.831" /></testsuite></testsuites>