<?xml version="1.0" encoding="utf-8"?><testsuites name="pytest tests"><testsuite name="pytest" errors="0" failures="0" skipped="0" tests="12" time="4.371" timestamp="2026-02-16T18:36:16.264339+01:00" hostname="LAPTOP-4UQ2EECE"><testcase classname="tests.unit.test_guards" name="test_guard_address_with_number" time="2.311" /><testcase classname="tests.unit.test_guards" name="test_guards_disabled_still_detects_address" time="0.013" /><testcase classname="tests.unit.test_guards" name="test_email_address_detection" time="0.128" /><testcase classname="tests.unit.test_guards" name="test_phone_number_detection" time="0.009" /><testcase classname="tests.unit.test_guards" name="test_location_dropped_when_followed_by_tax_label" time="0.011" /><testcase classname="tests.unit.test_guards" name="test_location_near_label" time="0.011" /><testcase classname="tests.unit.test_guards" name="test_demote_phone_overlapping_with_date" time="0.011" /><testcase classname="tests.unit.test_guards" name="test_promote_meeting_over_phone" time="0.012" /><testcase classname="tests.unit.test_guards" name="test_trim_address_span_at_newline_or_label" time="0.021" /><testcase classname="tests.unit.test_guards" name="test_guards_enabled_filters_strictly" time="0.013" /><testcase classname="tests.unit.test_guards" name="test_basic_person_detection" time="0.012" /><testcase classname="tests.unit.test_guards" name="test_credit_card_detection" time="0.011" /></testsuite></testsuites>