<?xml version="1.0" encoding="utf-8"?><testsuites name="pytest tests"><testsuite name="pytest" errors="0" failures="0" skipped="0" tests="12" time="1.973" timestamp="2026-02-12T22:55:51.153076+01:00" hostname="SteffenXpert"><testcase classname="tests.unit.test_guards" name="test_guard_natural_suffix_requires_number_on_drops" time="1.115" /><testcase classname="tests.unit.test_guards" name="test_guard_natural_suffix_requires_number_off_keeps" time="0.012" /><testcase classname="tests.unit.test_guards" name="test_guard_requires_context_without_number_drops_without_keyword" time="0.010" /><testcase classname="tests.unit.test_guards" name="test_guard_requires_context_without_number_kept_with_keyword" time="0.006" /><testcase classname="tests.unit.test_guards" name="test_guard_requires_context_without_number_off_kept" time="0.009" /><testcase classname="tests.unit.test_guards" name="test_guard_single_token_addresses_on_drops" time="0.005" /><testcase classname="tests.unit.test_guards" name="test_guard_single_token_addresses_off_keeps" time="0.005" /><testcase classname="tests.unit.test_guards" name="test_location_dropped_when_followed_by_tax_label" time="0.006" /><testcase classname="tests.unit.test_guards" name="test_location_dropped_when_preceded_by_id_label" time="0.006" /><testcase classname="tests.unit.test_guards" name="test_demote_phone_overlapping_with_date" time="0.006" /><testcase classname="tests.unit.test_guards" name="test_promote_meeting_over_phone" time="0.006" /><testcase classname="tests.unit.test_guards" name="test_trim_address_span_at_newline_or_label" time="0.063" /></testsuite></testsuites>