<?xml version="1.0" encoding="utf-8"?><testsuites name="pytest tests"><testsuite name="pytest" errors="0" failures="0" skipped="0" tests="13" time="4.343" timestamp="2026-02-16T18:36:30.317690+01:00" hostname="LAPTOP-4UQ2EECE"><testcase classname="tests.unit.test_overlap_resolution" name="test_merge_address_and_location_into_single_address[Hauptstra\xdfe 5, 10115 Berlin]" time="2.305" /><testcase classname="tests.unit.test_overlap_resolution" name="test_merge_address_and_location_into_single_address[Calle Mayor 5, 28013 Madrid]" time="0.016" /><testcase classname="tests.unit.test_overlap_resolution" name="test_merge_address_and_location_into_single_address[Rue de la Paix 12 - 75008 Paris]" time="0.018" /><testcase classname="tests.unit.test_overlap_resolution" name="test_merge_address_and_location_into_single_address[Via Roma 10\n00144 Roma]" time="0.015" /><testcase classname="tests.unit.test_overlap_resolution" name="test_merge_address_location_when_adjacent_by_spaces[Hauptstra\xdfe 5 10115 Berlin]" time="0.009" /><testcase classname="tests.unit.test_overlap_resolution" name="test_merge_address_location_when_adjacent_by_spaces[Calle Mayor 5 28013 Madrid]" time="0.013" /><testcase classname="tests.unit.test_overlap_resolution" name="test_same_priority_longer_span_wins_passport_vs_id[EU passport: X1Y2Z3A4B]" time="0.016" /><testcase classname="tests.unit.test_overlap_resolution" name="test_same_priority_longer_span_wins_passport_vs_id[Passport: A12345678]" time="0.015" /><testcase classname="tests.unit.test_overlap_resolution" name="test_tax_label_removes_nearby_location_but_keeps_tax" time="0.011" /><testcase classname="tests.unit.test_overlap_resolution" name="test_location_kept_when_postal_and_no_labels_nearby[10115 Berlin]" time="0.009" /><testcase classname="tests.unit.test_overlap_resolution" name="test_location_kept_when_postal_and_no_labels_nearby[75008 Paris]" time="0.010" /><testcase classname="tests.unit.test_overlap_resolution" name="test_location_kept_when_postal_and_no_labels_nearby[28013 Madrid]" time="0.018" /><testcase classname="tests.unit.test_overlap_resolution" name="test_location_kept_when_postal_and_no_labels_nearby[00144 Roma]" time="0.009" /></testsuite></testsuites>