<?xml version="1.0" encoding="utf-8"?><testsuites name="pytest tests"><testsuite name="pytest" errors="0" failures="24" skipped="0" tests="597" time="632.834" timestamp="2026-02-12T22:45:08.817334+01:00" hostname="SteffenXpert"><testcase classname="tests.unit.test_entity_coverage" name="test_entity_coverage[PERSON-My name is John Doe-&lt;PERSON&gt;]" time="1.519" /><testcase classname="tests.unit.test_entity_coverage" name="test_entity_coverage[PERSON-Ich hei\xdfe Hans M\xfcller-&lt;PERSON&gt;]" time="1.220" /><testcase classname="tests.unit.test_entity_coverage" name="test_entity_coverage[PERSON-Je m'appelle Marie Dupont-&lt;PERSON&gt;]" time="1.069" /><testcase classname="tests.unit.test_entity_coverage" name="test_entity_coverage[PERSON-Me llamo Carlos Garc\xeda-&lt;PERSON&gt;]" time="1.113" /><testcase classname="tests.unit.test_entity_coverage" name="test_entity_coverage[PERSON-\u0627\u0633\u0645\u064a \u0623\u062d\u0645\u062f \u0645\u062d\u0645\u062f-&lt;PERSON&gt;]" time="1.076" /><testcase classname="tests.unit.test_entity_coverage" name="test_entity_coverage[PERSON-Benim ad\u0131m Ahmet Y\u0131lmaz-&lt;PERSON&gt;]" time="1.109" /><testcase classname="tests.unit.test_entity_coverage" name="test_entity_coverage[EMAIL_ADDRESS-My email is john@example.com-&lt;EMAIL&gt;]" time="1.548" /><testcase classname="tests.unit.test_entity_coverage" name="test_entity_coverage[EMAIL_ADDRESS-Email: hans@test.de-&lt;EMAIL&gt;]" time="1.071" /><testcase classname="tests.unit.test_entity_coverage" name="test_entity_coverage[EMAIL_ADDRESS-Correo: marie@gmail.com-&lt;EMAIL&gt;]" time="1.070" /><testcase classname="tests.unit.test_entity_coverage" name="test_entity_coverage[EMAIL_ADDRESS-\u0628\u0631\u064a\u062f\u064a ahmed@example.com-&lt;EMAIL&gt;]" time="1.401" /><testcase classname="tests.unit.test_entity_coverage" name="test_entity_coverage[PHONE_NUMBER-+1 (555) 123-4567-&lt;PHONE&gt;]" time="1.067" /><testcase classname="tests.unit.test_entity_coverage" name="test_entity_coverage[PHONE_NUMBER-+49 151 23456789-&lt;PHONE&gt;]" time="1.117" /><testcase classname="tests.unit.test_entity_coverage" name="test_entity_coverage[PHONE_NUMBER-+966 50 123 4567-&lt;PHONE&gt;]" time="1.145" /><testcase classname="tests.unit.test_entity_coverage" name="test_entity_coverage[ADDRESS-123 Main Street, New York-&lt;ADDRESS&gt;]" time="1.152" /><testcase classname="tests.unit.test_entity_coverage" name="test_entity_coverage[ADDRESS-Hauptstra\xdfe 5, Berlin-&lt;ADDRESS&gt;]" time="1.652" /><testcase classname="tests.unit.test_entity_coverage" name="test_entity_coverage[ADDRESS-12 rue de Rivoli, Paris-&lt;ADDRESS&gt;]" time="1.166" /><testcase classname="tests.unit.test_entity_coverage" name="test_entity_coverage[ADDRESS-\u0634\u0627\u0631\u0639 \u0627\u0644\u0645\u0644\u0643 \u0641\u064a\u0635\u0644 20\u060c \u0627\u0644\u0631\u064a\u0627\u0636-&lt;ADDRESS&gt;]" time="1.141" /><testcase classname="tests.unit.test_entity_coverage" name="test_entity_coverage[ADDRESS-1600 Pennsylvania Avenue NW, Washington, DC 20500-&lt;ADDRESS&gt;]" time="1.121" /><testcase classname="tests.unit.test_entity_coverage" name="test_entity_coverage[ADDRESS-Via Roma 10, 00100 Roma, Italy-&lt;ADDRESS&gt;]" time="1.098" /><testcase classname="tests.unit.test_entity_coverage" name="test_entity_coverage[ADDRESS-123 Main St, Apt 4B, New York, NY 10001-&lt;ADDRESS&gt;]" time="1.494" /><testcase classname="tests.unit.test_entity_coverage" name="test_entity_coverage[ADDRESS-Carrer de la Pau 1, 08002 Barcelona, Spain-&lt;ADDRESS&gt;]" time="1.047" /><testcase classname="tests.unit.test_entity_coverage" name="test_entity_coverage[ADDRESS-\u0443\u043b. \u0422\u0432\u0435\u0440\u0441\u043a\u0430\u044f 15, \u041c\u043e\u0441\u043a\u0432\u0430 125009, \u0420\u043e\u0441\u0441\u0438\u044f-&lt;ADDRESS&gt;]" time="1.048" /><testcase classname="tests.unit.test_entity_coverage" name="test_entity_coverage[ADDRESS-Musterstra\xdfe 10, Whg. 5, 01067 Dresden-&lt;ADDRESS&gt;]" time="1.056" /><testcase classname="tests.unit.test_entity_coverage" name="test_entity_coverage[ADDRESS-Atat\xfcrk Caddesi No:15, Ankara, Turkey-&lt;ADDRESS&gt;]" time="1.065" /><testcase classname="tests.unit.test_entity_coverage" name="test_entity_coverage[ADDRESS-Am Waldrand 12, 50667 K\xf6ln-&lt;ADDRESS&gt;]" time="1.512" /><testcase classname="tests.unit.test_entity_coverage" name="test_entity_coverage[ADDRESS-Unter den Linden 77, 10117 Berlin-&lt;ADDRESS&gt;]" time="1.087" /><testcase classname="tests.unit.test_entity_coverage" name="test_entity_coverage[ADDRESS-G\xe4nsemarkt 2, 20354 Hamburg-&lt;ADDRESS&gt;]" time="1.064" /><testcase classname="tests.unit.test_entity_coverage" name="test_entity_coverage[LOCATION-10115 Berlin-&lt;LOCATION&gt;]" time="1.057" /><testcase classname="tests.unit.test_entity_coverage" name="test_entity_coverage[LOCATION-75008 Paris-&lt;LOCATION&gt;]" time="1.053" /><testcase classname="tests.unit.test_entity_coverage" name="test_entity_coverage[LOCATION-28013 Madrid-&lt;LOCATION&gt;]" time="1.434" /><testcase classname="tests.unit.test_entity_coverage" name="test_entity_coverage[DATE-Born on 12/31/1990-&lt;DATE&gt;]" time="1.009" /><testcase classname="tests.unit.test_entity_coverage" name="test_entity_coverage[DATE-Geburtstag 31.12.1990-&lt;DATE&gt;]" time="1.084" /><testcase classname="tests.unit.test_entity_coverage" name="test_entity_coverage[DATE-N\xe9 le 31-05-1995-&lt;DATE&gt;]" time="1.044" /><testcase classname="tests.unit.test_entity_coverage" name="test_entity_coverage[PASSPORT-US Passport: A12345678-&lt;PASSPORT&gt;]" time="1.060" /><testcase classname="tests.unit.test_entity_coverage" name="test_entity_coverage[PASSPORT-EU Passport: X1Y2Z3A4B-&lt;ID_NUMBER&gt;]" time="1.503"><failure message="AssertionError: Failed to detect PASSPORT in: EU Passport: X1Y2Z3A4B&#10;assert '&lt;ID_NUMBER&gt;' in 'EU Passport: &lt;PASSPORT&gt;'">f = &lt;pii_filter.pii_filter.PIIFilter object at 0x000001D609A876D0&gt;
entity = 'PASSPORT', text = 'EU Passport: X1Y2Z3A4B', expected = '&lt;ID_NUMBER&gt;'

    @pytest.mark.parametrize("entity,text,expected", entity_samples)
    def test_entity_coverage(f, entity, text, expected):
        out = f.anonymize_text(text)
&gt;       assert expected in out, f"Failed to detect {entity} in: {text}"
E       AssertionError: Failed to detect PASSPORT in: EU Passport: X1Y2Z3A4B
E       assert '&lt;ID_NUMBER&gt;' in 'EU Passport: &lt;PASSPORT&gt;'

tests\unit\test_entity_coverage.py:180: AssertionError</failure></testcase><testcase classname="tests.unit.test_entity_coverage" name="test_entity_coverage[ID_NUMBER-ID: 12345678Z-&lt;ID_NUMBER&gt;]" time="1.061" /><testcase classname="tests.unit.test_entity_coverage" name="test_entity_coverage[ID_NUMBER-Personalausweis: T22000129-&lt;PASSPORT&gt;]" time="1.065" /><testcase classname="tests.unit.test_entity_coverage" name="test_entity_coverage[TAX_ID-VAT: DE123456789-&lt;TAX_ID&gt;]" time="1.074" /><testcase classname="tests.unit.test_entity_coverage" name="test_entity_coverage[TAX_ID-Steuer-ID: 12 345 678 901-&lt;TAX_ID&gt;]" time="1.060" /><testcase classname="tests.unit.test_entity_coverage" name="test_entity_coverage[IP_ADDRESS-Server IP: 192.168.1.10-&lt;IP_ADDRESS&gt;]" time="1.424" /><testcase classname="tests.unit.test_entity_coverage" name="test_entity_coverage[IP_ADDRESS-IPv6: 2001:db8::1-&lt;IP_ADDRESS&gt;]" time="1.036" /><testcase classname="tests.unit.test_entity_coverage" name="test_entity_coverage[CREDIT_CARD-Card: 4111 1111 1111 1111-&lt;CREDIT_CARD&gt;]" time="1.054" /><testcase classname="tests.unit.test_entity_coverage" name="test_entity_coverage[CREDIT_CARD-Amex 371449635398431-&lt;CREDIT_CARD&gt;]" time="1.059" /><testcase classname="tests.unit.test_entity_coverage" name="test_entity_coverage[BANK_ACCOUNT-IBAN: DE44 5001 0517 5407 3249 31-&lt;BANK_ACCOUNT&gt;]" time="1.066" /><testcase classname="tests.unit.test_entity_coverage" name="test_entity_coverage[HEALTH_INFO-Diagnosed with diabetes-&lt;HEALTH_INFO&gt;]" time="1.481" /><testcase classname="tests.unit.test_entity_coverage" name="test_entity_coverage[HEALTH_INFO-Blood type: O+-&lt;HEALTH_INFO&gt;]" time="1.062" /><testcase classname="tests.unit.test_entity_coverage" name="test_entity_coverage[MAC_ADDRESS-MAC: 00:1A:2B:3C:4D:5E-&lt;MAC_ADDRESS&gt;]" time="1.109" /><testcase classname="tests.unit.test_entity_coverage" name="test_entity_coverage[IMEI-Device IMEI: 490154203237518-&lt;IMEI&gt;]" time="1.069" /><testcase classname="tests.unit.test_entity_coverage" name="test_entity_coverage[GEO_COORDINATES-Coords: 52.5200, 13.4050-&lt;GEO_COORDINATES&gt;]" time="1.068" /><testcase classname="tests.unit.test_entity_coverage" name="test_entity_coverage[LICENSE_PLATE-License Plate: B-AB 1234-&lt;LICENSE_PLATE&gt;]" time="1.390" /><testcase classname="tests.unit.test_entity_coverage" name="test_entity_coverage[PERSON-Hello, my name is Jane Smith-&lt;PERSON&gt;]" time="1.042" /><testcase classname="tests.unit.test_entity_coverage" name="test_entity_coverage[ADDRESS-I need to update my address to 456 Elm Street, Springfield-&lt;ADDRESS&gt;]" time="1.072" /><testcase classname="tests.unit.test_entity_coverage" name="test_entity_coverage[DATE-I was born on March 15, 1985-&lt;DATE&gt;]" time="1.066"><failure message="AssertionError: Failed to detect DATE in: I was born on March 15, 1985&#10;assert '&lt;DATE&gt;' in 'I was born on March 15, 1985'">f = &lt;pii_filter.pii_filter.PIIFilter object at 0x000001D584DD4090&gt;
entity = 'DATE', text = 'I was born on March 15, 1985', expected = '&lt;DATE&gt;'

    @pytest.mark.parametrize("entity,text,expected", entity_samples)
    def test_entity_coverage(f, entity, text, expected):
        out = f.anonymize_text(text)
&gt;       assert expected in out, f"Failed to detect {entity} in: {text}"
E       AssertionError: Failed to detect DATE in: I was born on March 15, 1985
E       assert '&lt;DATE&gt;' in 'I was born on March 15, 1985'

tests\unit\test_entity_coverage.py:180: AssertionError</failure></testcase><testcase classname="tests.unit.test_entity_coverage" name="test_entity_coverage[EMAIL_ADDRESS-You can contact me at jane.smith@gmail.com-&lt;EMAIL&gt;]" time="1.078" /><testcase classname="tests.unit.test_entity_coverage" name="test_entity_coverage[PHONE_NUMBER-Call me at +1 555-123-4567-&lt;PHONE&gt;]" time="1.417" /><testcase classname="tests.unit.test_entity_coverage" name="test_entity_coverage[ID_NUMBER-My social security number is 123-45-6789-&lt;ID_NUMBER&gt;]" time="1.056"><failure message="AssertionError: Failed to detect ID_NUMBER in: My social security number is 123-45-6789&#10;assert '&lt;ID_NUMBER&gt;' in 'My social security number is 123-45-6789'">f = &lt;pii_filter.pii_filter.PIIFilter object at 0x000001D5D5709E10&gt;
entity = 'ID_NUMBER', text = 'My social security number is 123-45-6789'
expected = '&lt;ID_NUMBER&gt;'

    @pytest.mark.parametrize("entity,text,expected", entity_samples)
    def test_entity_coverage(f, entity, text, expected):
        out = f.anonymize_text(text)
&gt;       assert expected in out, f"Failed to detect {entity} in: {text}"
E       AssertionError: Failed to detect ID_NUMBER in: My social security number is 123-45-6789
E       assert '&lt;ID_NUMBER&gt;' in 'My social security number is 123-45-6789'

tests\unit\test_entity_coverage.py:180: AssertionError</failure></testcase><testcase classname="tests.unit.test_entity_coverage" name="test_entity_coverage[PASSPORT-My passport number is X1234567-&lt;PASSPORT&gt;]" time="1.051" /><testcase classname="tests.unit.test_entity_coverage" name="test_entity_coverage[BANK_ACCOUNT-My IBAN is DE12345678901234567890-&lt;BANK_ACCOUNT&gt;]" time="1.070" /><testcase classname="tests.unit.test_entity_coverage" name="test_entity_coverage[CREDIT_CARD-My credit card is 4111 1111 1111 1111-&lt;CREDIT_CARD&gt;]" time="1.065" /><testcase classname="tests.unit.test_entity_coverage" name="test_entity_coverage[HEALTH_INFO-I have diabetes and need medical assistance-&lt;HEALTH_INFO&gt;]" time="1.383" /><testcase classname="tests.unit.test_entity_coverage" name="test_entity_coverage[SOCIAL_HANDLE-Follow me on Twitter @jane_smith-&lt;SOCIAL_HANDLE&gt;]" time="1.017" /><testcase classname="tests.unit.test_entity_coverage" name="test_entity_coverage[LICENSE_PLATE-My license plate is ABC-123-&lt;LICENSE_PLATE&gt;]" time="1.055" /><testcase classname="tests.unit.test_entity_coverage" name="test_entity_coverage[IP_ADDRESS-My IP address is 192.168.1.1-&lt;IP_ADDRESS&gt;]" time="1.069" /><testcase classname="tests.unit.test_entity_coverage" name="test_entity_coverage[GEO_COORDINATES-My location is 40.7128, -74.0060-&lt;GEO_COORDINATES&gt;]" time="1.056" /><testcase classname="tests.unit.test_entity_coverage" name="test_entity_coverage[MEETING_ID-Join my meeting at 123 456 789-&lt;MEETING_ID&gt;]" time="1.414" /><testcase classname="tests.unit.test_entity_coverage" name="test_entity_coverage[PAYMENT_TOKEN-My API key is sk_live_abc123def456-&lt;PAYMENT_TOKEN&gt;]" time="1.023"><failure message="AssertionError: Failed to detect PAYMENT_TOKEN in: My API key is sk_live_abc123def456&#10;assert '&lt;PAYMENT_TOKEN&gt;' in 'My API key is sk_live_abc123def456'">f = &lt;pii_filter.pii_filter.PIIFilter object at 0x000001D5B852AE10&gt;
entity = 'PAYMENT_TOKEN', text = 'My API key is sk_live_abc123def456'
expected = '&lt;PAYMENT_TOKEN&gt;'

    @pytest.mark.parametrize("entity,text,expected", entity_samples)
    def test_entity_coverage(f, entity, text, expected):
        out = f.anonymize_text(text)
&gt;       assert expected in out, f"Failed to detect {entity} in: {text}"
E       AssertionError: Failed to detect PAYMENT_TOKEN in: My API key is sk_live_abc123def456
E       assert '&lt;PAYMENT_TOKEN&gt;' in 'My API key is sk_live_abc123def456'

tests\unit\test_entity_coverage.py:180: AssertionError</failure></testcase><testcase classname="tests.unit.test_entity_coverage" name="test_entity_coverage[CRYPTO_ADDRESS-Send to BTC address 1A1zP1eP5QGefi2DMPTfTL5SLmv7DivfNa-&lt;CRYPTO_ADDRESS&gt;]" time="1.060" /><testcase classname="tests.unit.test_entity_coverage" name="test_entity_coverage[TAX_ID-My tax ID is 12-3456789-&lt;TAX_ID&gt;]" time="1.059" /><testcase classname="tests.unit.test_entity_coverage" name="test_entity_coverage[ACCOUNT_NUMBER-My account number is 1234567890-&lt;ACCOUNT_NUMBER&gt;]" time="1.364" /><testcase classname="tests.unit.test_entity_coverage" name="test_entity_coverage[ROUTING_NUMBER-My routing number is 021000021-&lt;ROUTING_NUMBER&gt;]" time="1.023" /><testcase classname="tests.unit.test_entity_coverage" name="test_entity_coverage[MAC_ADDRESS-My MAC address is 00:1A:2B:3C:4D:5E-&lt;MAC_ADDRESS&gt;]" time="1.034" /><testcase classname="tests.unit.test_entity_coverage" name="test_entity_coverage[IMEI-My device IMEI is 490154203237518-&lt;IMEI&gt;]" time="1.049" /><testcase classname="tests.unit.test_entity_coverage" name="test_entity_coverage[ADVERTISING_ID-My IDFA is 123e4567-e89b-12d3-a456-426614174000-&lt;ADVERTISING_ID&gt;]" time="1.045" /><testcase classname="tests.unit.test_entity_coverage" name="test_entity_coverage[PLUS_CODE-Meet me at 9G8F+5W New York-&lt;PLUS_CODE&gt;]" time="1.413" /><testcase classname="tests.unit.test_entity_coverage" name="test_entity_coverage[MESSAGING_ID-My Discord is jane#1234-&lt;MESSAGING_ID&gt;]" time="1.018" /><testcase classname="tests.unit.test_entity_coverage" name="test_entity_coverage[FAX_NUMBER-My fax number is +1 555-123-4568-&lt;FAX&gt;]" time="1.011" /><testcase classname="tests.unit.test_entity_coverage" name="test_entity_coverage[MRN-My medical record number is ABC-123456-&lt;MRN&gt;]" time="1.025"><failure message="AssertionError: Failed to detect MRN in: My medical record number is ABC-123456&#10;assert '&lt;MRN&gt;' in 'My medical record number is ABC-123456'">f = &lt;pii_filter.pii_filter.PIIFilter object at 0x000001D5D8300D10&gt;
entity = 'MRN', text = 'My medical record number is ABC-123456'
expected = '&lt;MRN&gt;'

    @pytest.mark.parametrize("entity,text,expected", entity_samples)
    def test_entity_coverage(f, entity, text, expected):
        out = f.anonymize_text(text)
&gt;       assert expected in out, f"Failed to detect {entity} in: {text}"
E       AssertionError: Failed to detect MRN in: My medical record number is ABC-123456
E       assert '&lt;MRN&gt;' in 'My medical record number is ABC-123456'

tests\unit\test_entity_coverage.py:180: AssertionError</failure></testcase><testcase classname="tests.unit.test_entity_coverage" name="test_entity_coverage[INSURANCE_ID-My insurance policy is POL-987654321-&lt;INSURANCE_ID&gt;]" time="1.055"><failure message="AssertionError: Failed to detect INSURANCE_ID in: My insurance policy is POL-987654321&#10;assert '&lt;INSURANCE_ID&gt;' in 'My &lt;PASSPORT&gt; policy is POL-&lt;ID_NUMBER&gt;'">f = &lt;pii_filter.pii_filter.PIIFilter object at 0x000001D5CB635210&gt;
entity = 'INSURANCE_ID', text = 'My insurance policy is POL-987654321'
expected = '&lt;INSURANCE_ID&gt;'

    @pytest.mark.parametrize("entity,text,expected", entity_samples)
    def test_entity_coverage(f, entity, text, expected):
        out = f.anonymize_text(text)
&gt;       assert expected in out, f"Failed to detect {entity} in: {text}"
E       AssertionError: Failed to detect INSURANCE_ID in: My insurance policy is POL-987654321
E       assert '&lt;INSURANCE_ID&gt;' in 'My &lt;PASSPORT&gt; policy is POL-&lt;ID_NUMBER&gt;'

tests\unit\test_entity_coverage.py:180: AssertionError</failure></testcase><testcase classname="tests.unit.test_entity_coverage" name="test_entity_coverage[STUDENT_NUMBER-My student ID is STU-12345-&lt;STUDENT_NUMBER&gt;]" time="1.323"><failure message="AssertionError: Failed to detect STUDENT_NUMBER in: My student ID is STU-12345&#10;assert '&lt;STUDENT_NUMBER&gt;' in 'My student ID is &lt;ADDRESS&gt;'">f = &lt;pii_filter.pii_filter.PIIFilter object at 0x000001D5E4C79F90&gt;
entity = 'STUDENT_NUMBER', text = 'My student ID is STU-12345'
expected = '&lt;STUDENT_NUMBER&gt;'

    @pytest.mark.parametrize("entity,text,expected", entity_samples)
    def test_entity_coverage(f, entity, text, expected):
        out = f.anonymize_text(text)
&gt;       assert expected in out, f"Failed to detect {entity} in: {text}"
E       AssertionError: Failed to detect STUDENT_NUMBER in: My student ID is STU-12345
E       assert '&lt;STUDENT_NUMBER&gt;' in 'My student ID is &lt;ADDRESS&gt;'

tests\unit\test_entity_coverage.py:180: AssertionError</failure></testcase><testcase classname="tests.unit.test_entity_coverage" name="test_entity_coverage[EMPLOYEE_ID-My employee number is EMP-67890-&lt;EMPLOYEE_ID&gt;]" time="1.019"><failure message="AssertionError: Failed to detect EMPLOYEE_ID in: My employee number is EMP-67890&#10;assert '&lt;EMPLOYEE_ID&gt;' in 'My employee number is EMP-67890'">f = &lt;pii_filter.pii_filter.PIIFilter object at 0x000001D587B683D0&gt;
entity = 'EMPLOYEE_ID', text = 'My employee number is EMP-67890'
expected = '&lt;EMPLOYEE_ID&gt;'

    @pytest.mark.parametrize("entity,text,expected", entity_samples)
    def test_entity_coverage(f, entity, text, expected):
        out = f.anonymize_text(text)
&gt;       assert expected in out, f"Failed to detect {entity} in: {text}"
E       AssertionError: Failed to detect EMPLOYEE_ID in: My employee number is EMP-67890
E       assert '&lt;EMPLOYEE_ID&gt;' in 'My employee number is EMP-67890'

tests\unit\test_entity_coverage.py:180: AssertionError</failure></testcase><testcase classname="tests.unit.test_entity_coverage" name="test_entity_coverage[PRO_LICENSE-My professional license is LIC-54321-&lt;PRO_LICENSE&gt;]" time="1.038"><failure message="AssertionError: Failed to detect PRO_LICENSE in: My professional license is LIC-54321&#10;assert '&lt;PRO_LICENSE&gt;' in 'My professional license is LIC-54321'">f = &lt;pii_filter.pii_filter.PIIFilter object at 0x000001D60EF91C10&gt;
entity = 'PRO_LICENSE', text = 'My professional license is LIC-54321'
expected = '&lt;PRO_LICENSE&gt;'

    @pytest.mark.parametrize("entity,text,expected", entity_samples)
    def test_entity_coverage(f, entity, text, expected):
        out = f.anonymize_text(text)
&gt;       assert expected in out, f"Failed to detect {entity} in: {text}"
E       AssertionError: Failed to detect PRO_LICENSE in: My professional license is LIC-54321
E       assert '&lt;PRO_LICENSE&gt;' in 'My professional license is LIC-54321'

tests\unit\test_entity_coverage.py:180: AssertionError</failure></testcase><testcase classname="tests.unit.test_entity_coverage" name="test_entity_coverage[HEALTH_ID-My NHS number is 943 476 5919-&lt;HEALTH_ID&gt;]" time="1.047"><failure message="AssertionError: Failed to detect HEALTH_ID in: My NHS number is 943 476 5919&#10;assert '&lt;HEALTH_ID&gt;' in 'My NHS number is &lt;PHONE&gt;'">f = &lt;pii_filter.pii_filter.PIIFilter object at 0x000001D633AF5290&gt;
entity = 'HEALTH_ID', text = 'My NHS number is 943 476 5919'
expected = '&lt;HEALTH_ID&gt;'

    @pytest.mark.parametrize("entity,text,expected", entity_samples)
    def test_entity_coverage(f, entity, text, expected):
        out = f.anonymize_text(text)
&gt;       assert expected in out, f"Failed to detect {entity} in: {text}"
E       AssertionError: Failed to detect HEALTH_ID in: My NHS number is 943 476 5919
E       assert '&lt;HEALTH_ID&gt;' in 'My NHS number is &lt;PHONE&gt;'

tests\unit\test_entity_coverage.py:180: AssertionError</failure></testcase><testcase classname="tests.unit.test_entity_coverage" name="test_entity_coverage[DRIVER_LICENSE-My driver's license is D1234567-&lt;DRIVER_LICENSE&gt;]" time="1.369" /><testcase classname="tests.unit.test_entity_coverage" name="test_entity_coverage[VOTER_ID-My voter ID is V9876543-&lt;VOTER_ID&gt;]" time="1.030" /><testcase classname="tests.unit.test_entity_coverage" name="test_entity_coverage[RESIDENCE_PERMIT-My residence permit is RP456789-&lt;RESIDENCE_PERMIT&gt;]" time="1.016" /><testcase classname="tests.unit.test_entity_coverage" name="test_entity_coverage[BENEFIT_ID-My benefit card is B11223344-&lt;BENEFIT_ID&gt;]" time="1.052" /><testcase classname="tests.unit.test_entity_coverage" name="test_entity_coverage[MILITARY_ID-My military ID is M55667788-&lt;MILITARY_ID&gt;]" time="1.071" /><testcase classname="tests.unit.test_entity_coverage" name="test_entity_coverage[DEVICE_ID-My device ID is DEV-999888777-&lt;DEVICE_ID&gt;]" time="1.536"><failure message="AssertionError: Failed to detect DEVICE_ID in: My device ID is DEV-999888777&#10;assert '&lt;DEVICE_ID&gt;' in 'My device ID is DEV-&lt;ID_NUMBER&gt;'">f = &lt;pii_filter.pii_filter.PIIFilter object at 0x000001D5E8A750D0&gt;
entity = 'DEVICE_ID', text = 'My device ID is DEV-999888777'
expected = '&lt;DEVICE_ID&gt;'

    @pytest.mark.parametrize("entity,text,expected", entity_samples)
    def test_entity_coverage(f, entity, text, expected):
        out = f.anonymize_text(text)
&gt;       assert expected in out, f"Failed to detect {entity} in: {text}"
E       AssertionError: Failed to detect DEVICE_ID in: My device ID is DEV-999888777
E       assert '&lt;DEVICE_ID&gt;' in 'My device ID is DEV-&lt;ID_NUMBER&gt;'

tests\unit\test_entity_coverage.py:180: AssertionError</failure></testcase><testcase classname="tests.unit.test_entity_coverage" name="test_entity_coverage[PERSON-Hallo, mein Name ist Max M\xfcller-&lt;PERSON&gt;]" time="1.072" /><testcase classname="tests.unit.test_entity_coverage" name="test_entity_coverage[ADDRESS-Ich muss meine Adresse auf Hauptstra\xdfe 10, Berlin \xe4ndern-&lt;ADDRESS&gt;]" time="1.056" /><testcase classname="tests.unit.test_entity_coverage" name="test_entity_coverage[DATE-Ich bin am 15. M\xe4rz 1985 geboren-&lt;DATE&gt;]" time="1.087"><failure message="AssertionError: Failed to detect DATE in: Ich bin am 15. März 1985 geboren&#10;assert '&lt;DATE&gt;' in 'Ich bin am 15. März&lt;LOCATION&gt;'">f = &lt;pii_filter.pii_filter.PIIFilter object at 0x000001D584FB4DD0&gt;
entity = 'DATE', text = 'Ich bin am 15. März 1985 geboren', expected = '&lt;DATE&gt;'

    @pytest.mark.parametrize("entity,text,expected", entity_samples)
    def test_entity_coverage(f, entity, text, expected):
        out = f.anonymize_text(text)
&gt;       assert expected in out, f"Failed to detect {entity} in: {text}"
E       AssertionError: Failed to detect DATE in: Ich bin am 15. März 1985 geboren
E       assert '&lt;DATE&gt;' in 'Ich bin am 15. März&lt;LOCATION&gt;'

tests\unit\test_entity_coverage.py:180: AssertionError</failure></testcase><testcase classname="tests.unit.test_entity_coverage" name="test_entity_coverage[EMAIL_ADDRESS-Sie k\xf6nnen mich unter max.mueller@example.de erreichen-&lt;EMAIL&gt;]" time="1.080" /><testcase classname="tests.unit.test_entity_coverage" name="test_entity_coverage[PHONE_NUMBER-Rufen Sie mich unter +49 123 456789 an-&lt;PHONE&gt;]" time="1.385" /><testcase classname="tests.unit.test_entity_coverage" name="test_entity_coverage[ID_NUMBER-Meine Sozialversicherungsnummer ist 123-45-6789-&lt;ID_NUMBER&gt;]" time="1.101"><failure message="AssertionError: Failed to detect ID_NUMBER in: Meine Sozialversicherungsnummer ist 123-45-6789&#10;assert '&lt;ID_NUMBER&gt;' in 'Meine Sozialversicherungsnummer ist &lt;PHONE&gt;'">f = &lt;pii_filter.pii_filter.PIIFilter object at 0x000001D583AD3310&gt;
entity = 'ID_NUMBER', text = 'Meine Sozialversicherungsnummer ist 123-45-6789'
expected = '&lt;ID_NUMBER&gt;'

    @pytest.mark.parametrize("entity,text,expected", entity_samples)
    def test_entity_coverage(f, entity, text, expected):
        out = f.anonymize_text(text)
&gt;       assert expected in out, f"Failed to detect {entity} in: {text}"
E       AssertionError: Failed to detect ID_NUMBER in: Meine Sozialversicherungsnummer ist 123-45-6789
E       assert '&lt;ID_NUMBER&gt;' in 'Meine Sozialversicherungsnummer ist &lt;PHONE&gt;'

tests\unit\test_entity_coverage.py:180: AssertionError</failure></testcase><testcase classname="tests.unit.test_entity_coverage" name="test_entity_coverage[PASSPORT-Meine Passnummer ist X1234567-&lt;PASSPORT&gt;]" time="1.038" /><testcase classname="tests.unit.test_entity_coverage" name="test_entity_coverage[BANK_ACCOUNT-Meine IBAN ist DE12345678901234567890-&lt;BANK_ACCOUNT&gt;]" time="1.122" /><testcase classname="tests.unit.test_entity_coverage" name="test_entity_coverage[CREDIT_CARD-Meine Kreditkarte ist 4111 1111 1111 1111-&lt;CREDIT_CARD&gt;]" time="1.072" /><testcase classname="tests.unit.test_entity_coverage" name="test_entity_coverage[HEALTH_INFO-Ich habe Diabetes und brauche medizinische Hilfe-&lt;HEALTH_INFO&gt;]" time="1.392" /><testcase classname="tests.unit.test_entity_coverage" name="test_entity_coverage[SOCIAL_HANDLE-Folgen Sie mir auf Twitter @max_mueller-&lt;SOCIAL_HANDLE&gt;]" time="1.038" /><testcase classname="tests.unit.test_entity_coverage" name="test_entity_coverage[LICENSE_PLATE-Mein Kennzeichen ist B-AB 1234-&lt;LICENSE_PLATE&gt;]" time="1.037" /><testcase classname="tests.unit.test_entity_coverage" name="test_entity_coverage[IP_ADDRESS-Meine IP-Adresse ist 192.168.1.1-&lt;IP_ADDRESS&gt;]" time="1.080" /><testcase classname="tests.unit.test_entity_coverage" name="test_entity_coverage[GEO_COORDINATES-Mein Standort ist 52.5200, 13.4050-&lt;GEO_COORDINATES&gt;]" time="1.057" /><testcase classname="tests.unit.test_entity_coverage" name="test_entity_coverage[MEETING_ID-Treten Sie meinem Meeting bei unter 123 456 789-&lt;MEETING_ID&gt;]" time="1.337" /><testcase classname="tests.unit.test_entity_coverage" name="test_entity_coverage[PAYMENT_TOKEN-Mein API-Schl\xfcssel ist sk_live_abc123def456-&lt;PAYMENT_TOKEN&gt;]" time="1.025"><failure message="AssertionError: Failed to detect PAYMENT_TOKEN in: Mein API-Schlüssel ist sk_live_abc123def456&#10;assert '&lt;PAYMENT_TOKEN&gt;' in 'Mein API-Schlüssel ist sk_live_abc123def456'">f = &lt;pii_filter.pii_filter.PIIFilter object at 0x000001D58128DCD0&gt;
entity = 'PAYMENT_TOKEN', text = 'Mein API-Schlüssel ist sk_live_abc123def456'
expected = '&lt;PAYMENT_TOKEN&gt;'

    @pytest.mark.parametrize("entity,text,expected", entity_samples)
    def test_entity_coverage(f, entity, text, expected):
        out = f.anonymize_text(text)
&gt;       assert expected in out, f"Failed to detect {entity} in: {text}"
E       AssertionError: Failed to detect PAYMENT_TOKEN in: Mein API-Schlüssel ist sk_live_abc123def456
E       assert '&lt;PAYMENT_TOKEN&gt;' in 'Mein API-Schlüssel ist sk_live_abc123def456'

tests\unit\test_entity_coverage.py:180: AssertionError</failure></testcase><testcase classname="tests.unit.test_entity_coverage" name="test_entity_coverage[CRYPTO_ADDRESS-Senden Sie an BTC-Adresse 1A1zP1eP5QGefi2DMPTfTL5SLmv7DivfNa-&lt;CRYPTO_ADDRESS&gt;]" time="1.009" /><testcase classname="tests.unit.test_entity_coverage" name="test_entity_coverage[TAX_ID-Meine Steuer-ID ist 12-3456789-&lt;TAX_ID&gt;]" time="1.045" /><testcase classname="tests.unit.test_entity_coverage" name="test_entity_coverage[ACCOUNT_NUMBER-Meine Kontonummer ist 1234567890-&lt;ACCOUNT_NUMBER&gt;]" time="1.051" /><testcase classname="tests.unit.test_entity_coverage" name="test_entity_coverage[ROUTING_NUMBER-Meine Bankleitzahl ist 021000021-&lt;ROUTING_NUMBER&gt;]" time="1.400" /><testcase classname="tests.unit.test_entity_coverage" name="test_entity_coverage[MAC_ADDRESS-Meine MAC-Adresse ist 00:1A:2B:3C:4D:5E-&lt;MAC_ADDRESS&gt;]" time="1.074" /><testcase classname="tests.unit.test_entity_coverage" name="test_entity_coverage[IMEI-Die IMEI meines Ger\xe4ts ist 490154203237518-&lt;IMEI&gt;]" time="1.023" /><testcase classname="tests.unit.test_entity_coverage" name="test_entity_coverage[ADVERTISING_ID-Meine IDFA ist 123e4567-e89b-12d3-a456-426614174000-&lt;ADVERTISING_ID&gt;]" time="1.058" /><testcase classname="tests.unit.test_entity_coverage" name="test_entity_coverage[PLUS_CODE-Treffen wir uns bei 9G8F+5W Berlin-&lt;PLUS_CODE&gt;]" time="1.058" /><testcase classname="tests.unit.test_entity_coverage" name="test_entity_coverage[MESSAGING_ID-Mein Discord ist max#1234-&lt;MESSAGING_ID&gt;]" time="1.380" /><testcase classname="tests.unit.test_entity_coverage" name="test_entity_coverage[FAX_NUMBER-Meine Faxnummer ist +49 30 1234567-&lt;FAX&gt;]" time="1.022" /><testcase classname="tests.unit.test_entity_coverage" name="test_entity_coverage[MRN-Meine Krankenaktennummer ist ABC-123456-&lt;MRN&gt;]" time="1.019"><failure message="AssertionError: Failed to detect MRN in: Meine Krankenaktennummer ist ABC-123456&#10;assert '&lt;MRN&gt;' in 'Meine Krankenaktennummer ist ABC-123456'">f = &lt;pii_filter.pii_filter.PIIFilter object at 0x000001D5BF1065D0&gt;
entity = 'MRN', text = 'Meine Krankenaktennummer ist ABC-123456'
expected = '&lt;MRN&gt;'

    @pytest.mark.parametrize("entity,text,expected", entity_samples)
    def test_entity_coverage(f, entity, text, expected):
        out = f.anonymize_text(text)
&gt;       assert expected in out, f"Failed to detect {entity} in: {text}"
E       AssertionError: Failed to detect MRN in: Meine Krankenaktennummer ist ABC-123456
E       assert '&lt;MRN&gt;' in 'Meine Krankenaktennummer ist ABC-123456'

tests\unit\test_entity_coverage.py:180: AssertionError</failure></testcase><testcase classname="tests.unit.test_entity_coverage" name="test_entity_coverage[INSURANCE_ID-Meine Versicherungspolice ist POL-987654321-&lt;INSURANCE_ID&gt;]" time="1.034"><failure message="AssertionError: Failed to detect INSURANCE_ID in: Meine Versicherungspolice ist POL-987654321&#10;assert '&lt;INSURANCE_ID&gt;' in 'Meine Versicherungspolice ist POL-&lt;ID_NUMBER&gt;'">f = &lt;pii_filter.pii_filter.PIIFilter object at 0x000001D58102BA90&gt;
entity = 'INSURANCE_ID', text = 'Meine Versicherungspolice ist POL-987654321'
expected = '&lt;INSURANCE_ID&gt;'

    @pytest.mark.parametrize("entity,text,expected", entity_samples)
    def test_entity_coverage(f, entity, text, expected):
        out = f.anonymize_text(text)
&gt;       assert expected in out, f"Failed to detect {entity} in: {text}"
E       AssertionError: Failed to detect INSURANCE_ID in: Meine Versicherungspolice ist POL-987654321
E       assert '&lt;INSURANCE_ID&gt;' in 'Meine Versicherungspolice ist POL-&lt;ID_NUMBER&gt;'

tests\unit\test_entity_coverage.py:180: AssertionError</failure></testcase><testcase classname="tests.unit.test_entity_coverage" name="test_entity_coverage[STUDENT_NUMBER-Meine Studentenausweisnummer ist STU-12345-&lt;STUDENT_NUMBER&gt;]" time="1.261"><failure message="AssertionError: Failed to detect STUDENT_NUMBER in: Meine Studentenausweisnummer ist STU-12345&#10;assert '&lt;STUDENT_NUMBER&gt;' in 'Meine Studentenausweisnummer ist &lt;ADDRESS&gt;'">f = &lt;pii_filter.pii_filter.PIIFilter object at 0x000001D5CA0CC1D0&gt;
entity = 'STUDENT_NUMBER', text = 'Meine Studentenausweisnummer ist STU-12345'
expected = '&lt;STUDENT_NUMBER&gt;'

    @pytest.mark.parametrize("entity,text,expected", entity_samples)
    def test_entity_coverage(f, entity, text, expected):
        out = f.anonymize_text(text)
&gt;       assert expected in out, f"Failed to detect {entity} in: {text}"
E       AssertionError: Failed to detect STUDENT_NUMBER in: Meine Studentenausweisnummer ist STU-12345
E       assert '&lt;STUDENT_NUMBER&gt;' in 'Meine Studentenausweisnummer ist &lt;ADDRESS&gt;'

tests\unit\test_entity_coverage.py:180: AssertionError</failure></testcase><testcase classname="tests.unit.test_entity_coverage" name="test_entity_coverage[EMPLOYEE_ID-Meine Mitarbeiternummer ist EMP-67890-&lt;EMPLOYEE_ID&gt;]" time="1.039"><failure message="AssertionError: Failed to detect EMPLOYEE_ID in: Meine Mitarbeiternummer ist EMP-67890&#10;assert '&lt;EMPLOYEE_ID&gt;' in 'Meine Mitarbeiternummer ist EMP-67890'">f = &lt;pii_filter.pii_filter.PIIFilter object at 0x000001D5BF030190&gt;
entity = 'EMPLOYEE_ID', text = 'Meine Mitarbeiternummer ist EMP-67890'
expected = '&lt;EMPLOYEE_ID&gt;'

    @pytest.mark.parametrize("entity,text,expected", entity_samples)
    def test_entity_coverage(f, entity, text, expected):
        out = f.anonymize_text(text)
&gt;       assert expected in out, f"Failed to detect {entity} in: {text}"
E       AssertionError: Failed to detect EMPLOYEE_ID in: Meine Mitarbeiternummer ist EMP-67890
E       assert '&lt;EMPLOYEE_ID&gt;' in 'Meine Mitarbeiternummer ist EMP-67890'

tests\unit\test_entity_coverage.py:180: AssertionError</failure></testcase><testcase classname="tests.unit.test_entity_coverage" name="test_entity_coverage[PRO_LICENSE-Meine Berufslizenz ist LIC-54321-&lt;PRO_LICENSE&gt;]" time="1.010"><failure message="AssertionError: Failed to detect PRO_LICENSE in: Meine Berufslizenz ist LIC-54321&#10;assert '&lt;PRO_LICENSE&gt;' in 'Meine Berufslizenz ist LIC-54321'">f = &lt;pii_filter.pii_filter.PIIFilter object at 0x000001D609B1DD10&gt;
entity = 'PRO_LICENSE', text = 'Meine Berufslizenz ist LIC-54321'
expected = '&lt;PRO_LICENSE&gt;'

    @pytest.mark.parametrize("entity,text,expected", entity_samples)
    def test_entity_coverage(f, entity, text, expected):
        out = f.anonymize_text(text)
&gt;       assert expected in out, f"Failed to detect {entity} in: {text}"
E       AssertionError: Failed to detect PRO_LICENSE in: Meine Berufslizenz ist LIC-54321
E       assert '&lt;PRO_LICENSE&gt;' in 'Meine Berufslizenz ist LIC-54321'

tests\unit\test_entity_coverage.py:180: AssertionError</failure></testcase><testcase classname="tests.unit.test_entity_coverage" name="test_entity_coverage[HEALTH_ID-Meine NHS-Nummer ist 943 476 5919-&lt;HEALTH_ID&gt;]" time="1.028"><failure message="AssertionError: Failed to detect HEALTH_ID in: Meine NHS-Nummer ist 943 476 5919&#10;assert '&lt;HEALTH_ID&gt;' in 'Meine NHS-Nummer ist 943 476 5919'">f = &lt;pii_filter.pii_filter.PIIFilter object at 0x000001D581029550&gt;
entity = 'HEALTH_ID', text = 'Meine NHS-Nummer ist 943 476 5919'
expected = '&lt;HEALTH_ID&gt;'

    @pytest.mark.parametrize("entity,text,expected", entity_samples)
    def test_entity_coverage(f, entity, text, expected):
        out = f.anonymize_text(text)
&gt;       assert expected in out, f"Failed to detect {entity} in: {text}"
E       AssertionError: Failed to detect HEALTH_ID in: Meine NHS-Nummer ist 943 476 5919
E       assert '&lt;HEALTH_ID&gt;' in 'Meine NHS-Nummer ist 943 476 5919'

tests\unit\test_entity_coverage.py:180: AssertionError</failure></testcase><testcase classname="tests.unit.test_entity_coverage" name="test_entity_coverage[DRIVER_LICENSE-Mein F\xfchrerschein ist D1234567-&lt;DRIVER_LICENSE&gt;]" time="1.104" /><testcase classname="tests.unit.test_entity_coverage" name="test_entity_coverage[VOTER_ID-Meine W\xe4hlerausweisnummer ist V9876543-&lt;VOTER_ID&gt;]" time="1.462"><failure message="AssertionError: Failed to detect VOTER_ID in: Meine Wählerausweisnummer ist V9876543&#10;assert '&lt;VOTER_ID&gt;' in 'Meine Wählerausweisnummer ist &lt;PASSPORT&gt;'">f = &lt;pii_filter.pii_filter.PIIFilter object at 0x000001D5E60F6FD0&gt;
entity = 'VOTER_ID', text = 'Meine Wählerausweisnummer ist V9876543'
expected = '&lt;VOTER_ID&gt;'

    @pytest.mark.parametrize("entity,text,expected", entity_samples)
    def test_entity_coverage(f, entity, text, expected):
        out = f.anonymize_text(text)
&gt;       assert expected in out, f"Failed to detect {entity} in: {text}"
E       AssertionError: Failed to detect VOTER_ID in: Meine Wählerausweisnummer ist V9876543
E       assert '&lt;VOTER_ID&gt;' in 'Meine Wählerausweisnummer ist &lt;PASSPORT&gt;'

tests\unit\test_entity_coverage.py:180: AssertionError</failure></testcase><testcase classname="tests.unit.test_entity_coverage" name="test_entity_coverage[RESIDENCE_PERMIT-Meine Aufenthaltsgenehmigung ist RP456789-&lt;RESIDENCE_PERMIT&gt;]" time="1.011" /><testcase classname="tests.unit.test_entity_coverage" name="test_entity_coverage[BENEFIT_ID-Meine Sozialhilfekarte ist B11223344-&lt;BENEFIT_ID&gt;]" time="1.003"><failure message="AssertionError: Failed to detect BENEFIT_ID in: Meine Sozialhilfekarte ist B11223344&#10;assert '&lt;BENEFIT_ID&gt;' in 'Meine Sozialhilfekarte ist &lt;PASSPORT&gt;'">f = &lt;pii_filter.pii_filter.PIIFilter object at 0x000001D5E53C3210&gt;
entity = 'BENEFIT_ID', text = 'Meine Sozialhilfekarte ist B11223344'
expected = '&lt;BENEFIT_ID&gt;'

    @pytest.mark.parametrize("entity,text,expected", entity_samples)
    def test_entity_coverage(f, entity, text, expected):
        out = f.anonymize_text(text)
&gt;       assert expected in out, f"Failed to detect {entity} in: {text}"
E       AssertionError: Failed to detect BENEFIT_ID in: Meine Sozialhilfekarte ist B11223344
E       assert '&lt;BENEFIT_ID&gt;' in 'Meine Sozialhilfekarte ist &lt;PASSPORT&gt;'

tests\unit\test_entity_coverage.py:180: AssertionError</failure></testcase><testcase classname="tests.unit.test_entity_coverage" name="test_entity_coverage[MILITARY_ID-Meine Milit\xe4rausweis ist M55667788-&lt;MILITARY_ID&gt;]" time="1.043"><failure message="AssertionError: Failed to detect MILITARY_ID in: Meine Militärausweis ist M55667788&#10;assert '&lt;MILITARY_ID&gt;' in 'Meine Militärausweis ist &lt;PASSPORT&gt;'">f = &lt;pii_filter.pii_filter.PIIFilter object at 0x000001D5E53C3D10&gt;
entity = 'MILITARY_ID', text = 'Meine Militärausweis ist M55667788'
expected = '&lt;MILITARY_ID&gt;'

    @pytest.mark.parametrize("entity,text,expected", entity_samples)
    def test_entity_coverage(f, entity, text, expected):
        out = f.anonymize_text(text)
&gt;       assert expected in out, f"Failed to detect {entity} in: {text}"
E       AssertionError: Failed to detect MILITARY_ID in: Meine Militärausweis ist M55667788
E       assert '&lt;MILITARY_ID&gt;' in 'Meine Militärausweis ist &lt;PASSPORT&gt;'

tests\unit\test_entity_coverage.py:180: AssertionError</failure></testcase><testcase classname="tests.unit.test_entity_coverage" name="test_entity_coverage[DEVICE_ID-Meine Ger\xe4te-ID ist DEV-999888777-&lt;DEVICE_ID&gt;]" time="1.258"><failure message="AssertionError: Failed to detect DEVICE_ID in: Meine Geräte-ID ist DEV-999888777&#10;assert '&lt;DEVICE_ID&gt;' in 'Meine Geräte-ID ist DEV-&lt;ID_NUMBER&gt;'">f = &lt;pii_filter.pii_filter.PIIFilter object at 0x000001D65A2C1350&gt;
entity = 'DEVICE_ID', text = 'Meine Geräte-ID ist DEV-999888777'
expected = '&lt;DEVICE_ID&gt;'

    @pytest.mark.parametrize("entity,text,expected", entity_samples)
    def test_entity_coverage(f, entity, text, expected):
        out = f.anonymize_text(text)
&gt;       assert expected in out, f"Failed to detect {entity} in: {text}"
E       AssertionError: Failed to detect DEVICE_ID in: Meine Geräte-ID ist DEV-999888777
E       assert '&lt;DEVICE_ID&gt;' in 'Meine Geräte-ID ist DEV-&lt;ID_NUMBER&gt;'

tests\unit\test_entity_coverage.py:180: AssertionError</failure></testcase><testcase classname="tests.unit.test_entity_coverage" name="test_person_false_positives[Ich wohne in M\xfcritzsee.]" time="1.056" /><testcase classname="tests.unit.test_entity_coverage" name="test_person_false_positives[Meine Adresse: Schwabental]" time="1.020" /><testcase classname="tests.unit.test_entity_coverage" name="test_person_false_positives[Ich hei\xdfe Anna Gasse.]" time="1.009" /><testcase classname="tests.unit.test_entity_coverage" name="test_person_false_positives[Koordinaten: 52.5200, 13.4050]" time="1.055" /><testcase classname="tests.unit.test_entity_coverage" name="test_person_false_positives[Personalausweisnummer: T22000129]" time="1.426" /><testcase classname="tests.unit.test_entity_coverage" name="test_person_false_positives[Ruf mich unter 12-03-2023 an.]" time="1.016" /><testcase classname="tests.unit.test_entity_coverage" name="test_person_false_positives[\u0648\u0644\u062f\u062a \u0641\u064a 31/12/1990.]" time="1.007" /><testcase classname="tests.unit.test_entity_coverage" name="test_person_false_positives[Diagnosed with diabetes.]" time="1.028" /><testcase classname="tests.unit.test_entity_coverage" name="test_person_false_positives[Blood type: O+]" time="1.047" /><testcase classname="tests.unit.test_entity_coverage" name="test_person_false_positives[Fax: +49 30 1234567]" time="1.341" /><testcase classname="tests.unit.test_entity_coverage" name="test_person_false_positives[Meeting ID: 987 654 321]" time="1.021" /><testcase classname="tests.unit.test_entity_coverage" name="test_person_false_positives[MAC 00:1A:2B:3C:4D:5E]" time="1.006" /><testcase classname="tests.unit.test_entity_coverage" name="test_person_false_positives[IMEI 490154203237518]" time="1.030" /><testcase classname="tests.unit.test_entity_coverage" name="test_person_false_positives[IDFA: 123e4567-e89b-12d3-a456-426614174000]" time="1.068" /><testcase classname="tests.unit.test_entity_coverage" name="test_person_false_positives[Kennzeichen: B-AB 1234]" time="1.333" /><testcase classname="tests.unit.test_entity_coverage" name="test_person_false_positives[Plus Code: 9C3W9QCJ+2V]" time="1.026" /><testcase classname="tests.unit.test_entity_coverage" name="test_person_false_positives[w3w: ///index.home.raft]" time="1.008" /><testcase classname="tests.unit.test_entity_coverage" name="test_person_false_positives[Twitter @john_doe123]" time="1.021" /><testcase classname="tests.unit.test_entity_coverage" name="test_person_false_positives[Discord user#1234]" time="1.041" /><testcase classname="tests.unit.test_entity_coverage" name="test_person_false_positives[Visa 4111 1111 1111 1111]" time="1.362" /><testcase classname="tests.unit.test_entity_coverage" name="test_person_false_positives[IBAN: DE44 5001 0517 5407 3249 31]" time="1.019" /><testcase classname="tests.unit.test_entity_coverage" name="test_person_false_positives[BTC: 1BoatSLRHtKNngkdXEeobR76b53LETtpyT]" time="1.033" /><testcase classname="tests.unit.test_entity_coverage" name="test_person_false_positives[ETH: 0x52908400098527886e0f7030069857d2e4169ee7]" time="1.027" /><testcase classname="tests.unit.test_entity_coverage" name="test_person_false_positives[NHS number 943 476 5919]" time="1.082" /><testcase classname="tests.unit.test_entity_coverage" name="test_person_false_positives[MRN: ABC-123456]" time="1.341" /><testcase classname="tests.unit.test_entity_coverage" name="test_person_false_positives[Insurance policy: POL-987654321]" time="1.036" /><testcase classname="tests.unit.test_entity_coverage" name="test_person_false_positives[API key: sk_live_abcDEF1234567890]" time="1.026" /><testcase classname="tests.unit.test_entity_coverage" name="test_person_false_positives[Stripe pub: pk_test_1xYzABC1234567890]" time="1.031" /><testcase classname="tests.unit.test_entity_coverage" name="test_person_false_positives[Kontonummer: 1234-567890-12]" time="1.094" /><testcase classname="tests.unit.test_entity_coverage" name="test_person_false_positives[Steuer-ID: 12 345 678 901]" time="1.379" /><testcase classname="tests.unit.test_entity_coverage" name="test_person_false_positives[USt-IdNr.: DE 123456789]" time="1.021" /><testcase classname="tests.unit.test_entity_coverage" name="test_person_false_positives[SSN: 536-80-4398]" time="1.025" /><testcase classname="tests.unit.test_entity_coverage" name="test_person_false_positives[ITIN: 912-91-3457]" time="1.024" /><testcase classname="tests.unit.test_entity_coverage" name="test_person_false_positives[EIN: 51-2144346]" time="1.072" /><testcase classname="tests.unit.test_entity_coverage" name="test_person_false_positives[VAT: ES X1234567T]" time="1.368" /><testcase classname="tests.unit.test_entity_coverage" name="test_person_false_positives[Routing (ABA): 021000021]" time="1.022" /><testcase classname="tests.unit.test_entity_coverage" name="test_person_false_positives[BIC: COBADEFFXXX]" time="1.026" /><testcase classname="tests.unit.test_entity_coverage" name="test_person_false_positives[Apple]" time="1.065" /><testcase classname="tests.unit.test_entity_coverage" name="test_person_false_positives[Google]" time="1.067" /><testcase classname="tests.unit.test_entity_coverage" name="test_person_false_positives[Microsoft]" time="1.369" /><testcase classname="tests.unit.test_entity_coverage" name="test_person_false_positives[Facebook]" time="1.068" /><testcase classname="tests.unit.test_entity_coverage" name="test_person_false_positives[Amazon]" time="1.062" /><testcase classname="tests.unit.test_entity_coverage" name="test_person_false_positives[Berlin]" time="1.070" /><testcase classname="tests.unit.test_entity_coverage" name="test_person_false_positives[London]" time="1.064" /><testcase classname="tests.unit.test_entity_coverage" name="test_person_false_positives[Paris]" time="1.329" /><testcase classname="tests.unit.test_entity_coverage" name="test_person_false_positives[M\xfcnchen]" time="1.037" /><testcase classname="tests.unit.test_entity_coverage" name="test_person_false_positives[Hamburg]" time="1.054" /><testcase classname="tests.unit.test_entity_coverage" name="test_person_false_positives[Computer]" time="1.031" /><testcase classname="tests.unit.test_entity_coverage" name="test_person_false_positives[Science]" time="1.056" /><testcase classname="tests.unit.test_entity_coverage" name="test_person_false_positives[Machine]" time="1.361" /><testcase classname="tests.unit.test_entity_coverage" name="test_person_false_positives[Learning]" time="1.023" /><testcase classname="tests.unit.test_entity_coverage" name="test_person_false_positives[Das Haus]" time="1.087" /><testcase classname="tests.unit.test_entity_coverage" name="test_person_false_positives[Der Baum]" time="1.016" /><testcase classname="tests.unit.test_entity_coverage" name="test_person_false_positives[Die Stadt]" time="1.043" /><testcase classname="tests.unit.test_entity_coverage" name="test_person_false_positives[Doctor]" time="1.389" /><testcase classname="tests.unit.test_entity_coverage" name="test_person_false_positives[President]" time="1.024" /><testcase classname="tests.unit.test_entity_coverage" name="test_person_false_positives[Professor0]" time="1.014" /><testcase classname="tests.unit.test_entity_coverage" name="test_person_false_positives[Manager0]" time="1.010" /><testcase classname="tests.unit.test_entity_coverage" name="test_person_false_positives[Engineer]" time="1.052" /><testcase classname="tests.unit.test_entity_coverage" name="test_person_false_positives[January]" time="1.367" /><testcase classname="tests.unit.test_entity_coverage" name="test_person_false_positives[February]" time="1.023" /><testcase classname="tests.unit.test_entity_coverage" name="test_person_false_positives[March]" time="1.021" /><testcase classname="tests.unit.test_entity_coverage" name="test_person_false_positives[April0]" time="1.005" /><testcase classname="tests.unit.test_entity_coverage" name="test_person_false_positives[Street]" time="1.063" /><testcase classname="tests.unit.test_entity_coverage" name="test_person_false_positives[Avenue0]" time="1.361" /><testcase classname="tests.unit.test_entity_coverage" name="test_person_false_positives[Road]" time="1.032" /><testcase classname="tests.unit.test_entity_coverage" name="test_person_false_positives[Boulevard0]" time="1.034" /><testcase classname="tests.unit.test_entity_coverage" name="test_person_false_positives[Park0]" time="1.036" /><testcase classname="tests.unit.test_entity_coverage" name="test_person_false_positives[Lake]" time="1.074" /><testcase classname="tests.unit.test_entity_coverage" name="test_person_false_positives[River]" time="1.395" /><testcase classname="tests.unit.test_entity_coverage" name="test_person_false_positives[Mountain]" time="1.040" /><testcase classname="tests.unit.test_entity_coverage" name="test_person_false_positives[Company]" time="1.027" /><testcase classname="tests.unit.test_entity_coverage" name="test_person_false_positives[Corporation]" time="1.017" /><testcase classname="tests.unit.test_entity_coverage" name="test_person_false_positives[University]" time="1.071" /><testcase classname="tests.unit.test_entity_coverage" name="test_person_false_positives[School]" time="1.398" /><testcase classname="tests.unit.test_entity_coverage" name="test_person_false_positives[Hospital]" time="1.031" /><testcase classname="tests.unit.test_entity_coverage" name="test_person_false_positives[Bank0]" time="1.029" /><testcase classname="tests.unit.test_entity_coverage" name="test_person_false_positives[Library]" time="1.020" /><testcase classname="tests.unit.test_entity_coverage" name="test_person_false_positives[Airport]" time="1.049" /><testcase classname="tests.unit.test_entity_coverage" name="test_person_false_positives[Station]" time="1.335" /><testcase classname="tests.unit.test_entity_coverage" name="test_person_false_positives[Center]" time="1.006" /><testcase classname="tests.unit.test_entity_coverage" name="test_person_false_positives[Building]" time="1.019" /><testcase classname="tests.unit.test_entity_coverage" name="test_person_false_positives[Office]" time="1.014" /><testcase classname="tests.unit.test_entity_coverage" name="test_person_false_positives[Department]" time="1.039" /><testcase classname="tests.unit.test_entity_coverage" name="test_person_false_positives[Service]" time="1.339" /><testcase classname="tests.unit.test_entity_coverage" name="test_person_false_positives[System0]" time="1.008" /><testcase classname="tests.unit.test_entity_coverage" name="test_person_false_positives[Program]" time="1.013" /><testcase classname="tests.unit.test_entity_coverage" name="test_person_false_positives[Project]" time="1.074" /><testcase classname="tests.unit.test_entity_coverage" name="test_person_false_positives[Report]" time="1.078" /><testcase classname="tests.unit.test_entity_coverage" name="test_person_false_positives[Document]" time="1.336" /><testcase classname="tests.unit.test_entity_coverage" name="test_person_false_positives[File]" time="0.998" /><testcase classname="tests.unit.test_entity_coverage" name="test_person_false_positives[Data]" time="1.009" /><testcase classname="tests.unit.test_entity_coverage" name="test_person_false_positives[Information0]" time="1.018" /><testcase classname="tests.unit.test_entity_coverage" name="test_person_false_positives[Request]" time="1.064" /><testcase classname="tests.unit.test_entity_coverage" name="test_person_false_positives[Application]" time="1.364" /><testcase classname="tests.unit.test_entity_coverage" name="test_person_false_positives[Form]" time="1.013" /><testcase classname="tests.unit.test_entity_coverage" name="test_person_false_positives[Process]" time="1.029" /><testcase classname="tests.unit.test_entity_coverage" name="test_person_false_positives[Status0]" time="1.006" /><testcase classname="tests.unit.test_entity_coverage" name="test_person_false_positives[Update]" time="1.034" /><testcase classname="tests.unit.test_entity_coverage" name="test_person_false_positives[Change]" time="1.343" /><testcase classname="tests.unit.test_entity_coverage" name="test_person_false_positives[Help]" time="1.005" /><testcase classname="tests.unit.test_entity_coverage" name="test_person_false_positives[Support]" time="1.046" /><testcase classname="tests.unit.test_entity_coverage" name="test_person_false_positives[Contact]" time="1.032" /><testcase classname="tests.unit.test_entity_coverage" name="test_person_false_positives[Question]" time="1.074" /><testcase classname="tests.unit.test_entity_coverage" name="test_person_false_positives[Answer]" time="1.422" /><testcase classname="tests.unit.test_entity_coverage" name="test_person_false_positives[Issue]" time="1.074" /><testcase classname="tests.unit.test_entity_coverage" name="test_person_false_positives[Problem0]" time="1.091" /><testcase classname="tests.unit.test_entity_coverage" name="test_person_false_positives[Solution]" time="1.079" /><testcase classname="tests.unit.test_entity_coverage" name="test_person_false_positives[Thank you]" time="1.094" /><testcase classname="tests.unit.test_entity_coverage" name="test_person_false_positives[Please]" time="1.337" /><testcase classname="tests.unit.test_entity_coverage" name="test_person_false_positives[Hello]" time="1.057" /><testcase classname="tests.unit.test_entity_coverage" name="test_person_false_positives[Goodbye]" time="1.014" /><testcase classname="tests.unit.test_entity_coverage" name="test_person_false_positives[Yes]" time="1.012" /><testcase classname="tests.unit.test_entity_coverage" name="test_person_false_positives[No]" time="1.079" /><testcase classname="tests.unit.test_entity_coverage" name="test_person_false_positives[Okay0]" time="1.329" /><testcase classname="tests.unit.test_entity_coverage" name="test_person_false_positives[Maybe]" time="1.023" /><testcase classname="tests.unit.test_entity_coverage" name="test_person_false_positives[Sorry]" time="1.024" /><testcase classname="tests.unit.test_entity_coverage" name="test_person_false_positives[Excuse me]" time="1.014" /><testcase classname="tests.unit.test_entity_coverage" name="test_person_false_positives[I need]" time="1.040" /><testcase classname="tests.unit.test_entity_coverage" name="test_person_false_positives[I want]" time="1.374" /><testcase classname="tests.unit.test_entity_coverage" name="test_person_false_positives[Can you]" time="1.025" /><testcase classname="tests.unit.test_entity_coverage" name="test_person_false_positives[How do I]" time="1.039" /><testcase classname="tests.unit.test_entity_coverage" name="test_person_false_positives[What is]" time="1.023" /><testcase classname="tests.unit.test_entity_coverage" name="test_person_false_positives[Where is]" time="1.041" /><testcase classname="tests.unit.test_entity_coverage" name="test_person_false_positives[When is]" time="1.341" /><testcase classname="tests.unit.test_entity_coverage" name="test_person_false_positives[Why is]" time="1.019" /><testcase classname="tests.unit.test_entity_coverage" name="test_person_false_positives[Who is]" time="1.008" /><testcase classname="tests.unit.test_entity_coverage" name="test_person_false_positives[Which]" time="1.030" /><testcase classname="tests.unit.test_entity_coverage" name="test_person_false_positives[That]" time="1.090" /><testcase classname="tests.unit.test_entity_coverage" name="test_person_false_positives[This]" time="1.367" /><testcase classname="tests.unit.test_entity_coverage" name="test_person_false_positives[Here]" time="1.021" /><testcase classname="tests.unit.test_entity_coverage" name="test_person_false_positives[There]" time="1.009" /><testcase classname="tests.unit.test_entity_coverage" name="test_person_false_positives[Now]" time="1.013" /><testcase classname="tests.unit.test_entity_coverage" name="test_person_false_positives[Then0]" time="1.029" /><testcase classname="tests.unit.test_entity_coverage" name="test_person_false_positives[Today]" time="1.344" /><testcase classname="tests.unit.test_entity_coverage" name="test_person_false_positives[Tomorrow]" time="1.034" /><testcase classname="tests.unit.test_entity_coverage" name="test_person_false_positives[Yesterday]" time="1.022" /><testcase classname="tests.unit.test_entity_coverage" name="test_person_false_positives[Monday]" time="1.046" /><testcase classname="tests.unit.test_entity_coverage" name="test_person_false_positives[Tuesday]" time="1.071" /><testcase classname="tests.unit.test_entity_coverage" name="test_person_false_positives[Wednesday]" time="1.407" /><testcase classname="tests.unit.test_entity_coverage" name="test_person_false_positives[Thursday]" time="1.034" /><testcase classname="tests.unit.test_entity_coverage" name="test_person_false_positives[Friday]" time="1.026" /><testcase classname="tests.unit.test_entity_coverage" name="test_person_false_positives[Saturday]" time="1.056" /><testcase classname="tests.unit.test_entity_coverage" name="test_person_false_positives[Sunday]" time="1.053" /><testcase classname="tests.unit.test_entity_coverage" name="test_person_false_positives[Morning]" time="1.384" /><testcase classname="tests.unit.test_entity_coverage" name="test_person_false_positives[Afternoon]" time="1.051" /><testcase classname="tests.unit.test_entity_coverage" name="test_person_false_positives[Evening]" time="1.085" /><testcase classname="tests.unit.test_entity_coverage" name="test_person_false_positives[Night]" time="1.066" /><testcase classname="tests.unit.test_entity_coverage" name="test_person_false_positives[Early]" time="1.060" /><testcase classname="tests.unit.test_entity_coverage" name="test_person_false_positives[Late]" time="1.375" /><testcase classname="tests.unit.test_entity_coverage" name="test_person_false_positives[Fast]" time="1.031" /><testcase classname="tests.unit.test_entity_coverage" name="test_person_false_positives[Slow]" time="1.035" /><testcase classname="tests.unit.test_entity_coverage" name="test_person_false_positives[Good]" time="1.020" /><testcase classname="tests.unit.test_entity_coverage" name="test_person_false_positives[Bad]" time="1.045" /><testcase classname="tests.unit.test_entity_coverage" name="test_person_false_positives[Big]" time="1.376" /><testcase classname="tests.unit.test_entity_coverage" name="test_person_false_positives[Small]" time="1.056" /><testcase classname="tests.unit.test_entity_coverage" name="test_person_false_positives[New]" time="1.041" /><testcase classname="tests.unit.test_entity_coverage" name="test_person_false_positives[Old]" time="1.032" /><testcase classname="tests.unit.test_entity_coverage" name="test_person_false_positives[Hot]" time="1.067" /><testcase classname="tests.unit.test_entity_coverage" name="test_person_false_positives[Cold]" time="1.365" /><testcase classname="tests.unit.test_entity_coverage" name="test_person_false_positives[High]" time="1.012" /><testcase classname="tests.unit.test_entity_coverage" name="test_person_false_positives[Low]" time="1.021" /><testcase classname="tests.unit.test_entity_coverage" name="test_person_false_positives[Right]" time="1.024" /><testcase classname="tests.unit.test_entity_coverage" name="test_person_false_positives[Left]" time="1.051" /><testcase classname="tests.unit.test_entity_coverage" name="test_person_false_positives[Up]" time="1.353" /><testcase classname="tests.unit.test_entity_coverage" name="test_person_false_positives[Down]" time="1.014" /><testcase classname="tests.unit.test_entity_coverage" name="test_person_false_positives[In0]" time="1.015" /><testcase classname="tests.unit.test_entity_coverage" name="test_person_false_positives[Out]" time="1.051" /><testcase classname="tests.unit.test_entity_coverage" name="test_person_false_positives[On]" time="1.033" /><testcase classname="tests.unit.test_entity_coverage" name="test_person_false_positives[Off]" time="1.338" /><testcase classname="tests.unit.test_entity_coverage" name="test_person_false_positives[At]" time="1.022" /><testcase classname="tests.unit.test_entity_coverage" name="test_person_false_positives[By]" time="1.012" /><testcase classname="tests.unit.test_entity_coverage" name="test_person_false_positives[For]" time="1.050" /><testcase classname="tests.unit.test_entity_coverage" name="test_person_false_positives[With0]" time="1.036" /><testcase classname="tests.unit.test_entity_coverage" name="test_person_false_positives[From]" time="1.398" /><testcase classname="tests.unit.test_entity_coverage" name="test_person_false_positives[To]" time="1.049" /><testcase classname="tests.unit.test_entity_coverage" name="test_person_false_positives[Of]" time="1.046" /><testcase classname="tests.unit.test_entity_coverage" name="test_person_false_positives[As]" time="1.025" /><testcase classname="tests.unit.test_entity_coverage" name="test_person_false_positives[And]" time="1.049" /><testcase classname="tests.unit.test_entity_coverage" name="test_person_false_positives[Or]" time="1.353" /><testcase classname="tests.unit.test_entity_coverage" name="test_person_false_positives[But]" time="1.073" /><testcase classname="tests.unit.test_entity_coverage" name="test_person_false_positives[If]" time="1.022" /><testcase classname="tests.unit.test_entity_coverage" name="test_person_false_positives[Then1]" time="1.014" /><testcase classname="tests.unit.test_entity_coverage" name="test_person_false_positives[Because]" time="1.042" /><testcase classname="tests.unit.test_entity_coverage" name="test_person_false_positives[So]" time="1.324" /><testcase classname="tests.unit.test_entity_coverage" name="test_person_false_positives[Although]" time="1.040" /><testcase classname="tests.unit.test_entity_coverage" name="test_person_false_positives[While]" time="1.026" /><testcase classname="tests.unit.test_entity_coverage" name="test_person_false_positives[Since0]" time="1.053" /><testcase classname="tests.unit.test_entity_coverage" name="test_person_false_positives[Until0]" time="1.046" /><testcase classname="tests.unit.test_entity_coverage" name="test_person_false_positives[Before]" time="1.387" /><testcase classname="tests.unit.test_entity_coverage" name="test_person_false_positives[After]" time="1.056" /><testcase classname="tests.unit.test_entity_coverage" name="test_person_false_positives[During]" time="1.039" /><testcase classname="tests.unit.test_entity_coverage" name="test_person_false_positives[Through0]" time="1.034" /><testcase classname="tests.unit.test_entity_coverage" name="test_person_false_positives[Over]" time="1.044" /><testcase classname="tests.unit.test_entity_coverage" name="test_person_false_positives[Under]" time="1.395" /><testcase classname="tests.unit.test_entity_coverage" name="test_person_false_positives[Above]" time="1.043" /><testcase classname="tests.unit.test_entity_coverage" name="test_person_false_positives[Below]" time="1.063" /><testcase classname="tests.unit.test_entity_coverage" name="test_person_false_positives[Between]" time="1.013" /><testcase classname="tests.unit.test_entity_coverage" name="test_person_false_positives[Among]" time="1.025" /><testcase classname="tests.unit.test_entity_coverage" name="test_person_false_positives[Within0]" time="1.398" /><testcase classname="tests.unit.test_entity_coverage" name="test_person_false_positives[Without0]" time="1.057" /><testcase classname="tests.unit.test_entity_coverage" name="test_person_false_positives[Against]" time="1.037" /><testcase classname="tests.unit.test_entity_coverage" name="test_person_false_positives[Towards]" time="1.036" /><testcase classname="tests.unit.test_entity_coverage" name="test_person_false_positives[Into]" time="1.050" /><testcase classname="tests.unit.test_entity_coverage" name="test_person_false_positives[Onto]" time="1.415" /><testcase classname="tests.unit.test_entity_coverage" name="test_person_false_positives[Upon0]" time="1.022" /><testcase classname="tests.unit.test_entity_coverage" name="test_person_false_positives[About]" time="1.033" /><testcase classname="tests.unit.test_entity_coverage" name="test_person_false_positives[Across]" time="1.012" /><testcase classname="tests.unit.test_entity_coverage" name="test_person_false_positives[Along]" time="1.016" /><testcase classname="tests.unit.test_entity_coverage" name="test_person_false_positives[Around]" time="1.346" /><testcase classname="tests.unit.test_entity_coverage" name="test_person_false_positives[Behind]" time="1.040" /><testcase classname="tests.unit.test_entity_coverage" name="test_person_false_positives[Beside]" time="1.028" /><testcase classname="tests.unit.test_entity_coverage" name="test_person_false_positives[Besides]" time="1.023" /><testcase classname="tests.unit.test_entity_coverage" name="test_person_false_positives[Near]" time="1.026" /><testcase classname="tests.unit.test_entity_coverage" name="test_person_false_positives[Next]" time="1.373" /><testcase classname="tests.unit.test_entity_coverage" name="test_person_false_positives[Past]" time="1.026" /><testcase classname="tests.unit.test_entity_coverage" name="test_person_false_positives[Round]" time="1.034" /><testcase classname="tests.unit.test_entity_coverage" name="test_person_false_positives[Since1]" time="1.029" /><testcase classname="tests.unit.test_entity_coverage" name="test_person_false_positives[Through1]" time="1.033" /><testcase classname="tests.unit.test_entity_coverage" name="test_person_false_positives[Throughout]" time="1.420" /><testcase classname="tests.unit.test_entity_coverage" name="test_person_false_positives[Till]" time="1.016" /><testcase classname="tests.unit.test_entity_coverage" name="test_person_false_positives[Toward]" time="1.013" /><testcase classname="tests.unit.test_entity_coverage" name="test_person_false_positives[Underneath]" time="1.008" /><testcase classname="tests.unit.test_entity_coverage" name="test_person_false_positives[Until1]" time="1.039" /><testcase classname="tests.unit.test_entity_coverage" name="test_person_false_positives[Unto]" time="1.349" /><testcase classname="tests.unit.test_entity_coverage" name="test_person_false_positives[Upon1]" time="1.048" /><testcase classname="tests.unit.test_entity_coverage" name="test_person_false_positives[With1]" time="1.007" /><testcase classname="tests.unit.test_entity_coverage" name="test_person_false_positives[Within1]" time="1.042" /><testcase classname="tests.unit.test_entity_coverage" name="test_person_false_positives[Without1]" time="1.026" /><testcase classname="tests.unit.test_entity_coverage" name="test_person_false_positives[Doktor]" time="1.387" /><testcase classname="tests.unit.test_entity_coverage" name="test_person_false_positives[Pr\xe4sident]" time="1.065" /><testcase classname="tests.unit.test_entity_coverage" name="test_person_false_positives[Professor1]" time="1.000" /><testcase classname="tests.unit.test_entity_coverage" name="test_person_false_positives[Manager1]" time="1.047" /><testcase classname="tests.unit.test_entity_coverage" name="test_person_false_positives[Ingenieur]" time="1.063" /><testcase classname="tests.unit.test_entity_coverage" name="test_person_false_positives[Januar]" time="1.386" /><testcase classname="tests.unit.test_entity_coverage" name="test_person_false_positives[Februar]" time="1.027" /><testcase classname="tests.unit.test_entity_coverage" name="test_person_false_positives[M\xe4rz]" time="1.037" /><testcase classname="tests.unit.test_entity_coverage" name="test_person_false_positives[April1]" time="1.031" /><testcase classname="tests.unit.test_entity_coverage" name="test_person_false_positives[Mai]" time="1.046" /><testcase classname="tests.unit.test_entity_coverage" name="test_person_false_positives[Juni]" time="1.396" /><testcase classname="tests.unit.test_entity_coverage" name="test_person_false_positives[Juli]" time="1.022" /><testcase classname="tests.unit.test_entity_coverage" name="test_person_false_positives[August]" time="1.027" /><testcase classname="tests.unit.test_entity_coverage" name="test_person_false_positives[September]" time="1.019" /><testcase classname="tests.unit.test_entity_coverage" name="test_person_false_positives[Oktober]" time="1.042" /><testcase classname="tests.unit.test_entity_coverage" name="test_person_false_positives[November]" time="1.357" /><testcase classname="tests.unit.test_entity_coverage" name="test_person_false_positives[Dezember]" time="1.009" /><testcase classname="tests.unit.test_entity_coverage" name="test_person_false_positives[Montag]" time="1.036" /><testcase classname="tests.unit.test_entity_coverage" name="test_person_false_positives[Dienstag]" time="1.016" /><testcase classname="tests.unit.test_entity_coverage" name="test_person_false_positives[Mittwoch]" time="1.021" /><testcase classname="tests.unit.test_entity_coverage" name="test_person_false_positives[Donnerstag]" time="1.356" /><testcase classname="tests.unit.test_entity_coverage" name="test_person_false_positives[Freitag]" time="1.023" /><testcase classname="tests.unit.test_entity_coverage" name="test_person_false_positives[Samstag]" time="1.009" /><testcase classname="tests.unit.test_entity_coverage" name="test_person_false_positives[Sonntag]" time="1.013" /><testcase classname="tests.unit.test_entity_coverage" name="test_person_false_positives[Stra\xdfe]" time="1.016" /><testcase classname="tests.unit.test_entity_coverage" name="test_person_false_positives[Avenue1]" time="1.351" /><testcase classname="tests.unit.test_entity_coverage" name="test_person_false_positives[Weg]" time="1.016" /><testcase classname="tests.unit.test_entity_coverage" name="test_person_false_positives[Boulevard1]" time="1.019" /><testcase classname="tests.unit.test_entity_coverage" name="test_person_false_positives[Park1]" time="1.011" /><testcase classname="tests.unit.test_entity_coverage" name="test_person_false_positives[See]" time="1.019" /><testcase classname="tests.unit.test_entity_coverage" name="test_person_false_positives[Fluss]" time="1.370" /><testcase classname="tests.unit.test_entity_coverage" name="test_person_false_positives[Berg]" time="1.095" /><testcase classname="tests.unit.test_entity_coverage" name="test_person_false_positives[Firma]" time="1.083" /><testcase classname="tests.unit.test_entity_coverage" name="test_person_false_positives[Korporation]" time="1.084" /><testcase classname="tests.unit.test_entity_coverage" name="test_person_false_positives[Universit\xe4t]" time="1.058" /><testcase classname="tests.unit.test_entity_coverage" name="test_person_false_positives[Schule]" time="1.400" /><testcase classname="tests.unit.test_entity_coverage" name="test_person_false_positives[Krankenhaus]" time="1.057" /><testcase classname="tests.unit.test_entity_coverage" name="test_person_false_positives[Bank1]" time="1.056" /><testcase classname="tests.unit.test_entity_coverage" name="test_person_false_positives[Bibliothek]" time="1.053" /><testcase classname="tests.unit.test_entity_coverage" name="test_person_false_positives[Flughafen]" time="1.058" /><testcase classname="tests.unit.test_entity_coverage" name="test_person_false_positives[Bahnhof]" time="1.398" /><testcase classname="tests.unit.test_entity_coverage" name="test_person_false_positives[Zentrum]" time="1.058" /><testcase classname="tests.unit.test_entity_coverage" name="test_person_false_positives[Geb\xe4ude]" time="1.033" /><testcase classname="tests.unit.test_entity_coverage" name="test_person_false_positives[B\xfcro]" time="1.034" /><testcase classname="tests.unit.test_entity_coverage" name="test_person_false_positives[Abteilung]" time="1.057" /><testcase classname="tests.unit.test_entity_coverage" name="test_person_false_positives[Dienst]" time="1.399" /><testcase classname="tests.unit.test_entity_coverage" name="test_person_false_positives[System1]" time="1.057" /><testcase classname="tests.unit.test_entity_coverage" name="test_person_false_positives[Programm]" time="1.065" /><testcase classname="tests.unit.test_entity_coverage" name="test_person_false_positives[Projekt]" time="1.055" /><testcase classname="tests.unit.test_entity_coverage" name="test_person_false_positives[Bericht]" time="1.079" /><testcase classname="tests.unit.test_entity_coverage" name="test_person_false_positives[Dokument]" time="1.427" /><testcase classname="tests.unit.test_entity_coverage" name="test_person_false_positives[Datei]" time="1.095" /><testcase classname="tests.unit.test_entity_coverage" name="test_person_false_positives[Daten]" time="1.102" /><testcase classname="tests.unit.test_entity_coverage" name="test_person_false_positives[Information1]" time="1.073" /><testcase classname="tests.unit.test_entity_coverage" name="test_person_false_positives[Anfrage]" time="1.121" /><testcase classname="tests.unit.test_entity_coverage" name="test_person_false_positives[Anwendung]" time="1.500" /><testcase classname="tests.unit.test_entity_coverage" name="test_person_false_positives[Formular]" time="1.105" /><testcase classname="tests.unit.test_entity_coverage" name="test_person_false_positives[Prozess]" time="1.093" /><testcase classname="tests.unit.test_entity_coverage" name="test_person_false_positives[Status1]" time="1.050" /><testcase classname="tests.unit.test_entity_coverage" name="test_person_false_positives[Aktualisierung]" time="1.040" /><testcase classname="tests.unit.test_entity_coverage" name="test_person_false_positives[\xc4nderung]" time="1.378" /><testcase classname="tests.unit.test_entity_coverage" name="test_person_false_positives[Hilfe]" time="1.117" /><testcase classname="tests.unit.test_entity_coverage" name="test_person_false_positives[Unterst\xfctzung]" time="1.093" /><testcase classname="tests.unit.test_entity_coverage" name="test_person_false_positives[Kontakt]" time="1.095" /><testcase classname="tests.unit.test_entity_coverage" name="test_person_false_positives[Frage]" time="1.064" /><testcase classname="tests.unit.test_entity_coverage" name="test_person_false_positives[Antwort]" time="1.344" /><testcase classname="tests.unit.test_entity_coverage" name="test_person_false_positives[Problem1]" time="1.029" /><testcase classname="tests.unit.test_entity_coverage" name="test_person_false_positives[L\xf6sung]" time="1.051" /><testcase classname="tests.unit.test_entity_coverage" name="test_person_false_positives[Danke]" time="1.028" /><testcase classname="tests.unit.test_entity_coverage" name="test_person_false_positives[Bitte]" time="1.052" /><testcase classname="tests.unit.test_entity_coverage" name="test_person_false_positives[Hallo]" time="1.446" /><testcase classname="tests.unit.test_entity_coverage" name="test_person_false_positives[Auf Wiedersehen]" time="1.084" /><testcase classname="tests.unit.test_entity_coverage" name="test_person_false_positives[Ja]" time="1.032" /><testcase classname="tests.unit.test_entity_coverage" name="test_person_false_positives[Nein]" time="1.025" /><testcase classname="tests.unit.test_entity_coverage" name="test_person_false_positives[Okay1]" time="1.080" /><testcase classname="tests.unit.test_entity_coverage" name="test_person_false_positives[Vielleicht]" time="1.369" /><testcase classname="tests.unit.test_entity_coverage" name="test_person_false_positives[Entschuldigung]" time="1.050" /><testcase classname="tests.unit.test_entity_coverage" name="test_person_false_positives[Entschuldigen Sie]" time="1.080" /><testcase classname="tests.unit.test_entity_coverage" name="test_person_false_positives[Ich brauche]" time="1.082" /><testcase classname="tests.unit.test_entity_coverage" name="test_person_false_positives[Ich m\xf6chte]" time="1.084" /><testcase classname="tests.unit.test_entity_coverage" name="test_person_false_positives[K\xf6nnen Sie]" time="1.426" /><testcase classname="tests.unit.test_entity_coverage" name="test_person_false_positives[Wie mache ich]" time="1.048" /><testcase classname="tests.unit.test_entity_coverage" name="test_person_false_positives[Was ist]" time="1.040" /><testcase classname="tests.unit.test_entity_coverage" name="test_person_false_positives[Wo ist]" time="1.034" /><testcase classname="tests.unit.test_entity_coverage" name="test_person_false_positives[Wann ist]" time="1.031" /><testcase classname="tests.unit.test_entity_coverage" name="test_person_false_positives[Warum ist]" time="1.357" /><testcase classname="tests.unit.test_entity_coverage" name="test_person_false_positives[Wer ist]" time="1.019" /><testcase classname="tests.unit.test_entity_coverage" name="test_person_false_positives[Welcher]" time="1.028" /><testcase classname="tests.unit.test_entity_coverage" name="test_person_false_positives[Das]" time="1.025" /><testcase classname="tests.unit.test_entity_coverage" name="test_person_false_positives[Dies]" time="1.050" /><testcase classname="tests.unit.test_entity_coverage" name="test_person_false_positives[Hier]" time="1.394" /><testcase classname="tests.unit.test_entity_coverage" name="test_person_false_positives[Dort]" time="1.032" /><testcase classname="tests.unit.test_entity_coverage" name="test_person_false_positives[Jetzt]" time="1.028" /><testcase classname="tests.unit.test_entity_coverage" name="test_person_false_positives[Dann0]" time="1.027" /><testcase classname="tests.unit.test_entity_coverage" name="test_person_false_positives[Heute]" time="1.030" /><testcase classname="tests.unit.test_entity_coverage" name="test_person_false_positives[Morgen0]" time="1.352" /><testcase classname="tests.unit.test_entity_coverage" name="test_person_false_positives[Gestern]" time="1.028" /><testcase classname="tests.unit.test_entity_coverage" name="test_person_false_positives[Morgen1]" time="1.071" /><testcase classname="tests.unit.test_entity_coverage" name="test_person_false_positives[Nachmittag]" time="1.043" /><testcase classname="tests.unit.test_entity_coverage" name="test_person_false_positives[Abend]" time="1.033" /><testcase classname="tests.unit.test_entity_coverage" name="test_person_false_positives[Nacht]" time="1.380" /><testcase classname="tests.unit.test_entity_coverage" name="test_person_false_positives[Fr\xfch]" time="1.046" /><testcase classname="tests.unit.test_entity_coverage" name="test_person_false_positives[Sp\xe4t]" time="1.051" /><testcase classname="tests.unit.test_entity_coverage" name="test_person_false_positives[Schnell]" time="1.064" /><testcase classname="tests.unit.test_entity_coverage" name="test_person_false_positives[Langsam]" time="1.059" /><testcase classname="tests.unit.test_entity_coverage" name="test_person_false_positives[Gut]" time="1.392" /><testcase classname="tests.unit.test_entity_coverage" name="test_person_false_positives[Schlecht]" time="1.053" /><testcase classname="tests.unit.test_entity_coverage" name="test_person_false_positives[Gro\xdf]" time="1.054" /><testcase classname="tests.unit.test_entity_coverage" name="test_person_false_positives[Klein]" time="1.065" /><testcase classname="tests.unit.test_entity_coverage" name="test_person_false_positives[Neu]" time="1.043" /><testcase classname="tests.unit.test_entity_coverage" name="test_person_false_positives[Alt]" time="1.419" /><testcase classname="tests.unit.test_entity_coverage" name="test_person_false_positives[Hei\xdf]" time="1.090" /><testcase classname="tests.unit.test_entity_coverage" name="test_person_false_positives[Kalt]" time="0.881" /><testcase classname="tests.unit.test_entity_coverage" name="test_person_false_positives[Hoch0]" time="0.881" /><testcase classname="tests.unit.test_entity_coverage" name="test_person_false_positives[Niedrig]" time="0.937" /><testcase classname="tests.unit.test_entity_coverage" name="test_person_false_positives[Rechts]" time="1.104" /><testcase classname="tests.unit.test_entity_coverage" name="test_person_false_positives[Links]" time="0.814" /><testcase classname="tests.unit.test_entity_coverage" name="test_person_false_positives[Hoch1]" time="0.787" /><testcase classname="tests.unit.test_entity_coverage" name="test_person_false_positives[Runter]" time="0.793" /><testcase classname="tests.unit.test_entity_coverage" name="test_person_false_positives[In1]" time="0.790" /><testcase classname="tests.unit.test_entity_coverage" name="test_person_false_positives[Aus0]" time="1.029" /><testcase classname="tests.unit.test_entity_coverage" name="test_person_false_positives[Auf0]" time="0.794" /><testcase classname="tests.unit.test_entity_coverage" name="test_person_false_positives[Aus1]" time="0.799" /><testcase classname="tests.unit.test_entity_coverage" name="test_person_false_positives[Bei]" time="0.780" /><testcase classname="tests.unit.test_entity_coverage" name="test_person_false_positives[Von0]" time="0.791" /><testcase classname="tests.unit.test_entity_coverage" name="test_person_false_positives[F\xfcr]" time="1.099" /><testcase classname="tests.unit.test_entity_coverage" name="test_person_false_positives[Mit0]" time="0.833" /><testcase classname="tests.unit.test_entity_coverage" name="test_person_false_positives[Aus2]" time="0.834" /><testcase classname="tests.unit.test_entity_coverage" name="test_person_false_positives[Zu0]" time="0.812" /><testcase classname="tests.unit.test_entity_coverage" name="test_person_false_positives[Von1]" time="0.823" /><testcase classname="tests.unit.test_entity_coverage" name="test_person_false_positives[Als]" time="1.106" /><testcase classname="tests.unit.test_entity_coverage" name="test_person_false_positives[Und]" time="0.834" /><testcase classname="tests.unit.test_entity_coverage" name="test_person_false_positives[Oder]" time="0.827" /><testcase classname="tests.unit.test_entity_coverage" name="test_person_false_positives[Aber]" time="0.834" /><testcase classname="tests.unit.test_entity_coverage" name="test_person_false_positives[Wenn]" time="0.818" /><testcase classname="tests.unit.test_entity_coverage" name="test_person_false_positives[Dann1]" time="1.059" /><testcase classname="tests.unit.test_entity_coverage" name="test_person_false_positives[Weil]" time="0.799" /><testcase classname="tests.unit.test_entity_coverage" name="test_person_false_positives[Also]" time="0.810" /><testcase classname="tests.unit.test_entity_coverage" name="test_person_false_positives[Obwohl]" time="0.803" /><testcase classname="tests.unit.test_entity_coverage" name="test_person_false_positives[W\xe4hrend0]" time="0.773" /><testcase classname="tests.unit.test_entity_coverage" name="test_person_false_positives[Seit0]" time="1.027" /><testcase classname="tests.unit.test_entity_coverage" name="test_person_false_positives[Bis0]" time="0.790" /><testcase classname="tests.unit.test_entity_coverage" name="test_person_false_positives[Vor]" time="0.791" /><testcase classname="tests.unit.test_entity_coverage" name="test_person_false_positives[Nach]" time="0.805" /><testcase classname="tests.unit.test_entity_coverage" name="test_person_false_positives[W\xe4hrend1]" time="0.802" /><testcase classname="tests.unit.test_entity_coverage" name="test_person_false_positives[Durch0]" time="1.048" /><testcase classname="tests.unit.test_entity_coverage" name="test_person_false_positives[\xdcber0]" time="0.812" /><testcase classname="tests.unit.test_entity_coverage" name="test_person_false_positives[Unter0]" time="0.787" /><testcase classname="tests.unit.test_entity_coverage" name="test_person_false_positives[\xdcber1]" time="0.786" /><testcase classname="tests.unit.test_entity_coverage" name="test_person_false_positives[Unter1]" time="0.773" /><testcase classname="tests.unit.test_entity_coverage" name="test_person_false_positives[Zwischen]" time="1.031" /><testcase classname="tests.unit.test_entity_coverage" name="test_person_false_positives[Unter2]" time="0.788" /><testcase classname="tests.unit.test_entity_coverage" name="test_person_false_positives[Innerhalb0]" time="0.770" /><testcase classname="tests.unit.test_entity_coverage" name="test_person_false_positives[Ohne0]" time="0.781" /><testcase classname="tests.unit.test_entity_coverage" name="test_person_false_positives[Gegen]" time="0.811" /><testcase classname="tests.unit.test_entity_coverage" name="test_person_false_positives[Zu1]" time="1.069" /><testcase classname="tests.unit.test_entity_coverage" name="test_person_false_positives[In2]" time="0.772" /><testcase classname="tests.unit.test_entity_coverage" name="test_person_false_positives[Auf1]" time="0.764" /><testcase classname="tests.unit.test_entity_coverage" name="test_person_false_positives[Auf2]" time="0.768" /><testcase classname="tests.unit.test_entity_coverage" name="test_person_false_positives[\xdcber2]" time="0.792" /><testcase classname="tests.unit.test_entity_coverage" name="test_person_false_positives[\xdcber3]" time="1.020" /><testcase classname="tests.unit.test_entity_coverage" name="test_person_false_positives[Entlang]" time="0.771" /><testcase classname="tests.unit.test_entity_coverage" name="test_person_false_positives[Um]" time="0.783" /><testcase classname="tests.unit.test_entity_coverage" name="test_person_false_positives[Hinter]" time="0.778" /><testcase classname="tests.unit.test_entity_coverage" name="test_person_false_positives[Neben]" time="0.804" /><testcase classname="tests.unit.test_entity_coverage" name="test_person_false_positives[Au\xdfer]" time="1.056" /><testcase classname="tests.unit.test_entity_coverage" name="test_person_false_positives[Nah]" time="0.768" /><testcase classname="tests.unit.test_entity_coverage" name="test_person_false_positives[N\xe4chste]" time="0.765" /><testcase classname="tests.unit.test_entity_coverage" name="test_person_false_positives[Vorbei]" time="0.755" /><testcase classname="tests.unit.test_entity_coverage" name="test_person_false_positives[Rund]" time="0.789" /><testcase classname="tests.unit.test_entity_coverage" name="test_person_false_positives[Seit1]" time="1.014" /><testcase classname="tests.unit.test_entity_coverage" name="test_person_false_positives[Durch1]" time="0.789" /><testcase classname="tests.unit.test_entity_coverage" name="test_person_false_positives[\xdcberall]" time="0.788" /><testcase classname="tests.unit.test_entity_coverage" name="test_person_false_positives[Bis1]" time="0.788" /><testcase classname="tests.unit.test_entity_coverage" name="test_person_false_positives[Zu2]" time="0.794" /><testcase classname="tests.unit.test_entity_coverage" name="test_person_false_positives[Unter3]" time="1.032" /><testcase classname="tests.unit.test_entity_coverage" name="test_person_false_positives[Bis2]" time="0.783" /><testcase classname="tests.unit.test_entity_coverage" name="test_person_false_positives[Zu3]" time="0.772" /><testcase classname="tests.unit.test_entity_coverage" name="test_person_false_positives[Auf3]" time="0.773" /><testcase classname="tests.unit.test_entity_coverage" name="test_person_false_positives[Mit1]" time="0.801" /><testcase classname="tests.unit.test_entity_coverage" name="test_person_false_positives[Innerhalb1]" time="1.039" /><testcase classname="tests.unit.test_entity_coverage" name="test_person_false_positives[Ohne1]" time="0.807" /><testcase classname="tests.unit.test_entity_coverage" name="test_person_false_positives[Hallo, wie geht es dir?]" time="0.777" /><testcase classname="tests.unit.test_entity_coverage" name="test_person_false_positives[Ich brauche Hilfe.]" time="0.789" /><testcase classname="tests.unit.test_entity_coverage" name="test_person_false_positives[Was kann ich f\xfcr Sie tun?]" time="0.778" /><testcase classname="tests.unit.test_entity_coverage" name="test_person_false_positives[Danke f\xfcr die Information.]" time="1.022" /><testcase classname="tests.unit.test_entity_coverage" name="test_person_false_positives[Das ist toll.]" time="0.774" /><testcase classname="tests.unit.test_entity_coverage" name="test_person_false_positives[Entschuldigung, ich verstehe nicht.]" time="0.782" /><testcase classname="tests.unit.test_entity_coverage" name="test_person_false_positives[K\xf6nnen Sie mir helfen?]" time="0.789" /><testcase classname="tests.unit.test_entity_coverage" name="test_person_false_positives[Ja, das klingt gut.]" time="0.799" /><testcase classname="tests.unit.test_entity_coverage" name="test_person_false_positives[Nein, das passt nicht.]" time="1.027" /><testcase classname="tests.unit.test_entity_coverage" name="test_person_false_positives[Vielen Dank.]" time="0.792" /><testcase classname="tests.unit.test_entity_coverage" name="test_person_false_positives[Auf Wiedersehen.]" time="0.778" /><testcase classname="tests.unit.test_entity_coverage" name="test_person_false_positives[Wie kann ich Ihnen helfen?]" time="0.763" /><testcase classname="tests.unit.test_entity_coverage" name="test_person_false_positives[Ich habe eine Frage.]" time="0.779" /><testcase classname="tests.unit.test_entity_coverage" name="test_person_false_positives[Das ist sehr nett.]" time="1.027" /><testcase classname="tests.unit.test_entity_coverage" name="test_person_false_positives[Guten Tag.]" time="0.791" /><testcase classname="tests.unit.test_entity_coverage" name="test_person_false_positives[Guten Abend.]" time="0.814" /><testcase classname="tests.unit.test_entity_coverage" name="test_person_false_positives[Gute Nacht.]" time="0.785" /><testcase classname="tests.unit.test_entity_coverage" name="test_person_false_positives[Wie bitte?]" time="0.786" /><testcase classname="tests.unit.test_entity_coverage" name="test_person_false_positives[Entschuldigen Sie die St\xf6rung.]" time="1.098" /><testcase classname="tests.unit.test_entity_coverage" name="test_person_false_positives[Ich bin besch\xe4ftigt.]" time="0.780" /><testcase classname="tests.unit.test_entity_coverage" name="test_person_false_positives[Das macht nichts.]" time="0.773" /><testcase classname="tests.unit.test_entity_coverage" name="test_person_false_positives[Kein Problem.]" time="0.759" /><testcase classname="tests.unit.test_entity_coverage" name="test_person_false_positives[Alles klar.]" time="0.782" /><testcase classname="tests.unit.test_entity_coverage" name="test_person_false_positives[Verstanden.]" time="1.011" /><testcase classname="tests.unit.test_entity_coverage" name="test_person_false_positives[Ich melde mich sp\xe4ter.]" time="0.755" /><testcase classname="tests.unit.test_entity_coverage" name="test_person_false_positives[Bis bald.]" time="0.768" /><testcase classname="tests.unit.test_entity_coverage" name="test_person_false_positives[Tsch\xfcss.]" time="0.752" /><testcase classname="tests.unit.test_entity_coverage" name="test_person_false_positives[Auf Wiederh\xf6ren.]" time="0.789" /><testcase classname="tests.unit.test_entity_coverage" name="test_address_false_positives[Main Street]" time="1.044" /><testcase classname="tests.unit.test_entity_coverage" name="test_address_false_positives[New York]" time="0.753" /><testcase classname="tests.unit.test_entity_coverage" name="test_address_false_positives[Berlin]" time="0.773" /><testcase classname="tests.unit.test_entity_coverage" name="test_address_false_positives[Paris]" time="0.753" /><testcase classname="tests.unit.test_entity_coverage" name="test_address_false_positives[The Empire State Building]" time="0.781" /><testcase classname="tests.unit.test_entity_coverage" name="test_address_false_positives[Via Roma]" time="1.069" /><testcase classname="tests.unit.test_entity_coverage" name="test_address_false_positives[Hauptstra\xdfe]" time="0.777" /><testcase classname="tests.unit.test_entity_coverage" name="test_address_false_positives[Rue de Rivoli]" time="0.774" /><testcase classname="tests.unit.test_entity_coverage" name="test_address_false_positives[I live on Main Street.]" time="0.769" /><testcase classname="tests.unit.test_entity_coverage" name="test_address_false_positives[My office is in New York.]" time="0.791" /><testcase classname="tests.unit.test_entity_coverage" name="test_address_false_positives[The meeting is at Hauptstra\xdfe.]" time="1.022" /><testcase classname="tests.unit.test_entity_coverage" name="test_address_false_positives[Visit us in Paris.]" time="0.774" /><testcase classname="tests.unit.test_entity_coverage" name="test_address_false_positives[Street address: Main Street]" time="0.771" /><testcase classname="tests.unit.test_entity_coverage" name="test_address_false_positives[City: New York]" time="0.770" /><testcase classname="tests.unit.test_entity_coverage" name="test_address_false_positives[Location: Berlin]" time="0.770" /><testcase classname="tests.unit.test_entity_coverage" name="test_address_false_positives[Address: Paris]" time="1.034" /><testcase classname="tests.unit.test_entity_coverage" name="test_address_false_positives[Building: Empire State]" time="0.760" /><testcase classname="tests.unit.test_entity_coverage" name="test_address_false_positives[Road: Via Roma]" time="0.756" /><testcase classname="tests.unit.test_entity_coverage" name="test_address_false_positives[Avenue: Hauptstra\xdfe]" time="0.763" /><testcase classname="tests.unit.test_entity_coverage" name="test_address_false_positives[Boulevard: Rue de Rivoli]" time="0.783" /><testcase classname="tests.unit.test_entity_coverage" name="test_address_false_positives[M\xfcritzsee]" time="1.023" /><testcase classname="tests.unit.test_entity_coverage" name="test_address_false_positives[Schwabental]" time="0.775" /><testcase classname="tests.unit.test_entity_coverage" name="test_address_false_positives[Anna Gasse]" time="0.765" /><testcase classname="tests.unit.test_entity_coverage" name="test_address_false_positives[Koordinaten: 52.5200, 13.4050]" time="0.756" /><testcase classname="tests.unit.test_entity_coverage" name="test_address_false_positives[Plus Code: 9C3W9QCJ+2V]" time="0.766" /><testcase classname="tests.unit.test_entity_coverage" name="test_address_false_positives[w3w: ///index.home.raft]" time="1.012" /><testcase classname="tests.unit.test_entity_coverage" name="test_address_false_positives[Kennzeichen: B-AB 1234]" time="0.763" /><testcase classname="tests.unit.test_entity_coverage" name="test_location_false_positives[Top 14]" time="0.759" /><testcase classname="tests.unit.test_entity_coverage" name="test_location_false_positives[Stiege 2]" time="0.748" /><testcase classname="tests.unit.test_entity_coverage" name="test_location_false_positives[Whg. 5]" time="0.761" /><testcase classname="tests.unit.test_entity_coverage" name="test_location_false_positives[2. Etage]" time="1.004" /><testcase classname="tests.unit.test_entity_coverage" name="test_location_false_positives[2. OG]" time="0.775" /></testsuite></testsuites>