<?xml version="1.0" encoding="utf-8"?><testsuites name="pytest tests"><testsuite name="pytest" errors="0" failures="0" skipped="0" tests="13" time="2.905" timestamp="2026-02-14T20:33:15.313963+01:00" hostname="SteffenXpert"><testcase classname="tests.unit.test_overlap_resolution" name="test_merge_address_and_location_into_single_address[Hauptstra\xdfe 5, 10115 Berlin]" time="1.575" /><testcase classname="tests.unit.test_overlap_resolution" name="test_merge_address_and_location_into_single_address[Calle Mayor 5, 28013 Madrid]" time="0.012" /><testcase classname="tests.unit.test_overlap_resolution" name="test_merge_address_and_location_into_single_address[Rue de la Paix 12 - 75008 Paris]" time="0.016" /><testcase classname="tests.unit.test_overlap_resolution" name="test_merge_address_and_location_into_single_address[Via Roma 10\n00144 Roma]" time="0.010" /><testcase classname="tests.unit.test_overlap_resolution" name="test_merge_address_location_when_adjacent_by_spaces[Hauptstra\xdfe 5 10115 Berlin]" time="0.006" /><testcase classname="tests.unit.test_overlap_resolution" name="test_merge_address_location_when_adjacent_by_spaces[Calle Mayor 5 28013 Madrid]" time="0.010" /><testcase classname="tests.unit.test_overlap_resolution" name="test_same_priority_longer_span_wins_passport_vs_id[EU passport: X1Y2Z3A4B]" time="0.010" /><testcase classname="tests.unit.test_overlap_resolution" name="test_same_priority_longer_span_wins_passport_vs_id[Passport: A12345678]" time="0.013" /><testcase classname="tests.unit.test_overlap_resolution" name="test_tax_label_removes_nearby_location_but_keeps_tax" time="0.008" /><testcase classname="tests.unit.test_overlap_resolution" name="test_location_kept_when_postal_and_no_labels_nearby[10115 Berlin]" time="0.008" /><testcase classname="tests.unit.test_overlap_resolution" name="test_location_kept_when_postal_and_no_labels_nearby[75008 Paris]" time="0.008" /><testcase classname="tests.unit.test_overlap_resolution" name="test_location_kept_when_postal_and_no_labels_nearby[28013 Madrid]" time="0.011" /><testcase classname="tests.unit.test_overlap_resolution" name="test_location_kept_when_postal_and_no_labels_nearby[00144 Roma]" time="0.006" /></testsuite></testsuites>