<?xml version="1.0" encoding="utf-8"?><testsuites name="pytest tests"><testsuite name="pytest" errors="0" failures="0" skipped="0" tests="66" time="143.790" timestamp="2026-02-16T16:51:42.634238+01:00" hostname="LAPTOP-4UQ2EECE"><testcase classname="tests.unit.test_person_address_de_en" name="test_person_intro_true_positives[Mein Name ist Anna M\xfcller]" time="2.940" /><testcase classname="tests.unit.test_person_address_de_en" name="test_person_intro_true_positives[Ich hei\xdfe Lukas Bauer]" time="2.054" /><testcase classname="tests.unit.test_person_address_de_en" name="test_person_intro_true_positives[My name is John Doe]" time="1.888" /><testcase classname="tests.unit.test_person_address_de_en" name="test_person_intro_true_positives[I am called Sarah Connor]" time="2.122" /><testcase classname="tests.unit.test_person_address_de_en" name="test_person_intro_true_positives[  Mein Name ist   Paul  Meier  ]" time="2.087" /><testcase classname="tests.unit.test_person_address_de_en" name="test_person_common_false_positives[Adresse: Hauptstra\xdfe]" time="1.906" /><testcase classname="tests.unit.test_person_address_de_en" name="test_person_common_false_positives[Stra\xdfe]" time="2.464" /><testcase classname="tests.unit.test_person_address_de_en" name="test_person_common_false_positives[Weg]" time="2.141" /><testcase classname="tests.unit.test_person_address_de_en" name="test_person_common_false_positives[Gasse]" time="2.127" /><testcase classname="tests.unit.test_person_address_de_en" name="test_person_common_false_positives[Allee]" time="1.993" /><testcase classname="tests.unit.test_person_address_de_en" name="test_person_common_false_positives[RECHNUNG]" time="1.859" /><testcase classname="tests.unit.test_person_address_de_en" name="test_person_common_false_positives[KUNDENNUMMER]" time="2.655" /><testcase classname="tests.unit.test_person_address_de_en" name="test_person_common_false_positives[am 12. M\xe4rz 1985]" time="1.989" /><testcase classname="tests.unit.test_person_address_de_en" name="test_person_common_false_positives[Meine Telefonnummer ist 030 123456]" time="2.202" /><testcase classname="tests.unit.test_person_address_de_en" name="test_person_common_false_positives[Hauptstra\xdfe 10]" time="2.049" /><testcase classname="tests.unit.test_person_address_de_en" name="test_person_common_false_positives[Ich bin in Berlin]" time="2.025" /><testcase classname="tests.unit.test_person_address_de_en" name="test_person_common_false_positives[Customer name: street]" time="2.663" /><testcase classname="tests.unit.test_person_address_de_en" name="test_overlap_intro_prefers_person" time="1.932" /><testcase classname="tests.unit.test_person_address_de_en" name="test_overlap_numeric_prefers_address" time="1.959" /><testcase classname="tests.unit.test_person_address_de_en" name="test_address_true_positives[Musterstra\xdfe 12, 10115 Berlin]" time="1.939" /><testcase classname="tests.unit.test_person_address_de_en" name="test_address_true_positives[Hauptstra\xdfe 5]" time="1.842" /><testcase classname="tests.unit.test_person_address_de_en" name="test_address_true_positives[Main Street 42, 12345 Sampletown]" time="2.372" /><testcase classname="tests.unit.test_person_address_de_en" name="test_address_true_positives[Goethestra\xdfe 10\n10115 Berlin]" time="2.141" /><testcase classname="tests.unit.test_person_address_de_en" name="test_address_true_positives[Lindenstr. 7 \u2013 80331 M\xfcnchen]" time="2.128" /><testcase classname="tests.unit.test_person_address_de_en" name="test_address_true_positives[Am Stadtpark 3, 20095 Hamburg]" time="2.001" /><testcase classname="tests.unit.test_person_address_de_en" name="test_address_common_false_positives[Stra\xdfe]" time="1.892" /><testcase classname="tests.unit.test_person_address_de_en" name="test_address_common_false_positives[Weg]" time="2.755" /><testcase classname="tests.unit.test_person_address_de_en" name="test_address_common_false_positives[Gasse]" time="2.046" /><testcase classname="tests.unit.test_person_address_de_en" name="test_address_common_false_positives[Allee]" time="1.931" /><testcase classname="tests.unit.test_person_address_de_en" name="test_address_common_false_positives[Berlin]" time="1.873" /><testcase classname="tests.unit.test_person_address_de_en" name="test_address_common_false_positives[M\xfcnchen]" time="1.839" /><testcase classname="tests.unit.test_person_address_de_en" name="test_address_common_false_positives[Hamburg]" time="2.397" /><testcase classname="tests.unit.test_person_address_de_en" name="test_address_common_false_positives[adresse: rue-victor@example.com]" time="1.929" /><testcase classname="tests.unit.test_person_address_de_en" name="test_address_common_false_positives[Adresse: https://example.com/Hauptstrasse]" time="2.462" /><testcase classname="tests.unit.test_person_address_de_en" name="test_postal_city_is_location_not_address[10115 Berlin]" time="2.731" /><testcase classname="tests.unit.test_person_address_de_en" name="test_postal_city_is_location_not_address[20095 Hamburg]" time="2.006" /><testcase classname="tests.unit.test_person_address_de_en" name="test_postal_city_is_location_not_address[80331 M\xfcnchen]" time="2.159" /><testcase classname="tests.unit.test_person_address_de_en" name="test_postal_city_is_location_not_address[12345 Sampletown]" time="2.414" /><testcase classname="tests.unit.test_person_address_de_en" name="test_address_location_merge_becomes_address[Hauptstra\xdfe 5, 80331 M\xfcnchen]" time="2.676" /><testcase classname="tests.unit.test_person_address_de_en" name="test_address_location_merge_becomes_address[Goethestra\xdfe 10\n10115 Berlin]" time="2.783" /><testcase classname="tests.unit.test_person_address_de_en" name="test_address_location_merge_becomes_address[Main Street 42 \u2014 12345 Sampletown]" time="1.966" /><testcase classname="tests.unit.test_person_address_de_en" name="test_natural_suffix_requires_number[Berg]" time="1.974" /><testcase classname="tests.unit.test_person_address_de_en" name="test_natural_suffix_requires_number[Wald]" time="1.997" /><testcase classname="tests.unit.test_person_address_de_en" name="test_natural_suffix_requires_number[Feld]" time="2.204" /><testcase classname="tests.unit.test_person_address_de_en" name="test_natural_suffix_requires_number[See]" time="2.825" /><testcase classname="tests.unit.test_person_address_de_en" name="test_natural_suffix_requires_number[Bach]" time="2.013" /><testcase classname="tests.unit.test_person_address_de_en" name="test_natural_suffix_requires_number[Am Berg]" time="1.937" /><testcase classname="tests.unit.test_person_address_de_en" name="test_natural_suffix_requires_number[Im Wald]" time="2.032" /><testcase classname="tests.unit.test_person_address_de_en" name="test_address_trim_and_no_bleed_into_labels[Hauptstra\xdfe 10\nEmail: someone@example.com]" time="2.031" /><testcase classname="tests.unit.test_person_address_de_en" name="test_address_trim_and_no_bleed_into_labels[Main Street 42, 12345 City\nTelefon: 030 123456]" time="2.760" /><testcase classname="tests.unit.test_person_address_de_en" name="test_person_single_token_needs_intro[Anna-False]" time="1.935" /><testcase classname="tests.unit.test_person_address_de_en" name="test_person_single_token_needs_intro[Mein Name ist Anna-True]" time="1.921" /><testcase classname="tests.unit.test_person_address_de_en" name="test_person_single_token_needs_intro[Ich bin Anna-True]" time="1.923" /><testcase classname="tests.unit.test_person_address_de_en" name="test_person_single_token_needs_intro[Ich bin in M\xfcnchen-False]" time="1.862" /><testcase classname="tests.unit.test_person_address_de_en" name="test_non_regression_other_entities[+49 30 1234567-PHONE_NUMBER]" time="2.437" /><testcase classname="tests.unit.test_person_address_de_en" name="test_non_regression_other_entities[I was born on March 15, 1985-DATE]" time="1.875" /><testcase classname="tests.unit.test_person_address_de_en" name="test_non_regression_other_entities[Meine Sozialversicherungsnummer ist 123-45-6789-ID_NUMBER]" time="1.884" /><testcase classname="tests.unit.test_person_address_de_en" name="test_non_regression_other_entities[Bearer eyJhbGciOiJIUzI1NiIsInR5cCI6IkpXVCJ9.token-ACCESS_TOKEN]" time="1.888" /><testcase classname="tests.unit.test_person_address_de_en" name="test_non_regression_other_entities[sk-proj-1234567890abcdefghijklmnop-API_KEY]" time="1.871" /><testcase classname="tests.unit.test_person_address_de_en" name="test_non_regression_other_entities[sk_live_abc123def456-API_KEY]" time="2.378" /><testcase classname="tests.unit.test_person_address_de_en" name="test_non_regression_other_entities[tok_abc123def456ghi789xyz-PAYMENT_TOKEN]" time="1.952" /><testcase classname="tests.unit.test_person_address_de_en" name="test_non_regression_other_entities[0x52908400098527886E0F7030069857D2E4169EE7-CRYPTO_ADDRESS]" time="1.919" /><testcase classname="tests.unit.test_person_address_de_en" name="test_non_regression_other_entities[AA:BB:CC:DD:EE:FF-MAC_ADDRESS]" time="1.917" /><testcase classname="tests.unit.test_person_address_de_en" name="test_non_regression_other_entities[192.168.1.10-IP_ADDRESS]" time="1.860" /><testcase classname="tests.unit.test_person_address_de_en" name="test_mixed_line_stress[Kunde: Anna M\xfcller, Adresse: Hauptstra\xdfe 5, 10115 Berlin]" time="2.478" /><testcase classname="tests.unit.test_person_address_de_en" name="test_mixed_line_stress[Customer: John Doe; Address: Main Street 42, 12345 Sampletown]" time="1.926" /></testsuite></testsuites>