<?xml version="1.0" encoding="utf-8"?><testsuites name="pytest tests"><testsuite name="pytest" errors="0" failures="0" skipped="0" tests="66" time="114.439" timestamp="2026-02-16T23:27:18.544641+01:00" hostname="LAPTOP-4UQ2EECE"><testcase classname="tests.unit.test_person_address_de_en" name="test_person_intro_true_positives[Mein Name ist Anna M\xfcller]" time="2.333" /><testcase classname="tests.unit.test_person_address_de_en" name="test_person_intro_true_positives[Ich hei\xdfe Lukas Bauer]" time="2.010" /><testcase classname="tests.unit.test_person_address_de_en" name="test_person_intro_true_positives[My name is John Doe]" time="1.664" /><testcase classname="tests.unit.test_person_address_de_en" name="test_person_intro_true_positives[I am called Sarah Connor]" time="1.560" /><testcase classname="tests.unit.test_person_address_de_en" name="test_person_intro_true_positives[  Mein Name ist   Paul  Meier  ]" time="1.562" /><testcase classname="tests.unit.test_person_address_de_en" name="test_person_common_false_positives[Adresse: Hauptstra\xdfe]" time="1.518" /><testcase classname="tests.unit.test_person_address_de_en" name="test_person_common_false_positives[Stra\xdfe]" time="2.209" /><testcase classname="tests.unit.test_person_address_de_en" name="test_person_common_false_positives[Weg]" time="1.463" /><testcase classname="tests.unit.test_person_address_de_en" name="test_person_common_false_positives[Gasse]" time="1.526" /><testcase classname="tests.unit.test_person_address_de_en" name="test_person_common_false_positives[Allee]" time="1.511" /><testcase classname="tests.unit.test_person_address_de_en" name="test_person_common_false_positives[RECHNUNG]" time="1.519" /><testcase classname="tests.unit.test_person_address_de_en" name="test_person_common_false_positives[KUNDENNUMMER]" time="2.306" /><testcase classname="tests.unit.test_person_address_de_en" name="test_person_common_false_positives[am 12. M\xe4rz 1985]" time="1.524" /><testcase classname="tests.unit.test_person_address_de_en" name="test_person_common_false_positives[Meine Telefonnummer ist 030 123456]" time="1.439" /><testcase classname="tests.unit.test_person_address_de_en" name="test_person_common_false_positives[Hauptstra\xdfe 10]" time="1.568" /><testcase classname="tests.unit.test_person_address_de_en" name="test_person_common_false_positives[Ich bin in Berlin]" time="1.546" /><testcase classname="tests.unit.test_person_address_de_en" name="test_person_common_false_positives[Customer name: street]" time="2.567" /><testcase classname="tests.unit.test_person_address_de_en" name="test_overlap_intro_prefers_person" time="1.656" /><testcase classname="tests.unit.test_person_address_de_en" name="test_overlap_numeric_prefers_address" time="1.560" /><testcase classname="tests.unit.test_person_address_de_en" name="test_address_true_positives[Musterstra\xdfe 12, 10115 Berlin]" time="1.485" /><testcase classname="tests.unit.test_person_address_de_en" name="test_address_true_positives[Hauptstra\xdfe 5]" time="1.557" /><testcase classname="tests.unit.test_person_address_de_en" name="test_address_true_positives[Main Street 42, 12345 Sampletown]" time="2.119" /><testcase classname="tests.unit.test_person_address_de_en" name="test_address_true_positives[Goethestra\xdfe 10\n10115 Berlin]" time="1.687" /><testcase classname="tests.unit.test_person_address_de_en" name="test_address_true_positives[Lindenstr. 7 \u2013 80331 M\xfcnchen]" time="1.578" /><testcase classname="tests.unit.test_person_address_de_en" name="test_address_true_positives[Am Stadtpark 3, 20095 Hamburg]" time="1.537" /><testcase classname="tests.unit.test_person_address_de_en" name="test_address_common_false_positives[Stra\xdfe]" time="1.457" /><testcase classname="tests.unit.test_person_address_de_en" name="test_address_common_false_positives[Weg]" time="2.050" /><testcase classname="tests.unit.test_person_address_de_en" name="test_address_common_false_positives[Gasse]" time="1.853" /><testcase classname="tests.unit.test_person_address_de_en" name="test_address_common_false_positives[Allee]" time="1.944" /><testcase classname="tests.unit.test_person_address_de_en" name="test_address_common_false_positives[Berlin]" time="1.540" /><testcase classname="tests.unit.test_person_address_de_en" name="test_address_common_false_positives[M\xfcnchen]" time="1.482" /><testcase classname="tests.unit.test_person_address_de_en" name="test_address_common_false_positives[Hamburg]" time="1.925" /><testcase classname="tests.unit.test_person_address_de_en" name="test_address_common_false_positives[adresse: rue-victor@example.com]" time="1.647" /><testcase classname="tests.unit.test_person_address_de_en" name="test_address_common_false_positives[Adresse: https://example.com/Hauptstrasse]" time="1.727" /><testcase classname="tests.unit.test_person_address_de_en" name="test_postal_city_is_location_not_address[10115 Berlin]" time="2.058" /><testcase classname="tests.unit.test_person_address_de_en" name="test_postal_city_is_location_not_address[20095 Hamburg]" time="1.538" /><testcase classname="tests.unit.test_person_address_de_en" name="test_postal_city_is_location_not_address[80331 M\xfcnchen]" time="1.446" /><testcase classname="tests.unit.test_person_address_de_en" name="test_postal_city_is_location_not_address[12345 Sampletown]" time="1.486" /><testcase classname="tests.unit.test_person_address_de_en" name="test_address_location_merge_becomes_address[Hauptstra\xdfe 5, 80331 M\xfcnchen]" time="1.640" /><testcase classname="tests.unit.test_person_address_de_en" name="test_address_location_merge_becomes_address[Goethestra\xdfe 10\n10115 Berlin]" time="2.631" /><testcase classname="tests.unit.test_person_address_de_en" name="test_address_location_merge_becomes_address[Main Street 42 \u2014 12345 Sampletown]" time="1.570" /><testcase classname="tests.unit.test_person_address_de_en" name="test_natural_suffix_requires_number[Berg]" time="1.438" /><testcase classname="tests.unit.test_person_address_de_en" name="test_natural_suffix_requires_number[Wald]" time="1.498" /><testcase classname="tests.unit.test_person_address_de_en" name="test_natural_suffix_requires_number[Feld]" time="1.560" /><testcase classname="tests.unit.test_person_address_de_en" name="test_natural_suffix_requires_number[See]" time="2.213" /><testcase classname="tests.unit.test_person_address_de_en" name="test_natural_suffix_requires_number[Bach]" time="1.492" /><testcase classname="tests.unit.test_person_address_de_en" name="test_natural_suffix_requires_number[Am Berg]" time="1.793" /><testcase classname="tests.unit.test_person_address_de_en" name="test_natural_suffix_requires_number[Im Wald]" time="1.557" /><testcase classname="tests.unit.test_person_address_de_en" name="test_address_trim_and_no_bleed_into_labels[Hauptstra\xdfe 10\nEmail: someone@example.com]" time="1.695" /><testcase classname="tests.unit.test_person_address_de_en" name="test_address_trim_and_no_bleed_into_labels[Main Street 42, 12345 City\nTelefon: 030 123456]" time="2.656" /><testcase classname="tests.unit.test_person_address_de_en" name="test_person_single_token_needs_intro[Anna-False]" time="1.801" /><testcase classname="tests.unit.test_person_address_de_en" name="test_person_single_token_needs_intro[Mein Name ist Anna-True]" time="1.639" /><testcase classname="tests.unit.test_person_address_de_en" name="test_person_single_token_needs_intro[Ich bin Anna-True]" time="1.529" /><testcase classname="tests.unit.test_person_address_de_en" name="test_person_single_token_needs_intro[Ich bin in M\xfcnchen-False]" time="1.424" /><testcase classname="tests.unit.test_person_address_de_en" name="test_non_regression_other_entities[+49 30 1234567-PHONE_NUMBER]" time="2.085" /><testcase classname="tests.unit.test_person_address_de_en" name="test_non_regression_other_entities[I was born on March 15, 1985-DATE]" time="1.541" /><testcase classname="tests.unit.test_person_address_de_en" name="test_non_regression_other_entities[Meine Sozialversicherungsnummer ist 123-45-6789-ID_NUMBER]" time="1.417" /><testcase classname="tests.unit.test_person_address_de_en" name="test_non_regression_other_entities[Bearer eyJhbGciOiJIUzI1NiIsInR5cCI6IkpXVCJ9.token-ACCESS_TOKEN]" time="1.383" /><testcase classname="tests.unit.test_person_address_de_en" name="test_non_regression_other_entities[sk-proj-1234567890abcdefghijklmnop-API_KEY]" time="1.417" /><testcase classname="tests.unit.test_person_address_de_en" name="test_non_regression_other_entities[sk_live_abc123def456-API_KEY]" time="1.815" /><testcase classname="tests.unit.test_person_address_de_en" name="test_non_regression_other_entities[tok_abc123def456ghi789xyz-PAYMENT_TOKEN]" time="1.462" /><testcase classname="tests.unit.test_person_address_de_en" name="test_non_regression_other_entities[0x52908400098527886E0F7030069857D2E4169EE7-CRYPTO_ADDRESS]" time="1.627" /><testcase classname="tests.unit.test_person_address_de_en" name="test_non_regression_other_entities[AA:BB:CC:DD:EE:FF-MAC_ADDRESS]" time="1.391" /><testcase classname="tests.unit.test_person_address_de_en" name="test_non_regression_other_entities[192.168.1.10-IP_ADDRESS]" time="1.455" /><testcase classname="tests.unit.test_person_address_de_en" name="test_mixed_line_stress[Kunde: Anna M\xfcller, Adresse: Hauptstra\xdfe 5, 10115 Berlin]" time="1.997" /><testcase classname="tests.unit.test_person_address_de_en" name="test_mixed_line_stress[Customer: John Doe; Address: Main Street 42, 12345 Sampletown]" time="1.483" /></testsuite></testsuites>