<?xml version="1.0" encoding="utf-8"?><testsuites name="pytest tests"><testsuite name="pytest" errors="0" failures="0" skipped="0" tests="12" time="1.877" timestamp="2026-02-12T14:05:27.801185+01:00" hostname="SteffenXpert"><testcase classname="tests.unit.test_validators" name="test_luhn_valid" time="1.162" /><testcase classname="tests.unit.test_validators" name="test_luhn_invalid" time="0.000" /><testcase classname="tests.unit.test_validators" name="test_iban_valid" time="0.000" /><testcase classname="tests.unit.test_validators" name="test_iban_invalid" time="0.000" /><testcase classname="tests.unit.test_validators" name="test_aba_valid" time="0.000" /><testcase classname="tests.unit.test_validators" name="test_aba_invalid" time="0.000" /><testcase classname="tests.unit.test_validators" name="test_imei_valid" time="0.000" /><testcase classname="tests.unit.test_validators" name="test_imei_invalid" time="0.000" /><testcase classname="tests.unit.test_validators" name="test_nhs_valid" time="0.000" /><testcase classname="tests.unit.test_validators" name="test_nhs_invalid" time="0.000" /><testcase classname="tests.unit.test_validators" name="test_geo_bounds_valid" time="0.000" /><testcase classname="tests.unit.test_validators" name="test_geo_bounds_invalid" time="0.000" /></testsuite></testsuites>