<?xml version="1.0" encoding="utf-8"?><testsuites name="pytest tests"><testsuite name="pytest" errors="0" failures="1" skipped="0" tests="30" time="67.551" timestamp="2026-02-16T16:56:45.916678+01:00" hostname="LAPTOP-4UQ2EECE"><testcase classname="tests.unit.test_tokens.TestSessionID" name="test_sessionid_labeled" time="2.955" /><testcase classname="tests.unit.test_tokens.TestSessionID" name="test_session_token_labeled" time="2.151" /><testcase classname="tests.unit.test_tokens.TestSessionID" name="test_session_id_labeled" time="2.046" /><testcase classname="tests.unit.test_tokens.TestSessionID" name="test_sid_labeled" time="1.898" /><testcase classname="tests.unit.test_tokens.TestAccessToken" name="test_access_token_labeled" time="2.156" /><testcase classname="tests.unit.test_tokens.TestAccessToken" name="test_bearer_token" time="2.033" /><testcase classname="tests.unit.test_tokens.TestAccessToken" name="test_token_labeled" time="2.912" /><testcase classname="tests.unit.test_tokens.TestRefreshToken" name="test_refresh_token_labeled" time="1.838" /><testcase classname="tests.unit.test_tokens.TestRefreshToken" name="test_refreshtoken_alt_format" time="2.003" /><testcase classname="tests.unit.test_tokens.TestAccessCode" name="test_access_code_format" time="2.181" /><testcase classname="tests.unit.test_tokens.TestAccessCode" name="test_auth_code_format" time="2.268" /><testcase classname="tests.unit.test_tokens.TestAccessCode" name="test_code_format" time="2.480" /><testcase classname="tests.unit.test_tokens.TestAccessCode" name="test_pin_code_format" time="1.964" /><testcase classname="tests.unit.test_tokens.TestOTPCode" name="test_otp_code_format" time="2.177" /><testcase classname="tests.unit.test_tokens.TestOTPCode" name="test_one_time_password_format" time="2.161"><failure message="AssertionError: assert '&lt;OTP_CODE&gt;' in 'one_time_&lt;PASSWORD&gt;'">self = &lt;unit.test_tokens.TestOTPCode object at 0x000001D26E4FF090&gt;
filter_instance = &lt;PII_filter.pii_filter.PIIFilter object at 0x000001D205DE1F50&gt;

    def test_one_time_password_format(self, filter_instance):
        """Test one-time password format."""
        text = "one_time_password=987654"
        result = filter_instance.anonymize_text(text)
&gt;       assert "&lt;OTP_CODE&gt;" in result
E       AssertionError: assert '&lt;OTP_CODE&gt;' in 'one_time_&lt;PASSWORD&gt;'

tests\unit\test_tokens.py:123: AssertionError</failure></testcase><testcase classname="tests.unit.test_tokens.TestOTPCode" name="test_2fa_code_format" time="2.076" /><testcase classname="tests.unit.test_tokens.TestOTPCode" name="test_two_factor_code_format" time="2.883" /><testcase classname="tests.unit.test_tokens.TestOTPCode" name="test_verification_code_format" time="1.959" /><testcase classname="tests.unit.test_tokens.TestOTPCode" name="test_mfa_code_format" time="1.916" /><testcase classname="tests.unit.test_tokens.TestMultipleTokens" name="test_multiple_different_tokens" time="1.921" /><testcase classname="tests.unit.test_tokens.TestMultipleTokens" name="test_session_and_access_tokens" time="1.834" /><testcase classname="tests.unit.test_tokens.TestTokenContextAndFormat" name="test_token_with_spaces" time="2.413" /><testcase classname="tests.unit.test_tokens.TestTokenContextAndFormat" name="test_token_case_insensitive" time="1.918" /><testcase classname="tests.unit.test_tokens.TestTokenContextAndFormat" name="test_token_in_json" time="1.992" /><testcase classname="tests.unit.test_tokens.TestTokenContextAndFormat" name="test_token_in_url_query" time="2.009" /><testcase classname="tests.unit.test_tokens.TestTokenContextAndFormat" name="test_otp_with_hyphens" time="2.000" /><testcase classname="tests.unit.test_tokens.TestTokenFalsePositives" name="test_generic_code_not_flagged_without_label" time="2.563" /><testcase classname="tests.unit.test_tokens.TestTokenFalsePositives" name="test_pin_in_normal_context" time="2.023" /><testcase classname="tests.unit.test_tokens.TestTokenFalsePositives" name="test_session_in_document" time="2.023" /><testcase classname="tests.unit.test_tokens.TestTokenFalsePositives" name="test_bearer_in_normal_text" time="2.026" /></testsuite></testsuites>