<?xml version="1.0" encoding="utf-8"?><testsuites name="pytest tests"><testsuite name="pytest" errors="0" failures="0" skipped="0" tests="12" time="4.323" timestamp="2026-02-13T18:05:48.396006+01:00" hostname="LAPTOP-4UQ2EECE"><testcase classname="tests.unit.test_guards" name="test_guard_natural_suffix_requires_number_on_drops" time="2.244" /><testcase classname="tests.unit.test_guards" name="test_guard_natural_suffix_requires_number_off_keeps" time="0.025" /><testcase classname="tests.unit.test_guards" name="test_guard_requires_context_without_number_drops_without_keyword" time="0.018" /><testcase classname="tests.unit.test_guards" name="test_guard_requires_context_without_number_kept_with_keyword" time="0.011" /><testcase classname="tests.unit.test_guards" name="test_guard_requires_context_without_number_off_kept" time="0.017" /><testcase classname="tests.unit.test_guards" name="test_guard_single_token_addresses_on_drops" time="0.012" /><testcase classname="tests.unit.test_guards" name="test_guard_single_token_addresses_off_keeps" time="0.009" /><testcase classname="tests.unit.test_guards" name="test_location_dropped_when_followed_by_tax_label" time="0.012" /><testcase classname="tests.unit.test_guards" name="test_location_dropped_when_preceded_by_id_label" time="0.011" /><testcase classname="tests.unit.test_guards" name="test_demote_phone_overlapping_with_date" time="0.012" /><testcase classname="tests.unit.test_guards" name="test_promote_meeting_over_phone" time="0.010" /><testcase classname="tests.unit.test_guards" name="test_trim_address_span_at_newline_or_label" time="0.128" /></testsuite></testsuites>